[2022-04-05T22:00:48.195] [TRACE] cheese - Response {
  _events: [Object: null prototype] {},
  _eventsCount: 0,
  _maxListeners: undefined,
  res: IncomingMessage {
    _readableState: ReadableState {
      objectMode: false,
      highWaterMark: 16384,
      buffer: BufferList { head: null, tail: null, length: 0 },
      length: 0,
      pipes: null,
      pipesCount: 0,
      flowing: false,
      ended: true,
      endEmitted: true,
      reading: false,
      sync: true,
      needReadable: false,
      emittedReadable: false,
      readableListening: false,
      resumeScheduled: false,
      paused: false,
      emitClose: true,
      autoDestroy: false,
      destroyed: false,
      defaultEncoding: 'utf8',
      awaitDrain: 0,
      readingMore: true,
      decoder: null,
      encoding: null
    },
    readable: false,
    _events: [Object: null prototype] {
      end: [Function: responseOnEnd],
      error: [Array],
      close: [Function: bound emit]
    },
    _eventsCount: 3,
    _maxListeners: undefined,
    socket: TLSSocket {
      _tlsOptions: [Object],
      _secureEstablished: true,
      _securePending: false,
      _newSessionPending: false,
      _controlReleased: true,
      _SNICallback: null,
      servername: 'qa-login.greatplacetowork.com',
      alpnProtocol: false,
      authorized: true,
      authorizationError: null,
      encrypted: true,
      _events: [Object: null prototype],
      _eventsCount: 8,
      connecting: false,
      _hadError: false,
      _parent: null,
      _host: 'qa-login.greatplacetowork.com',
      _readableState: [ReadableState],
      readable: false,
      _maxListeners: undefined,
      _writableState: [WritableState],
      writable: false,
      allowHalfOpen: false,
      _sockname: null,
      _pendingData: null,
      _pendingEncoding: '',
      server: undefined,
      _server: null,
      ssl: null,
      _requestCert: true,
      _rejectUnauthorized: true,
      parser: null,
      _httpMessage: [ClientRequest],
      [Symbol(res)]: null,
      [Symbol(asyncId)]: 151,
      [Symbol(kHandle)]: null,
      [Symbol(lastWriteQueueSize)]: 0,
      [Symbol(timeout)]: null,
      [Symbol(kBuffer)]: null,
      [Symbol(kBufferCb)]: null,
      [Symbol(kBufferGen)]: null,
      [Symbol(kBytesRead)]: 3034,
      [Symbol(kBytesWritten)]: 405,
      [Symbol(connect-options)]: [Object]
    },
    connection: TLSSocket {
      _tlsOptions: [Object],
      _secureEstablished: true,
      _securePending: false,
      _newSessionPending: false,
      _controlReleased: true,
      _SNICallback: null,
      servername: 'qa-login.greatplacetowork.com',
      alpnProtocol: false,
      authorized: true,
      authorizationError: null,
      encrypted: true,
      _events: [Object: null prototype],
      _eventsCount: 8,
      connecting: false,
      _hadError: false,
      _parent: null,
      _host: 'qa-login.greatplacetowork.com',
      _readableState: [ReadableState],
      readable: false,
      _maxListeners: undefined,
      _writableState: [WritableState],
      writable: false,
      allowHalfOpen: false,
      _sockname: null,
      _pendingData: null,
      _pendingEncoding: '',
      server: undefined,
      _server: null,
      ssl: null,
      _requestCert: true,
      _rejectUnauthorized: true,
      parser: null,
      _httpMessage: [ClientRequest],
      [Symbol(res)]: null,
      [Symbol(asyncId)]: 151,
      [Symbol(kHandle)]: null,
      [Symbol(lastWriteQueueSize)]: 0,
      [Symbol(timeout)]: null,
      [Symbol(kBuffer)]: null,
      [Symbol(kBufferCb)]: null,
      [Symbol(kBufferGen)]: null,
      [Symbol(kBytesRead)]: 3034,
      [Symbol(kBytesWritten)]: 405,
      [Symbol(connect-options)]: [Object]
    },
    httpVersionMajor: 1,
    httpVersionMinor: 1,
    httpVersion: '1.1',
    complete: true,
    headers: {
      date: 'Tue, 05 Apr 2022 20:00:48 GMT',
      'content-type': 'application/json; charset=utf-8',
      'content-length': '1194',
      connection: 'close',
      server: 'Microsoft-IIS/10.0',
      'cache-control': 'no-store, no-cache, max-age=0',
      'content-encoding': 'gzip',
      pragma: 'no-cache',
      'set-cookie': [Array],
      vary: 'Accept-Encoding',
      'request-context': 'appId=cid-v1:6788e55e-64df-42a4-86a4-3a2a15af6257',
      'x-powered-by': 'ASP.NET',
      'strict-transport-security': 'max-age=63072000; includeSubDomains; preload',
      'x-content-type-options': 'nosniff',
      'content-security-policy': "default-src 'none';base-uri https://*.greatplacetowork.com https://*.emprising.com; connect-src 'self' https://dc.services.visualstudio.com wss://*.greatplacetowork.com wss://*.emprising.com https://*.greatplacetowork.com https://*.emprising.com;script-src 'self' 'unsafe-inline' https://platform.twitter.com/widgets.js https://ajax.aspnetcdn.com https://*.vo.msecnd.net https://*.greatplacetowork.com https://*.emprising.com 'report-sample'; img-src 'self'; style-src 'self' 'unsafe-inline' https://fonts.googleapis.com https://ajax.aspnetcdn.com https://*.greatplacetowork.com https://*.emprising.com;form-action 'self' https://login.windows.net https://login.microsoftonline.com https://*.greatplacetowork.com;font-src 'self' 'unsafe-inline' https://fonts.gstatic.com https://ajax.aspnetcdn.com; object-src 'none';frame-src https://platform.twitter.com https://*.greatplacetowork.com https://*.emprising.com;upgrade-insecure-requests; report-uri https://qa-elk.emprising.com/csp_reports;",
      'x-xss-protection': '1'
    },
    rawHeaders: [
      'Date',
      'Tue, 05 Apr 2022 20:00:48 GMT',
      'Content-Type',
      'application/json; charset=utf-8',
      'Content-Length',
      '1194',
      'Connection',
      'close',
      'Server',
      'Microsoft-IIS/10.0',
      'Cache-Control',
      'no-store, no-cache, max-age=0',
      'Content-Encoding',
      'gzip',
      'Pragma',
      'no-cache',
      'Set-Cookie',
      'ARRAffinity=2796f7188e8db6496639c7f92b4305cd5a1535d76ca0187e83794f06c54193a7;Path=/;HttpOnly;Secure;Domain=qa-login.greatplacetowork.com',
      'Set-Cookie',
      'ARRAffinitySameSite=2796f7188e8db6496639c7f92b4305cd5a1535d76ca0187e83794f06c54193a7;Path=/;HttpOnly;SameSite=None;Secure;Domain=qa-login.greatplacetowork.com',
      'Vary',
      'Accept-Encoding',
      'Request-Context',
      'appId=cid-v1:6788e55e-64df-42a4-86a4-3a2a15af6257',
      'X-Powered-By',
      'ASP.NET',
      'Strict-Transport-Security',
      'max-age=63072000; includeSubDomains; preload',
      'X-Content-Type-Options',
      'nosniff',
      'Content-Security-Policy',
      "default-src 'none';base-uri https://*.greatplacetowork.com https://*.emprising.com; connect-src 'self' https://dc.services.visualstudio.com wss://*.greatplacetowork.com wss://*.emprising.com https://*.greatplacetowork.com https://*.emprising.com;script-src 'self' 'unsafe-inline' https://platform.twitter.com/widgets.js https://ajax.aspnetcdn.com https://*.vo.msecnd.net https://*.greatplacetowork.com https://*.emprising.com 'report-sample'; img-src 'self'; style-src 'self' 'unsafe-inline' https://fonts.googleapis.com https://ajax.aspnetcdn.com https://*.greatplacetowork.com https://*.emprising.com;form-action 'self' https://login.windows.net https://login.microsoftonline.com https://*.greatplacetowork.com;font-src 'self' 'unsafe-inline' https://fonts.gstatic.com https://ajax.aspnetcdn.com; object-src 'none';frame-src https://platform.twitter.com https://*.greatplacetowork.com https://*.emprising.com;upgrade-insecure-requests; report-uri https://qa-elk.emprising.com/csp_reports;",
      'X-XSS-Protection',
      '1'
    ],
    trailers: {},
    rawTrailers: [],
    aborted: false,
    upgrade: false,
    url: '',
    method: null,
    statusCode: 200,
    statusMessage: 'OK',
    client: TLSSocket {
      _tlsOptions: [Object],
      _secureEstablished: true,
      _securePending: false,
      _newSessionPending: false,
      _controlReleased: true,
      _SNICallback: null,
      servername: 'qa-login.greatplacetowork.com',
      alpnProtocol: false,
      authorized: true,
      authorizationError: null,
      encrypted: true,
      _events: [Object: null prototype],
      _eventsCount: 8,
      connecting: false,
      _hadError: false,
      _parent: null,
      _host: 'qa-login.greatplacetowork.com',
      _readableState: [ReadableState],
      readable: false,
      _maxListeners: undefined,
      _writableState: [WritableState],
      writable: false,
      allowHalfOpen: false,
      _sockname: null,
      _pendingData: null,
      _pendingEncoding: '',
      server: undefined,
      _server: null,
      ssl: null,
      _requestCert: true,
      _rejectUnauthorized: true,
      parser: null,
      _httpMessage: [ClientRequest],
      [Symbol(res)]: null,
      [Symbol(asyncId)]: 151,
      [Symbol(kHandle)]: null,
      [Symbol(lastWriteQueueSize)]: 0,
      [Symbol(timeout)]: null,
      [Symbol(kBuffer)]: null,
      [Symbol(kBufferCb)]: null,
      [Symbol(kBufferGen)]: null,
      [Symbol(kBytesRead)]: 3034,
      [Symbol(kBytesWritten)]: 405,
      [Symbol(connect-options)]: [Object]
    },
    _consuming: false,
    _dumped: false,
    req: ClientRequest {
      _events: [Object: null prototype],
      _eventsCount: 3,
      _maxListeners: undefined,
      outputData: [],
      outputSize: 0,
      writable: true,
      _last: true,
      chunkedEncoding: false,
      shouldKeepAlive: false,
      useChunkedEncodingByDefault: true,
      sendDate: false,
      _removedConnection: false,
      _removedContLen: false,
      _removedTE: false,
      _contentLength: 206,
      _hasBody: true,
      _trailer: '',
      finished: true,
      _headerSent: true,
      socket: [TLSSocket],
      connection: [TLSSocket],
      _header: 'POST /identity/connect/token HTTP/1.1\r\n' +
        'Host: qa-login.greatplacetowork.com\r\n' +
        'Accept-Encoding: gzip, deflate\r\n' +
        'Content-Type: application/x-www-form-urlencoded\r\n' +
        'Content-Length: 206\r\n' +
        'Connection: close\r\n' +
        '\r\n',
      _onPendingData: [Function: noopPendingOutput],
      agent: [Agent],
      socketPath: undefined,
      method: 'POST',
      path: '/identity/connect/token',
      _ended: true,
      res: [Circular],
      aborted: false,
      timeoutCb: null,
      upgradeOrConnect: false,
      parser: null,
      maxHeadersCount: null,
      [Symbol(kNeedDrain)]: false,
      [Symbol(isCorked)]: false,
      [Symbol(kOutHeaders)]: [Object: null prototype]
    },
    setEncoding: [Function],
    on: [Function],
    text: '{"access_token":"eyJhbGciOiJSUzI1NiIsImtpZCI6IjJFNUI2M0Q1QTcxQTU5NzZEMTNDNUVBNTEwOTk2MkMzMjgyMzJFMDAiLCJ0eXAiOiJKV1QiLCJ4NXQiOiJMbHRqMWFjYVdYYlJQRjZsRUpsaXd5Z2pMZ0EifQ.eyJuYmYiOjE2NDkxODg4NDgsImV4cCI6MTY0OTIxNzY0OCwiaXNzIjoiaHR0cHM6Ly9xYS1sb2dpbi5ncmVhdHBsYWNldG93b3JrLmNvbS9pZGVudGl0eS8iLCJhdWQiOiJodHRwczovL3FhLWxvZ2luLmdyZWF0cGxhY2V0b3dvcmsuY29tL2lkZW50aXR5L3Jlc291cmNlcyIsImNsaWVudF9pZCI6IkdwdHdQb3J0YWxDTVAiLCJzdWIiOiJiZWNiYzQ1YS0xYWFmLTQ3NzEtOTZiYi0xZTQ1YmY4OWNkODkiLCJhdXRoX3RpbWUiOjE2NDkxODg4NDgsImlkcCI6ImxvY2FsIiwic2NvcGUiOlsiYWxsX2NsYWltcyIsImVtYWlsIiwiR3B0d0NsaWVudExvZ2luU2NvcGUiLCJvcGVuaWQiLCJwcm9maWxlIl0sImFtciI6WyJwd2QiXX0.gq5qGdNxfNngmjtbqDIokoyGIf12GGxnoZMM5OpOqlIjEK8QuxbF9INP9SHzm4vHThTFKVjvHRgaBs57wuAzhONyDW-JvltV0TUGTii5igNktwv0l47cCezGUSyrZgpcscZk1Nq5dSwtiAHVxNqFziHkhTfPLT623reUvx6k4ZG8KYIVgaWW_epFPpS-IycsHDJtZHxENiHJoMLcX5wAg6WOQzJ3kqOOF6_8VrLBxioJxnUdWp6wjbxgotvexsY5sVU9zfqcc_2yb63N1MMovdaudIg8d0jY3mWpLIKqCKMpJ817yWD0g3YjQg4TsC0rAD3iIk12tbRx6rKxJ3C_SA","expires_in":28800,"token_type":"Bearer","scope":"all_claims email GptwClientLoginScope openid profile"}'
  },
  request: Test {
    _events: [Object: null prototype] { abort: [Function] },
    _eventsCount: 1,
    _maxListeners: undefined,
    _enableHttp2: false,
    _agent: false,
    _formData: null,
    method: 'POST',
    url: 'https://qa-login.greatplacetowork.com/identity/connect/token',
    _header: { 'content-type': 'application/x-www-form-urlencoded' },
    header: { 'Content-Type': 'application/x-www-form-urlencoded' },
    writable: true,
    _redirects: 0,
    _maxRedirects: 0,
    cookies: '',
    qs: {},
    _query: [],
    qsRaw: [],
    _redirectList: [],
    _streamRequest: false,
    _buffer: true,
    app: 'https://qa-login.greatplacetowork.com/identity/connect/token',
    _asserts: [ [Function] ],
    _data: 'grant_type=password&scope=openid GptwClientLoginScope all_claims profile email&username=stefan.andrej.marjanovic%2Bsupertest%40htecgroup.com&password=Andrej10.10&client_id=GptwPortalCMP&client_secret=secret',
    req: ClientRequest {
      _events: [Object: null prototype],
      _eventsCount: 3,
      _maxListeners: undefined,
      outputData: [],
      outputSize: 0,
      writable: true,
      _last: true,
      chunkedEncoding: false,
      shouldKeepAlive: false,
      useChunkedEncodingByDefault: true,
      sendDate: false,
      _removedConnection: false,
      _removedContLen: false,
      _removedTE: false,
      _contentLength: 206,
      _hasBody: true,
      _trailer: '',
      finished: true,
      _headerSent: true,
      socket: [TLSSocket],
      connection: [TLSSocket],
      _header: 'POST /identity/connect/token HTTP/1.1\r\n' +
        'Host: qa-login.greatplacetowork.com\r\n' +
        'Accept-Encoding: gzip, deflate\r\n' +
        'Content-Type: application/x-www-form-urlencoded\r\n' +
        'Content-Length: 206\r\n' +
        'Connection: close\r\n' +
        '\r\n',
      _onPendingData: [Function: noopPendingOutput],
      agent: [Agent],
      socketPath: undefined,
      method: 'POST',
      path: '/identity/connect/token',
      _ended: true,
      res: [IncomingMessage],
      aborted: false,
      timeoutCb: null,
      upgradeOrConnect: false,
      parser: null,
      maxHeadersCount: null,
      [Symbol(kNeedDrain)]: false,
      [Symbol(isCorked)]: false,
      [Symbol(kOutHeaders)]: [Object: null prototype]
    },
    protocol: 'https:',
    host: 'qa-login.greatplacetowork.com',
    _endCalled: true,
    _callback: [Function],
    _fullfilledPromise: Promise { [Circular] },
    res: IncomingMessage {
      _readableState: [ReadableState],
      readable: false,
      _events: [Object: null prototype],
      _eventsCount: 3,
      _maxListeners: undefined,
      socket: [TLSSocket],
      connection: [TLSSocket],
      httpVersionMajor: 1,
      httpVersionMinor: 1,
      httpVersion: '1.1',
      complete: true,
      headers: [Object],
      rawHeaders: [Array],
      trailers: {},
      rawTrailers: [],
      aborted: false,
      upgrade: false,
      url: '',
      method: null,
      statusCode: 200,
      statusMessage: 'OK',
      client: [TLSSocket],
      _consuming: false,
      _dumped: false,
      req: [ClientRequest],
      setEncoding: [Function],
      on: [Function],
      text: '{"access_token":"eyJhbGciOiJSUzI1NiIsImtpZCI6IjJFNUI2M0Q1QTcxQTU5NzZEMTNDNUVBNTEwOTk2MkMzMjgyMzJFMDAiLCJ0eXAiOiJKV1QiLCJ4NXQiOiJMbHRqMWFjYVdYYlJQRjZsRUpsaXd5Z2pMZ0EifQ.eyJuYmYiOjE2NDkxODg4NDgsImV4cCI6MTY0OTIxNzY0OCwiaXNzIjoiaHR0cHM6Ly9xYS1sb2dpbi5ncmVhdHBsYWNldG93b3JrLmNvbS9pZGVudGl0eS8iLCJhdWQiOiJodHRwczovL3FhLWxvZ2luLmdyZWF0cGxhY2V0b3dvcmsuY29tL2lkZW50aXR5L3Jlc291cmNlcyIsImNsaWVudF9pZCI6IkdwdHdQb3J0YWxDTVAiLCJzdWIiOiJiZWNiYzQ1YS0xYWFmLTQ3NzEtOTZiYi0xZTQ1YmY4OWNkODkiLCJhdXRoX3RpbWUiOjE2NDkxODg4NDgsImlkcCI6ImxvY2FsIiwic2NvcGUiOlsiYWxsX2NsYWltcyIsImVtYWlsIiwiR3B0d0NsaWVudExvZ2luU2NvcGUiLCJvcGVuaWQiLCJwcm9maWxlIl0sImFtciI6WyJwd2QiXX0.gq5qGdNxfNngmjtbqDIokoyGIf12GGxnoZMM5OpOqlIjEK8QuxbF9INP9SHzm4vHThTFKVjvHRgaBs57wuAzhONyDW-JvltV0TUGTii5igNktwv0l47cCezGUSyrZgpcscZk1Nq5dSwtiAHVxNqFziHkhTfPLT623reUvx6k4ZG8KYIVgaWW_epFPpS-IycsHDJtZHxENiHJoMLcX5wAg6WOQzJ3kqOOF6_8VrLBxioJxnUdWp6wjbxgotvexsY5sVU9zfqcc_2yb63N1MMovdaudIg8d0jY3mWpLIKqCKMpJ817yWD0g3YjQg4TsC0rAD3iIk12tbRx6rKxJ3C_SA","expires_in":28800,"token_type":"Bearer","scope":"all_claims email GptwClientLoginScope openid profile"}'
    },
    _resBuffered: true,
    response: [Circular]
  },
  req: ClientRequest {
    _events: [Object: null prototype] {
      drain: [Function],
      error: [Function],
      prefinish: [Function: requestOnPrefinish]
    },
    _eventsCount: 3,
    _maxListeners: undefined,
    outputData: [],
    outputSize: 0,
    writable: true,
    _last: true,
    chunkedEncoding: false,
    shouldKeepAlive: false,
    useChunkedEncodingByDefault: true,
    sendDate: false,
    _removedConnection: false,
    _removedContLen: false,
    _removedTE: false,
    _contentLength: 206,
    _hasBody: true,
    _trailer: '',
    finished: true,
    _headerSent: true,
    socket: TLSSocket {
      _tlsOptions: [Object],
      _secureEstablished: true,
      _securePending: false,
      _newSessionPending: false,
      _controlReleased: true,
      _SNICallback: null,
      servername: 'qa-login.greatplacetowork.com',
      alpnProtocol: false,
      authorized: true,
      authorizationError: null,
      encrypted: true,
      _events: [Object: null prototype],
      _eventsCount: 8,
      connecting: false,
      _hadError: false,
      _parent: null,
      _host: 'qa-login.greatplacetowork.com',
      _readableState: [ReadableState],
      readable: false,
      _maxListeners: undefined,
      _writableState: [WritableState],
      writable: false,
      allowHalfOpen: false,
      _sockname: null,
      _pendingData: null,
      _pendingEncoding: '',
      server: undefined,
      _server: null,
      ssl: null,
      _requestCert: true,
      _rejectUnauthorized: true,
      parser: null,
      _httpMessage: [Circular],
      [Symbol(res)]: null,
      [Symbol(asyncId)]: 151,
      [Symbol(kHandle)]: null,
      [Symbol(lastWriteQueueSize)]: 0,
      [Symbol(timeout)]: null,
      [Symbol(kBuffer)]: null,
      [Symbol(kBufferCb)]: null,
      [Symbol(kBufferGen)]: null,
      [Symbol(kBytesRead)]: 3034,
      [Symbol(kBytesWritten)]: 405,
      [Symbol(connect-options)]: [Object]
    },
    connection: TLSSocket {
      _tlsOptions: [Object],
      _secureEstablished: true,
      _securePending: false,
      _newSessionPending: false,
      _controlReleased: true,
      _SNICallback: null,
      servername: 'qa-login.greatplacetowork.com',
      alpnProtocol: false,
      authorized: true,
      authorizationError: null,
      encrypted: true,
      _events: [Object: null prototype],
      _eventsCount: 8,
      connecting: false,
      _hadError: false,
      _parent: null,
      _host: 'qa-login.greatplacetowork.com',
      _readableState: [ReadableState],
      readable: false,
      _maxListeners: undefined,
      _writableState: [WritableState],
      writable: false,
      allowHalfOpen: false,
      _sockname: null,
      _pendingData: null,
      _pendingEncoding: '',
      server: undefined,
      _server: null,
      ssl: null,
      _requestCert: true,
      _rejectUnauthorized: true,
      parser: null,
      _httpMessage: [Circular],
      [Symbol(res)]: null,
      [Symbol(asyncId)]: 151,
      [Symbol(kHandle)]: null,
      [Symbol(lastWriteQueueSize)]: 0,
      [Symbol(timeout)]: null,
      [Symbol(kBuffer)]: null,
      [Symbol(kBufferCb)]: null,
      [Symbol(kBufferGen)]: null,
      [Symbol(kBytesRead)]: 3034,
      [Symbol(kBytesWritten)]: 405,
      [Symbol(connect-options)]: [Object]
    },
    _header: 'POST /identity/connect/token HTTP/1.1\r\n' +
      'Host: qa-login.greatplacetowork.com\r\n' +
      'Accept-Encoding: gzip, deflate\r\n' +
      'Content-Type: application/x-www-form-urlencoded\r\n' +
      'Content-Length: 206\r\n' +
      'Connection: close\r\n' +
      '\r\n',
    _onPendingData: [Function: noopPendingOutput],
    agent: Agent {
      _events: [Object: null prototype],
      _eventsCount: 1,
      _maxListeners: undefined,
      defaultPort: 443,
      protocol: 'https:',
      options: [Object],
      requests: {},
      sockets: {},
      freeSockets: {},
      keepAliveMsecs: 1000,
      keepAlive: false,
      maxSockets: Infinity,
      maxFreeSockets: 256,
      maxCachedSessions: 100,
      _sessionCache: [Object]
    },
    socketPath: undefined,
    method: 'POST',
    path: '/identity/connect/token',
    _ended: true,
    res: IncomingMessage {
      _readableState: [ReadableState],
      readable: false,
      _events: [Object: null prototype],
      _eventsCount: 3,
      _maxListeners: undefined,
      socket: [TLSSocket],
      connection: [TLSSocket],
      httpVersionMajor: 1,
      httpVersionMinor: 1,
      httpVersion: '1.1',
      complete: true,
      headers: [Object],
      rawHeaders: [Array],
      trailers: {},
      rawTrailers: [],
      aborted: false,
      upgrade: false,
      url: '',
      method: null,
      statusCode: 200,
      statusMessage: 'OK',
      client: [TLSSocket],
      _consuming: false,
      _dumped: false,
      req: [Circular],
      setEncoding: [Function],
      on: [Function],
      text: '{"access_token":"eyJhbGciOiJSUzI1NiIsImtpZCI6IjJFNUI2M0Q1QTcxQTU5NzZEMTNDNUVBNTEwOTk2MkMzMjgyMzJFMDAiLCJ0eXAiOiJKV1QiLCJ4NXQiOiJMbHRqMWFjYVdYYlJQRjZsRUpsaXd5Z2pMZ0EifQ.eyJuYmYiOjE2NDkxODg4NDgsImV4cCI6MTY0OTIxNzY0OCwiaXNzIjoiaHR0cHM6Ly9xYS1sb2dpbi5ncmVhdHBsYWNldG93b3JrLmNvbS9pZGVudGl0eS8iLCJhdWQiOiJodHRwczovL3FhLWxvZ2luLmdyZWF0cGxhY2V0b3dvcmsuY29tL2lkZW50aXR5L3Jlc291cmNlcyIsImNsaWVudF9pZCI6IkdwdHdQb3J0YWxDTVAiLCJzdWIiOiJiZWNiYzQ1YS0xYWFmLTQ3NzEtOTZiYi0xZTQ1YmY4OWNkODkiLCJhdXRoX3RpbWUiOjE2NDkxODg4NDgsImlkcCI6ImxvY2FsIiwic2NvcGUiOlsiYWxsX2NsYWltcyIsImVtYWlsIiwiR3B0d0NsaWVudExvZ2luU2NvcGUiLCJvcGVuaWQiLCJwcm9maWxlIl0sImFtciI6WyJwd2QiXX0.gq5qGdNxfNngmjtbqDIokoyGIf12GGxnoZMM5OpOqlIjEK8QuxbF9INP9SHzm4vHThTFKVjvHRgaBs57wuAzhONyDW-JvltV0TUGTii5igNktwv0l47cCezGUSyrZgpcscZk1Nq5dSwtiAHVxNqFziHkhTfPLT623reUvx6k4ZG8KYIVgaWW_epFPpS-IycsHDJtZHxENiHJoMLcX5wAg6WOQzJ3kqOOF6_8VrLBxioJxnUdWp6wjbxgotvexsY5sVU9zfqcc_2yb63N1MMovdaudIg8d0jY3mWpLIKqCKMpJ817yWD0g3YjQg4TsC0rAD3iIk12tbRx6rKxJ3C_SA","expires_in":28800,"token_type":"Bearer","scope":"all_claims email GptwClientLoginScope openid profile"}'
    },
    aborted: false,
    timeoutCb: null,
    upgradeOrConnect: false,
    parser: null,
    maxHeadersCount: null,
    [Symbol(kNeedDrain)]: false,
    [Symbol(isCorked)]: false,
    [Symbol(kOutHeaders)]: [Object: null prototype] {
      host: [Array],
      'accept-encoding': [Array],
      'content-type': [Array],
      'content-length': [Array]
    }
  },
  text: '{"access_token":"eyJhbGciOiJSUzI1NiIsImtpZCI6IjJFNUI2M0Q1QTcxQTU5NzZEMTNDNUVBNTEwOTk2MkMzMjgyMzJFMDAiLCJ0eXAiOiJKV1QiLCJ4NXQiOiJMbHRqMWFjYVdYYlJQRjZsRUpsaXd5Z2pMZ0EifQ.eyJuYmYiOjE2NDkxODg4NDgsImV4cCI6MTY0OTIxNzY0OCwiaXNzIjoiaHR0cHM6Ly9xYS1sb2dpbi5ncmVhdHBsYWNldG93b3JrLmNvbS9pZGVudGl0eS8iLCJhdWQiOiJodHRwczovL3FhLWxvZ2luLmdyZWF0cGxhY2V0b3dvcmsuY29tL2lkZW50aXR5L3Jlc291cmNlcyIsImNsaWVudF9pZCI6IkdwdHdQb3J0YWxDTVAiLCJzdWIiOiJiZWNiYzQ1YS0xYWFmLTQ3NzEtOTZiYi0xZTQ1YmY4OWNkODkiLCJhdXRoX3RpbWUiOjE2NDkxODg4NDgsImlkcCI6ImxvY2FsIiwic2NvcGUiOlsiYWxsX2NsYWltcyIsImVtYWlsIiwiR3B0d0NsaWVudExvZ2luU2NvcGUiLCJvcGVuaWQiLCJwcm9maWxlIl0sImFtciI6WyJwd2QiXX0.gq5qGdNxfNngmjtbqDIokoyGIf12GGxnoZMM5OpOqlIjEK8QuxbF9INP9SHzm4vHThTFKVjvHRgaBs57wuAzhONyDW-JvltV0TUGTii5igNktwv0l47cCezGUSyrZgpcscZk1Nq5dSwtiAHVxNqFziHkhTfPLT623reUvx6k4ZG8KYIVgaWW_epFPpS-IycsHDJtZHxENiHJoMLcX5wAg6WOQzJ3kqOOF6_8VrLBxioJxnUdWp6wjbxgotvexsY5sVU9zfqcc_2yb63N1MMovdaudIg8d0jY3mWpLIKqCKMpJ817yWD0g3YjQg4TsC0rAD3iIk12tbRx6rKxJ3C_SA","expires_in":28800,"token_type":"Bearer","scope":"all_claims email GptwClientLoginScope openid profile"}',
  body: {
    access_token: 'eyJhbGciOiJSUzI1NiIsImtpZCI6IjJFNUI2M0Q1QTcxQTU5NzZEMTNDNUVBNTEwOTk2MkMzMjgyMzJFMDAiLCJ0eXAiOiJKV1QiLCJ4NXQiOiJMbHRqMWFjYVdYYlJQRjZsRUpsaXd5Z2pMZ0EifQ.eyJuYmYiOjE2NDkxODg4NDgsImV4cCI6MTY0OTIxNzY0OCwiaXNzIjoiaHR0cHM6Ly9xYS1sb2dpbi5ncmVhdHBsYWNldG93b3JrLmNvbS9pZGVudGl0eS8iLCJhdWQiOiJodHRwczovL3FhLWxvZ2luLmdyZWF0cGxhY2V0b3dvcmsuY29tL2lkZW50aXR5L3Jlc291cmNlcyIsImNsaWVudF9pZCI6IkdwdHdQb3J0YWxDTVAiLCJzdWIiOiJiZWNiYzQ1YS0xYWFmLTQ3NzEtOTZiYi0xZTQ1YmY4OWNkODkiLCJhdXRoX3RpbWUiOjE2NDkxODg4NDgsImlkcCI6ImxvY2FsIiwic2NvcGUiOlsiYWxsX2NsYWltcyIsImVtYWlsIiwiR3B0d0NsaWVudExvZ2luU2NvcGUiLCJvcGVuaWQiLCJwcm9maWxlIl0sImFtciI6WyJwd2QiXX0.gq5qGdNxfNngmjtbqDIokoyGIf12GGxnoZMM5OpOqlIjEK8QuxbF9INP9SHzm4vHThTFKVjvHRgaBs57wuAzhONyDW-JvltV0TUGTii5igNktwv0l47cCezGUSyrZgpcscZk1Nq5dSwtiAHVxNqFziHkhTfPLT623reUvx6k4ZG8KYIVgaWW_epFPpS-IycsHDJtZHxENiHJoMLcX5wAg6WOQzJ3kqOOF6_8VrLBxioJxnUdWp6wjbxgotvexsY5sVU9zfqcc_2yb63N1MMovdaudIg8d0jY3mWpLIKqCKMpJ817yWD0g3YjQg4TsC0rAD3iIk12tbRx6rKxJ3C_SA',
    expires_in: 28800,
    token_type: 'Bearer',
    scope: 'all_claims email GptwClientLoginScope openid profile'
  },
  files: undefined,
  buffered: true,
  headers: {
    date: 'Tue, 05 Apr 2022 20:00:48 GMT',
    'content-type': 'application/json; charset=utf-8',
    'content-length': '1194',
    connection: 'close',
    server: 'Microsoft-IIS/10.0',
    'cache-control': 'no-store, no-cache, max-age=0',
    'content-encoding': 'gzip',
    pragma: 'no-cache',
    'set-cookie': [
      'ARRAffinity=2796f7188e8db6496639c7f92b4305cd5a1535d76ca0187e83794f06c54193a7;Path=/;HttpOnly;Secure;Domain=qa-login.greatplacetowork.com',
      'ARRAffinitySameSite=2796f7188e8db6496639c7f92b4305cd5a1535d76ca0187e83794f06c54193a7;Path=/;HttpOnly;SameSite=None;Secure;Domain=qa-login.greatplacetowork.com'
    ],
    vary: 'Accept-Encoding',
    'request-context': 'appId=cid-v1:6788e55e-64df-42a4-86a4-3a2a15af6257',
    'x-powered-by': 'ASP.NET',
    'strict-transport-security': 'max-age=63072000; includeSubDomains; preload',
    'x-content-type-options': 'nosniff',
    'content-security-policy': "default-src 'none';base-uri https://*.greatplacetowork.com https://*.emprising.com; connect-src 'self' https://dc.services.visualstudio.com wss://*.greatplacetowork.com wss://*.emprising.com https://*.greatplacetowork.com https://*.emprising.com;script-src 'self' 'unsafe-inline' https://platform.twitter.com/widgets.js https://ajax.aspnetcdn.com https://*.vo.msecnd.net https://*.greatplacetowork.com https://*.emprising.com 'report-sample'; img-src 'self'; style-src 'self' 'unsafe-inline' https://fonts.googleapis.com https://ajax.aspnetcdn.com https://*.greatplacetowork.com https://*.emprising.com;form-action 'self' https://login.windows.net https://login.microsoftonline.com https://*.greatplacetowork.com;font-src 'self' 'unsafe-inline' https://fonts.gstatic.com https://ajax.aspnetcdn.com; object-src 'none';frame-src https://platform.twitter.com https://*.greatplacetowork.com https://*.emprising.com;upgrade-insecure-requests; report-uri https://qa-elk.emprising.com/csp_reports;",
    'x-xss-protection': '1'
  },
  header: {
    date: 'Tue, 05 Apr 2022 20:00:48 GMT',
    'content-type': 'application/json; charset=utf-8',
    'content-length': '1194',
    connection: 'close',
    server: 'Microsoft-IIS/10.0',
    'cache-control': 'no-store, no-cache, max-age=0',
    'content-encoding': 'gzip',
    pragma: 'no-cache',
    'set-cookie': [
      'ARRAffinity=2796f7188e8db6496639c7f92b4305cd5a1535d76ca0187e83794f06c54193a7;Path=/;HttpOnly;Secure;Domain=qa-login.greatplacetowork.com',
      'ARRAffinitySameSite=2796f7188e8db6496639c7f92b4305cd5a1535d76ca0187e83794f06c54193a7;Path=/;HttpOnly;SameSite=None;Secure;Domain=qa-login.greatplacetowork.com'
    ],
    vary: 'Accept-Encoding',
    'request-context': 'appId=cid-v1:6788e55e-64df-42a4-86a4-3a2a15af6257',
    'x-powered-by': 'ASP.NET',
    'strict-transport-security': 'max-age=63072000; includeSubDomains; preload',
    'x-content-type-options': 'nosniff',
    'content-security-policy': "default-src 'none';base-uri https://*.greatplacetowork.com https://*.emprising.com; connect-src 'self' https://dc.services.visualstudio.com wss://*.greatplacetowork.com wss://*.emprising.com https://*.greatplacetowork.com https://*.emprising.com;script-src 'self' 'unsafe-inline' https://platform.twitter.com/widgets.js https://ajax.aspnetcdn.com https://*.vo.msecnd.net https://*.greatplacetowork.com https://*.emprising.com 'report-sample'; img-src 'self'; style-src 'self' 'unsafe-inline' https://fonts.googleapis.com https://ajax.aspnetcdn.com https://*.greatplacetowork.com https://*.emprising.com;form-action 'self' https://login.windows.net https://login.microsoftonline.com https://*.greatplacetowork.com;font-src 'self' 'unsafe-inline' https://fonts.gstatic.com https://ajax.aspnetcdn.com; object-src 'none';frame-src https://platform.twitter.com https://*.greatplacetowork.com https://*.emprising.com;upgrade-insecure-requests; report-uri https://qa-elk.emprising.com/csp_reports;",
    'x-xss-protection': '1'
  },
  statusCode: 200,
  status: 200,
  statusType: 2,
  info: false,
  ok: true,
  redirect: false,
  clientError: false,
  serverError: false,
  error: false,
  created: false,
  accepted: false,
  noContent: false,
  badRequest: false,
  unauthorized: false,
  notAcceptable: false,
  forbidden: false,
  notFound: false,
  unprocessableEntity: false,
  type: 'application/json',
  charset: 'utf-8',
  links: {},
  setEncoding: [Function: bound ],
  redirects: [],
  pipe: [Function]
}
[2022-04-05T22:00:49.538] [TRACE] cheese - Response {
  _events: [Object: null prototype] {},
  _eventsCount: 0,
  _maxListeners: undefined,
  res: IncomingMessage {
    _readableState: ReadableState {
      objectMode: false,
      highWaterMark: 16384,
      buffer: BufferList { head: null, tail: null, length: 0 },
      length: 0,
      pipes: null,
      pipesCount: 0,
      flowing: false,
      ended: true,
      endEmitted: true,
      reading: false,
      sync: true,
      needReadable: false,
      emittedReadable: false,
      readableListening: false,
      resumeScheduled: false,
      paused: false,
      emitClose: true,
      autoDestroy: false,
      destroyed: false,
      defaultEncoding: 'utf8',
      awaitDrain: 0,
      readingMore: true,
      decoder: null,
      encoding: null
    },
    readable: false,
    _events: [Object: null prototype] {
      end: [Function: responseOnEnd],
      error: [Array],
      close: [Function: bound emit]
    },
    _eventsCount: 3,
    _maxListeners: undefined,
    socket: TLSSocket {
      _tlsOptions: [Object],
      _secureEstablished: true,
      _securePending: false,
      _newSessionPending: false,
      _controlReleased: true,
      _SNICallback: null,
      servername: 'qa-login.greatplacetowork.com',
      alpnProtocol: false,
      authorized: true,
      authorizationError: null,
      encrypted: true,
      _events: [Object: null prototype],
      _eventsCount: 8,
      connecting: false,
      _hadError: false,
      _parent: null,
      _host: 'qa-login.greatplacetowork.com',
      _readableState: [ReadableState],
      readable: false,
      _maxListeners: undefined,
      _writableState: [WritableState],
      writable: false,
      allowHalfOpen: false,
      _sockname: null,
      _pendingData: null,
      _pendingEncoding: '',
      server: undefined,
      _server: null,
      ssl: null,
      _requestCert: true,
      _rejectUnauthorized: true,
      parser: null,
      _httpMessage: [ClientRequest],
      [Symbol(res)]: null,
      [Symbol(asyncId)]: 179,
      [Symbol(kHandle)]: null,
      [Symbol(lastWriteQueueSize)]: 0,
      [Symbol(timeout)]: null,
      [Symbol(kBuffer)]: null,
      [Symbol(kBufferCb)]: null,
      [Symbol(kBufferGen)]: null,
      [Symbol(kBytesRead)]: 3028,
      [Symbol(kBytesWritten)]: 390,
      [Symbol(connect-options)]: [Object]
    },
    connection: TLSSocket {
      _tlsOptions: [Object],
      _secureEstablished: true,
      _securePending: false,
      _newSessionPending: false,
      _controlReleased: true,
      _SNICallback: null,
      servername: 'qa-login.greatplacetowork.com',
      alpnProtocol: false,
      authorized: true,
      authorizationError: null,
      encrypted: true,
      _events: [Object: null prototype],
      _eventsCount: 8,
      connecting: false,
      _hadError: false,
      _parent: null,
      _host: 'qa-login.greatplacetowork.com',
      _readableState: [ReadableState],
      readable: false,
      _maxListeners: undefined,
      _writableState: [WritableState],
      writable: false,
      allowHalfOpen: false,
      _sockname: null,
      _pendingData: null,
      _pendingEncoding: '',
      server: undefined,
      _server: null,
      ssl: null,
      _requestCert: true,
      _rejectUnauthorized: true,
      parser: null,
      _httpMessage: [ClientRequest],
      [Symbol(res)]: null,
      [Symbol(asyncId)]: 179,
      [Symbol(kHandle)]: null,
      [Symbol(lastWriteQueueSize)]: 0,
      [Symbol(timeout)]: null,
      [Symbol(kBuffer)]: null,
      [Symbol(kBufferCb)]: null,
      [Symbol(kBufferGen)]: null,
      [Symbol(kBytesRead)]: 3028,
      [Symbol(kBytesWritten)]: 390,
      [Symbol(connect-options)]: [Object]
    },
    httpVersionMajor: 1,
    httpVersionMinor: 1,
    httpVersion: '1.1',
    complete: true,
    headers: {
      date: 'Tue, 05 Apr 2022 20:00:49 GMT',
      'content-type': 'application/json; charset=utf-8',
      'content-length': '1188',
      connection: 'close',
      server: 'Microsoft-IIS/10.0',
      'cache-control': 'no-store, no-cache, max-age=0',
      'content-encoding': 'gzip',
      pragma: 'no-cache',
      'set-cookie': [Array],
      vary: 'Accept-Encoding',
      'request-context': 'appId=cid-v1:6788e55e-64df-42a4-86a4-3a2a15af6257',
      'x-powered-by': 'ASP.NET',
      'strict-transport-security': 'max-age=63072000; includeSubDomains; preload',
      'x-content-type-options': 'nosniff',
      'content-security-policy': "default-src 'none';base-uri https://*.greatplacetowork.com https://*.emprising.com; connect-src 'self' https://dc.services.visualstudio.com wss://*.greatplacetowork.com wss://*.emprising.com https://*.greatplacetowork.com https://*.emprising.com;script-src 'self' 'unsafe-inline' https://platform.twitter.com/widgets.js https://ajax.aspnetcdn.com https://*.vo.msecnd.net https://*.greatplacetowork.com https://*.emprising.com 'report-sample'; img-src 'self'; style-src 'self' 'unsafe-inline' https://fonts.googleapis.com https://ajax.aspnetcdn.com https://*.greatplacetowork.com https://*.emprising.com;form-action 'self' https://login.windows.net https://login.microsoftonline.com https://*.greatplacetowork.com;font-src 'self' 'unsafe-inline' https://fonts.gstatic.com https://ajax.aspnetcdn.com; object-src 'none';frame-src https://platform.twitter.com https://*.greatplacetowork.com https://*.emprising.com;upgrade-insecure-requests; report-uri https://qa-elk.emprising.com/csp_reports;",
      'x-xss-protection': '1'
    },
    rawHeaders: [
      'Date',
      'Tue, 05 Apr 2022 20:00:49 GMT',
      'Content-Type',
      'application/json; charset=utf-8',
      'Content-Length',
      '1188',
      'Connection',
      'close',
      'Server',
      'Microsoft-IIS/10.0',
      'Cache-Control',
      'no-store, no-cache, max-age=0',
      'Content-Encoding',
      'gzip',
      'Pragma',
      'no-cache',
      'Set-Cookie',
      'ARRAffinity=2796f7188e8db6496639c7f92b4305cd5a1535d76ca0187e83794f06c54193a7;Path=/;HttpOnly;Secure;Domain=qa-login.greatplacetowork.com',
      'Set-Cookie',
      'ARRAffinitySameSite=2796f7188e8db6496639c7f92b4305cd5a1535d76ca0187e83794f06c54193a7;Path=/;HttpOnly;SameSite=None;Secure;Domain=qa-login.greatplacetowork.com',
      'Vary',
      'Accept-Encoding',
      'Request-Context',
      'appId=cid-v1:6788e55e-64df-42a4-86a4-3a2a15af6257',
      'X-Powered-By',
      'ASP.NET',
      'Strict-Transport-Security',
      'max-age=63072000; includeSubDomains; preload',
      'X-Content-Type-Options',
      'nosniff',
      'Content-Security-Policy',
      "default-src 'none';base-uri https://*.greatplacetowork.com https://*.emprising.com; connect-src 'self' https://dc.services.visualstudio.com wss://*.greatplacetowork.com wss://*.emprising.com https://*.greatplacetowork.com https://*.emprising.com;script-src 'self' 'unsafe-inline' https://platform.twitter.com/widgets.js https://ajax.aspnetcdn.com https://*.vo.msecnd.net https://*.greatplacetowork.com https://*.emprising.com 'report-sample'; img-src 'self'; style-src 'self' 'unsafe-inline' https://fonts.googleapis.com https://ajax.aspnetcdn.com https://*.greatplacetowork.com https://*.emprising.com;form-action 'self' https://login.windows.net https://login.microsoftonline.com https://*.greatplacetowork.com;font-src 'self' 'unsafe-inline' https://fonts.gstatic.com https://ajax.aspnetcdn.com; object-src 'none';frame-src https://platform.twitter.com https://*.greatplacetowork.com https://*.emprising.com;upgrade-insecure-requests; report-uri https://qa-elk.emprising.com/csp_reports;",
      'X-XSS-Protection',
      '1'
    ],
    trailers: {},
    rawTrailers: [],
    aborted: false,
    upgrade: false,
    url: '',
    method: null,
    statusCode: 200,
    statusMessage: 'OK',
    client: TLSSocket {
      _tlsOptions: [Object],
      _secureEstablished: true,
      _securePending: false,
      _newSessionPending: false,
      _controlReleased: true,
      _SNICallback: null,
      servername: 'qa-login.greatplacetowork.com',
      alpnProtocol: false,
      authorized: true,
      authorizationError: null,
      encrypted: true,
      _events: [Object: null prototype],
      _eventsCount: 8,
      connecting: false,
      _hadError: false,
      _parent: null,
      _host: 'qa-login.greatplacetowork.com',
      _readableState: [ReadableState],
      readable: false,
      _maxListeners: undefined,
      _writableState: [WritableState],
      writable: false,
      allowHalfOpen: false,
      _sockname: null,
      _pendingData: null,
      _pendingEncoding: '',
      server: undefined,
      _server: null,
      ssl: null,
      _requestCert: true,
      _rejectUnauthorized: true,
      parser: null,
      _httpMessage: [ClientRequest],
      [Symbol(res)]: null,
      [Symbol(asyncId)]: 179,
      [Symbol(kHandle)]: null,
      [Symbol(lastWriteQueueSize)]: 0,
      [Symbol(timeout)]: null,
      [Symbol(kBuffer)]: null,
      [Symbol(kBufferCb)]: null,
      [Symbol(kBufferGen)]: null,
      [Symbol(kBytesRead)]: 3028,
      [Symbol(kBytesWritten)]: 390,
      [Symbol(connect-options)]: [Object]
    },
    _consuming: false,
    _dumped: false,
    req: ClientRequest {
      _events: [Object: null prototype],
      _eventsCount: 3,
      _maxListeners: undefined,
      outputData: [],
      outputSize: 0,
      writable: true,
      _last: true,
      chunkedEncoding: false,
      shouldKeepAlive: false,
      useChunkedEncodingByDefault: true,
      sendDate: false,
      _removedConnection: false,
      _removedContLen: false,
      _removedTE: false,
      _contentLength: 191,
      _hasBody: true,
      _trailer: '',
      finished: true,
      _headerSent: true,
      socket: [TLSSocket],
      connection: [TLSSocket],
      _header: 'POST /identity/connect/token HTTP/1.1\r\n' +
        'Host: qa-login.greatplacetowork.com\r\n' +
        'Accept-Encoding: gzip, deflate\r\n' +
        'Content-Type: application/x-www-form-urlencoded\r\n' +
        'Content-Length: 191\r\n' +
        'Connection: close\r\n' +
        '\r\n',
      _onPendingData: [Function: noopPendingOutput],
      agent: [Agent],
      socketPath: undefined,
      method: 'POST',
      path: '/identity/connect/token',
      _ended: true,
      res: [Circular],
      aborted: false,
      timeoutCb: null,
      upgradeOrConnect: false,
      parser: null,
      maxHeadersCount: null,
      [Symbol(kNeedDrain)]: false,
      [Symbol(isCorked)]: false,
      [Symbol(kOutHeaders)]: [Object: null prototype]
    },
    setEncoding: [Function],
    on: [Function],
    text: '{"access_token":"eyJhbGciOiJSUzI1NiIsImtpZCI6IjJFNUI2M0Q1QTcxQTU5NzZEMTNDNUVBNTEwOTk2MkMzMjgyMzJFMDAiLCJ0eXAiOiJKV1QiLCJ4NXQiOiJMbHRqMWFjYVdYYlJQRjZsRUpsaXd5Z2pMZ0EifQ.eyJuYmYiOjE2NDkxODg4NDksImV4cCI6MTY0OTIxNzY0OSwiaXNzIjoiaHR0cHM6Ly9xYS1sb2dpbi5ncmVhdHBsYWNldG93b3JrLmNvbS9pZGVudGl0eS8iLCJhdWQiOiJodHRwczovL3FhLWxvZ2luLmdyZWF0cGxhY2V0b3dvcmsuY29tL2lkZW50aXR5L3Jlc291cmNlcyIsImNsaWVudF9pZCI6IkdwdHdQb3J0YWxDTVAiLCJzdWIiOiI0NmQ3NWQ3OS0zOWU2LTQ1NzUtOGE5ZS1kYTRlYzk5ZWEzMjIiLCJhdXRoX3RpbWUiOjE2NDkxODg4NDksImlkcCI6ImxvY2FsIiwic2NvcGUiOlsiYWxsX2NsYWltcyIsImVtYWlsIiwiR3B0d0NsaWVudExvZ2luU2NvcGUiLCJvcGVuaWQiLCJwcm9maWxlIl0sImFtciI6WyJwd2QiXX0.lgK-3tYjck6kpV_pY-9f0TBTXBpOhLjwCOj67Yf7IQTxekR5ufznicPEw-yWFTfTr9DscgSYwNc_dwfugn581_HtbygkFf3S9aCB1gqaHeCYcdhK-9VFnwrpJMYV90fB5Mw45VxG9fDKhN4tFuWlbPuydETLn1JDWsi25tv4aTzk837T0K5DnDvXeSE8vw2-BHMnjvrDwug-W-cDe0x_B32WjCE77bAhiBht8lat46238uToHHp8nsWWaoUIqluBCkJI2TBQGWPtmYBRiXFV70bWH23m1Hgm6geedC4WL2DJOXQTtze3Nw1lCODmIEQlbXXYD6zlFv47OoCQAy5Hiw","expires_in":28800,"token_type":"Bearer","scope":"all_claims email GptwClientLoginScope openid profile"}'
  },
  request: Test {
    _events: [Object: null prototype] { abort: [Function] },
    _eventsCount: 1,
    _maxListeners: undefined,
    _enableHttp2: false,
    _agent: false,
    _formData: null,
    method: 'POST',
    url: 'https://qa-login.greatplacetowork.com/identity/connect/token',
    _header: { 'content-type': 'application/x-www-form-urlencoded' },
    header: { 'Content-Type': 'application/x-www-form-urlencoded' },
    writable: true,
    _redirects: 0,
    _maxRedirects: 0,
    cookies: '',
    qs: {},
    _query: [],
    qsRaw: [],
    _redirectList: [],
    _streamRequest: false,
    _buffer: true,
    app: 'https://qa-login.greatplacetowork.com/identity/connect/token',
    _asserts: [ [Function] ],
    _data: 'grant_type=password&scope=openid GptwClientLoginScope all_claims profile email&username=nemanja.mircic%2B1133%40htecgroup.com&password=Nemanja123!&client_id=GptwPortalCMP&client_secret=secret',
    req: ClientRequest {
      _events: [Object: null prototype],
      _eventsCount: 3,
      _maxListeners: undefined,
      outputData: [],
      outputSize: 0,
      writable: true,
      _last: true,
      chunkedEncoding: false,
      shouldKeepAlive: false,
      useChunkedEncodingByDefault: true,
      sendDate: false,
      _removedConnection: false,
      _removedContLen: false,
      _removedTE: false,
      _contentLength: 191,
      _hasBody: true,
      _trailer: '',
      finished: true,
      _headerSent: true,
      socket: [TLSSocket],
      connection: [TLSSocket],
      _header: 'POST /identity/connect/token HTTP/1.1\r\n' +
        'Host: qa-login.greatplacetowork.com\r\n' +
        'Accept-Encoding: gzip, deflate\r\n' +
        'Content-Type: application/x-www-form-urlencoded\r\n' +
        'Content-Length: 191\r\n' +
        'Connection: close\r\n' +
        '\r\n',
      _onPendingData: [Function: noopPendingOutput],
      agent: [Agent],
      socketPath: undefined,
      method: 'POST',
      path: '/identity/connect/token',
      _ended: true,
      res: [IncomingMessage],
      aborted: false,
      timeoutCb: null,
      upgradeOrConnect: false,
      parser: null,
      maxHeadersCount: null,
      [Symbol(kNeedDrain)]: false,
      [Symbol(isCorked)]: false,
      [Symbol(kOutHeaders)]: [Object: null prototype]
    },
    protocol: 'https:',
    host: 'qa-login.greatplacetowork.com',
    _endCalled: true,
    _callback: [Function],
    _fullfilledPromise: Promise { [Circular] },
    res: IncomingMessage {
      _readableState: [ReadableState],
      readable: false,
      _events: [Object: null prototype],
      _eventsCount: 3,
      _maxListeners: undefined,
      socket: [TLSSocket],
      connection: [TLSSocket],
      httpVersionMajor: 1,
      httpVersionMinor: 1,
      httpVersion: '1.1',
      complete: true,
      headers: [Object],
      rawHeaders: [Array],
      trailers: {},
      rawTrailers: [],
      aborted: false,
      upgrade: false,
      url: '',
      method: null,
      statusCode: 200,
      statusMessage: 'OK',
      client: [TLSSocket],
      _consuming: false,
      _dumped: false,
      req: [ClientRequest],
      setEncoding: [Function],
      on: [Function],
      text: '{"access_token":"eyJhbGciOiJSUzI1NiIsImtpZCI6IjJFNUI2M0Q1QTcxQTU5NzZEMTNDNUVBNTEwOTk2MkMzMjgyMzJFMDAiLCJ0eXAiOiJKV1QiLCJ4NXQiOiJMbHRqMWFjYVdYYlJQRjZsRUpsaXd5Z2pMZ0EifQ.eyJuYmYiOjE2NDkxODg4NDksImV4cCI6MTY0OTIxNzY0OSwiaXNzIjoiaHR0cHM6Ly9xYS1sb2dpbi5ncmVhdHBsYWNldG93b3JrLmNvbS9pZGVudGl0eS8iLCJhdWQiOiJodHRwczovL3FhLWxvZ2luLmdyZWF0cGxhY2V0b3dvcmsuY29tL2lkZW50aXR5L3Jlc291cmNlcyIsImNsaWVudF9pZCI6IkdwdHdQb3J0YWxDTVAiLCJzdWIiOiI0NmQ3NWQ3OS0zOWU2LTQ1NzUtOGE5ZS1kYTRlYzk5ZWEzMjIiLCJhdXRoX3RpbWUiOjE2NDkxODg4NDksImlkcCI6ImxvY2FsIiwic2NvcGUiOlsiYWxsX2NsYWltcyIsImVtYWlsIiwiR3B0d0NsaWVudExvZ2luU2NvcGUiLCJvcGVuaWQiLCJwcm9maWxlIl0sImFtciI6WyJwd2QiXX0.lgK-3tYjck6kpV_pY-9f0TBTXBpOhLjwCOj67Yf7IQTxekR5ufznicPEw-yWFTfTr9DscgSYwNc_dwfugn581_HtbygkFf3S9aCB1gqaHeCYcdhK-9VFnwrpJMYV90fB5Mw45VxG9fDKhN4tFuWlbPuydETLn1JDWsi25tv4aTzk837T0K5DnDvXeSE8vw2-BHMnjvrDwug-W-cDe0x_B32WjCE77bAhiBht8lat46238uToHHp8nsWWaoUIqluBCkJI2TBQGWPtmYBRiXFV70bWH23m1Hgm6geedC4WL2DJOXQTtze3Nw1lCODmIEQlbXXYD6zlFv47OoCQAy5Hiw","expires_in":28800,"token_type":"Bearer","scope":"all_claims email GptwClientLoginScope openid profile"}'
    },
    _resBuffered: true,
    response: [Circular]
  },
  req: ClientRequest {
    _events: [Object: null prototype] {
      drain: [Function],
      error: [Function],
      prefinish: [Function: requestOnPrefinish]
    },
    _eventsCount: 3,
    _maxListeners: undefined,
    outputData: [],
    outputSize: 0,
    writable: true,
    _last: true,
    chunkedEncoding: false,
    shouldKeepAlive: false,
    useChunkedEncodingByDefault: true,
    sendDate: false,
    _removedConnection: false,
    _removedContLen: false,
    _removedTE: false,
    _contentLength: 191,
    _hasBody: true,
    _trailer: '',
    finished: true,
    _headerSent: true,
    socket: TLSSocket {
      _tlsOptions: [Object],
      _secureEstablished: true,
      _securePending: false,
      _newSessionPending: false,
      _controlReleased: true,
      _SNICallback: null,
      servername: 'qa-login.greatplacetowork.com',
      alpnProtocol: false,
      authorized: true,
      authorizationError: null,
      encrypted: true,
      _events: [Object: null prototype],
      _eventsCount: 8,
      connecting: false,
      _hadError: false,
      _parent: null,
      _host: 'qa-login.greatplacetowork.com',
      _readableState: [ReadableState],
      readable: false,
      _maxListeners: undefined,
      _writableState: [WritableState],
      writable: false,
      allowHalfOpen: false,
      _sockname: null,
      _pendingData: null,
      _pendingEncoding: '',
      server: undefined,
      _server: null,
      ssl: null,
      _requestCert: true,
      _rejectUnauthorized: true,
      parser: null,
      _httpMessage: [Circular],
      [Symbol(res)]: null,
      [Symbol(asyncId)]: 179,
      [Symbol(kHandle)]: null,
      [Symbol(lastWriteQueueSize)]: 0,
      [Symbol(timeout)]: null,
      [Symbol(kBuffer)]: null,
      [Symbol(kBufferCb)]: null,
      [Symbol(kBufferGen)]: null,
      [Symbol(kBytesRead)]: 3028,
      [Symbol(kBytesWritten)]: 390,
      [Symbol(connect-options)]: [Object]
    },
    connection: TLSSocket {
      _tlsOptions: [Object],
      _secureEstablished: true,
      _securePending: false,
      _newSessionPending: false,
      _controlReleased: true,
      _SNICallback: null,
      servername: 'qa-login.greatplacetowork.com',
      alpnProtocol: false,
      authorized: true,
      authorizationError: null,
      encrypted: true,
      _events: [Object: null prototype],
      _eventsCount: 8,
      connecting: false,
      _hadError: false,
      _parent: null,
      _host: 'qa-login.greatplacetowork.com',
      _readableState: [ReadableState],
      readable: false,
      _maxListeners: undefined,
      _writableState: [WritableState],
      writable: false,
      allowHalfOpen: false,
      _sockname: null,
      _pendingData: null,
      _pendingEncoding: '',
      server: undefined,
      _server: null,
      ssl: null,
      _requestCert: true,
      _rejectUnauthorized: true,
      parser: null,
      _httpMessage: [Circular],
      [Symbol(res)]: null,
      [Symbol(asyncId)]: 179,
      [Symbol(kHandle)]: null,
      [Symbol(lastWriteQueueSize)]: 0,
      [Symbol(timeout)]: null,
      [Symbol(kBuffer)]: null,
      [Symbol(kBufferCb)]: null,
      [Symbol(kBufferGen)]: null,
      [Symbol(kBytesRead)]: 3028,
      [Symbol(kBytesWritten)]: 390,
      [Symbol(connect-options)]: [Object]
    },
    _header: 'POST /identity/connect/token HTTP/1.1\r\n' +
      'Host: qa-login.greatplacetowork.com\r\n' +
      'Accept-Encoding: gzip, deflate\r\n' +
      'Content-Type: application/x-www-form-urlencoded\r\n' +
      'Content-Length: 191\r\n' +
      'Connection: close\r\n' +
      '\r\n',
    _onPendingData: [Function: noopPendingOutput],
    agent: Agent {
      _events: [Object: null prototype],
      _eventsCount: 1,
      _maxListeners: undefined,
      defaultPort: 443,
      protocol: 'https:',
      options: [Object],
      requests: {},
      sockets: {},
      freeSockets: {},
      keepAliveMsecs: 1000,
      keepAlive: false,
      maxSockets: Infinity,
      maxFreeSockets: 256,
      maxCachedSessions: 100,
      _sessionCache: [Object]
    },
    socketPath: undefined,
    method: 'POST',
    path: '/identity/connect/token',
    _ended: true,
    res: IncomingMessage {
      _readableState: [ReadableState],
      readable: false,
      _events: [Object: null prototype],
      _eventsCount: 3,
      _maxListeners: undefined,
      socket: [TLSSocket],
      connection: [TLSSocket],
      httpVersionMajor: 1,
      httpVersionMinor: 1,
      httpVersion: '1.1',
      complete: true,
      headers: [Object],
      rawHeaders: [Array],
      trailers: {},
      rawTrailers: [],
      aborted: false,
      upgrade: false,
      url: '',
      method: null,
      statusCode: 200,
      statusMessage: 'OK',
      client: [TLSSocket],
      _consuming: false,
      _dumped: false,
      req: [Circular],
      setEncoding: [Function],
      on: [Function],
      text: '{"access_token":"eyJhbGciOiJSUzI1NiIsImtpZCI6IjJFNUI2M0Q1QTcxQTU5NzZEMTNDNUVBNTEwOTk2MkMzMjgyMzJFMDAiLCJ0eXAiOiJKV1QiLCJ4NXQiOiJMbHRqMWFjYVdYYlJQRjZsRUpsaXd5Z2pMZ0EifQ.eyJuYmYiOjE2NDkxODg4NDksImV4cCI6MTY0OTIxNzY0OSwiaXNzIjoiaHR0cHM6Ly9xYS1sb2dpbi5ncmVhdHBsYWNldG93b3JrLmNvbS9pZGVudGl0eS8iLCJhdWQiOiJodHRwczovL3FhLWxvZ2luLmdyZWF0cGxhY2V0b3dvcmsuY29tL2lkZW50aXR5L3Jlc291cmNlcyIsImNsaWVudF9pZCI6IkdwdHdQb3J0YWxDTVAiLCJzdWIiOiI0NmQ3NWQ3OS0zOWU2LTQ1NzUtOGE5ZS1kYTRlYzk5ZWEzMjIiLCJhdXRoX3RpbWUiOjE2NDkxODg4NDksImlkcCI6ImxvY2FsIiwic2NvcGUiOlsiYWxsX2NsYWltcyIsImVtYWlsIiwiR3B0d0NsaWVudExvZ2luU2NvcGUiLCJvcGVuaWQiLCJwcm9maWxlIl0sImFtciI6WyJwd2QiXX0.lgK-3tYjck6kpV_pY-9f0TBTXBpOhLjwCOj67Yf7IQTxekR5ufznicPEw-yWFTfTr9DscgSYwNc_dwfugn581_HtbygkFf3S9aCB1gqaHeCYcdhK-9VFnwrpJMYV90fB5Mw45VxG9fDKhN4tFuWlbPuydETLn1JDWsi25tv4aTzk837T0K5DnDvXeSE8vw2-BHMnjvrDwug-W-cDe0x_B32WjCE77bAhiBht8lat46238uToHHp8nsWWaoUIqluBCkJI2TBQGWPtmYBRiXFV70bWH23m1Hgm6geedC4WL2DJOXQTtze3Nw1lCODmIEQlbXXYD6zlFv47OoCQAy5Hiw","expires_in":28800,"token_type":"Bearer","scope":"all_claims email GptwClientLoginScope openid profile"}'
    },
    aborted: false,
    timeoutCb: null,
    upgradeOrConnect: false,
    parser: null,
    maxHeadersCount: null,
    [Symbol(kNeedDrain)]: false,
    [Symbol(isCorked)]: false,
    [Symbol(kOutHeaders)]: [Object: null prototype] {
      host: [Array],
      'accept-encoding': [Array],
      'content-type': [Array],
      'content-length': [Array]
    }
  },
  text: '{"access_token":"eyJhbGciOiJSUzI1NiIsImtpZCI6IjJFNUI2M0Q1QTcxQTU5NzZEMTNDNUVBNTEwOTk2MkMzMjgyMzJFMDAiLCJ0eXAiOiJKV1QiLCJ4NXQiOiJMbHRqMWFjYVdYYlJQRjZsRUpsaXd5Z2pMZ0EifQ.eyJuYmYiOjE2NDkxODg4NDksImV4cCI6MTY0OTIxNzY0OSwiaXNzIjoiaHR0cHM6Ly9xYS1sb2dpbi5ncmVhdHBsYWNldG93b3JrLmNvbS9pZGVudGl0eS8iLCJhdWQiOiJodHRwczovL3FhLWxvZ2luLmdyZWF0cGxhY2V0b3dvcmsuY29tL2lkZW50aXR5L3Jlc291cmNlcyIsImNsaWVudF9pZCI6IkdwdHdQb3J0YWxDTVAiLCJzdWIiOiI0NmQ3NWQ3OS0zOWU2LTQ1NzUtOGE5ZS1kYTRlYzk5ZWEzMjIiLCJhdXRoX3RpbWUiOjE2NDkxODg4NDksImlkcCI6ImxvY2FsIiwic2NvcGUiOlsiYWxsX2NsYWltcyIsImVtYWlsIiwiR3B0d0NsaWVudExvZ2luU2NvcGUiLCJvcGVuaWQiLCJwcm9maWxlIl0sImFtciI6WyJwd2QiXX0.lgK-3tYjck6kpV_pY-9f0TBTXBpOhLjwCOj67Yf7IQTxekR5ufznicPEw-yWFTfTr9DscgSYwNc_dwfugn581_HtbygkFf3S9aCB1gqaHeCYcdhK-9VFnwrpJMYV90fB5Mw45VxG9fDKhN4tFuWlbPuydETLn1JDWsi25tv4aTzk837T0K5DnDvXeSE8vw2-BHMnjvrDwug-W-cDe0x_B32WjCE77bAhiBht8lat46238uToHHp8nsWWaoUIqluBCkJI2TBQGWPtmYBRiXFV70bWH23m1Hgm6geedC4WL2DJOXQTtze3Nw1lCODmIEQlbXXYD6zlFv47OoCQAy5Hiw","expires_in":28800,"token_type":"Bearer","scope":"all_claims email GptwClientLoginScope openid profile"}',
  body: {
    access_token: 'eyJhbGciOiJSUzI1NiIsImtpZCI6IjJFNUI2M0Q1QTcxQTU5NzZEMTNDNUVBNTEwOTk2MkMzMjgyMzJFMDAiLCJ0eXAiOiJKV1QiLCJ4NXQiOiJMbHRqMWFjYVdYYlJQRjZsRUpsaXd5Z2pMZ0EifQ.eyJuYmYiOjE2NDkxODg4NDksImV4cCI6MTY0OTIxNzY0OSwiaXNzIjoiaHR0cHM6Ly9xYS1sb2dpbi5ncmVhdHBsYWNldG93b3JrLmNvbS9pZGVudGl0eS8iLCJhdWQiOiJodHRwczovL3FhLWxvZ2luLmdyZWF0cGxhY2V0b3dvcmsuY29tL2lkZW50aXR5L3Jlc291cmNlcyIsImNsaWVudF9pZCI6IkdwdHdQb3J0YWxDTVAiLCJzdWIiOiI0NmQ3NWQ3OS0zOWU2LTQ1NzUtOGE5ZS1kYTRlYzk5ZWEzMjIiLCJhdXRoX3RpbWUiOjE2NDkxODg4NDksImlkcCI6ImxvY2FsIiwic2NvcGUiOlsiYWxsX2NsYWltcyIsImVtYWlsIiwiR3B0d0NsaWVudExvZ2luU2NvcGUiLCJvcGVuaWQiLCJwcm9maWxlIl0sImFtciI6WyJwd2QiXX0.lgK-3tYjck6kpV_pY-9f0TBTXBpOhLjwCOj67Yf7IQTxekR5ufznicPEw-yWFTfTr9DscgSYwNc_dwfugn581_HtbygkFf3S9aCB1gqaHeCYcdhK-9VFnwrpJMYV90fB5Mw45VxG9fDKhN4tFuWlbPuydETLn1JDWsi25tv4aTzk837T0K5DnDvXeSE8vw2-BHMnjvrDwug-W-cDe0x_B32WjCE77bAhiBht8lat46238uToHHp8nsWWaoUIqluBCkJI2TBQGWPtmYBRiXFV70bWH23m1Hgm6geedC4WL2DJOXQTtze3Nw1lCODmIEQlbXXYD6zlFv47OoCQAy5Hiw',
    expires_in: 28800,
    token_type: 'Bearer',
    scope: 'all_claims email GptwClientLoginScope openid profile'
  },
  files: undefined,
  buffered: true,
  headers: {
    date: 'Tue, 05 Apr 2022 20:00:49 GMT',
    'content-type': 'application/json; charset=utf-8',
    'content-length': '1188',
    connection: 'close',
    server: 'Microsoft-IIS/10.0',
    'cache-control': 'no-store, no-cache, max-age=0',
    'content-encoding': 'gzip',
    pragma: 'no-cache',
    'set-cookie': [
      'ARRAffinity=2796f7188e8db6496639c7f92b4305cd5a1535d76ca0187e83794f06c54193a7;Path=/;HttpOnly;Secure;Domain=qa-login.greatplacetowork.com',
      'ARRAffinitySameSite=2796f7188e8db6496639c7f92b4305cd5a1535d76ca0187e83794f06c54193a7;Path=/;HttpOnly;SameSite=None;Secure;Domain=qa-login.greatplacetowork.com'
    ],
    vary: 'Accept-Encoding',
    'request-context': 'appId=cid-v1:6788e55e-64df-42a4-86a4-3a2a15af6257',
    'x-powered-by': 'ASP.NET',
    'strict-transport-security': 'max-age=63072000; includeSubDomains; preload',
    'x-content-type-options': 'nosniff',
    'content-security-policy': "default-src 'none';base-uri https://*.greatplacetowork.com https://*.emprising.com; connect-src 'self' https://dc.services.visualstudio.com wss://*.greatplacetowork.com wss://*.emprising.com https://*.greatplacetowork.com https://*.emprising.com;script-src 'self' 'unsafe-inline' https://platform.twitter.com/widgets.js https://ajax.aspnetcdn.com https://*.vo.msecnd.net https://*.greatplacetowork.com https://*.emprising.com 'report-sample'; img-src 'self'; style-src 'self' 'unsafe-inline' https://fonts.googleapis.com https://ajax.aspnetcdn.com https://*.greatplacetowork.com https://*.emprising.com;form-action 'self' https://login.windows.net https://login.microsoftonline.com https://*.greatplacetowork.com;font-src 'self' 'unsafe-inline' https://fonts.gstatic.com https://ajax.aspnetcdn.com; object-src 'none';frame-src https://platform.twitter.com https://*.greatplacetowork.com https://*.emprising.com;upgrade-insecure-requests; report-uri https://qa-elk.emprising.com/csp_reports;",
    'x-xss-protection': '1'
  },
  header: {
    date: 'Tue, 05 Apr 2022 20:00:49 GMT',
    'content-type': 'application/json; charset=utf-8',
    'content-length': '1188',
    connection: 'close',
    server: 'Microsoft-IIS/10.0',
    'cache-control': 'no-store, no-cache, max-age=0',
    'content-encoding': 'gzip',
    pragma: 'no-cache',
    'set-cookie': [
      'ARRAffinity=2796f7188e8db6496639c7f92b4305cd5a1535d76ca0187e83794f06c54193a7;Path=/;HttpOnly;Secure;Domain=qa-login.greatplacetowork.com',
      'ARRAffinitySameSite=2796f7188e8db6496639c7f92b4305cd5a1535d76ca0187e83794f06c54193a7;Path=/;HttpOnly;SameSite=None;Secure;Domain=qa-login.greatplacetowork.com'
    ],
    vary: 'Accept-Encoding',
    'request-context': 'appId=cid-v1:6788e55e-64df-42a4-86a4-3a2a15af6257',
    'x-powered-by': 'ASP.NET',
    'strict-transport-security': 'max-age=63072000; includeSubDomains; preload',
    'x-content-type-options': 'nosniff',
    'content-security-policy': "default-src 'none';base-uri https://*.greatplacetowork.com https://*.emprising.com; connect-src 'self' https://dc.services.visualstudio.com wss://*.greatplacetowork.com wss://*.emprising.com https://*.greatplacetowork.com https://*.emprising.com;script-src 'self' 'unsafe-inline' https://platform.twitter.com/widgets.js https://ajax.aspnetcdn.com https://*.vo.msecnd.net https://*.greatplacetowork.com https://*.emprising.com 'report-sample'; img-src 'self'; style-src 'self' 'unsafe-inline' https://fonts.googleapis.com https://ajax.aspnetcdn.com https://*.greatplacetowork.com https://*.emprising.com;form-action 'self' https://login.windows.net https://login.microsoftonline.com https://*.greatplacetowork.com;font-src 'self' 'unsafe-inline' https://fonts.gstatic.com https://ajax.aspnetcdn.com; object-src 'none';frame-src https://platform.twitter.com https://*.greatplacetowork.com https://*.emprising.com;upgrade-insecure-requests; report-uri https://qa-elk.emprising.com/csp_reports;",
    'x-xss-protection': '1'
  },
  statusCode: 200,
  status: 200,
  statusType: 2,
  info: false,
  ok: true,
  redirect: false,
  clientError: false,
  serverError: false,
  error: false,
  created: false,
  accepted: false,
  noContent: false,
  badRequest: false,
  unauthorized: false,
  notAcceptable: false,
  forbidden: false,
  notFound: false,
  unprocessableEntity: false,
  type: 'application/json',
  charset: 'utf-8',
  links: {},
  setEncoding: [Function: bound ],
  redirects: [],
  pipe: [Function]
}
[2022-04-05T22:01:17.221] [TRACE] cheese - {
  duration: { seconds: 1, nanos: 50000000 },
  status: 'FAILED',
  message: 'Error: expected 200 "OK", got 400 "Bad Request"\n' +
    '    at CustomWorld.<anonymous> (/home/andrej/selenium-cucumber/stepDefinitions/API/userdata/get-columns.js:13:6)\n' +
    '----\n' +
    '    at Test._assertStatus (/home/andrej/selenium-cucumber/node_modules/supertest/lib/test.js:304:12)\n' +
    '    at /home/andrej/selenium-cucumber/node_modules/supertest/lib/test.js:80:15\n' +
    '    at Test._assertFunction (/home/andrej/selenium-cucumber/node_modules/supertest/lib/test.js:338:11)\n' +
    '    at Test.assert (/home/andrej/selenium-cucumber/node_modules/supertest/lib/test.js:209:21)\n' +
    '    at localAssert (/home/andrej/selenium-cucumber/node_modules/supertest/lib/test.js:167:12)\n' +
    '    at /home/andrej/selenium-cucumber/node_modules/supertest/lib/test.js:164:5\n' +
    '    at Test.callback (/home/andrej/selenium-cucumber/node_modules/superagent-retry-delay/src/index.js:97:3)\n' +
    '    at /home/andrej/selenium-cucumber/node_modules/superagent/lib/node/index.js:1127:20\n' +
    '    at IncomingMessage.<anonymous> (/home/andrej/selenium-cucumber/node_modules/superagent/lib/node/parsers/json.js:22:7)\n' +
    '    at IncomingMessage.emit (events.js:228:7)\n' +
    '    at endReadableNT (_stream_readable.js:1185:12)\n' +
    '    at processTicksAndRejections (internal/process/task_queues.js:81:21)',
  willBeRetried: false
}
