[2022-04-05T15:29:01.354] [TRACE] cheese - Response {
  _events: [Object: null prototype] {},
  _eventsCount: 0,
  _maxListeners: undefined,
  res: IncomingMessage {
    _readableState: ReadableState {
      objectMode: false,
      highWaterMark: 16384,
      buffer: BufferList { head: null, tail: null, length: 0 },
      length: 0,
      pipes: null,
      pipesCount: 0,
      flowing: false,
      ended: true,
      endEmitted: true,
      reading: false,
      sync: true,
      needReadable: false,
      emittedReadable: false,
      readableListening: false,
      resumeScheduled: false,
      paused: false,
      emitClose: true,
      autoDestroy: false,
      destroyed: false,
      defaultEncoding: 'utf8',
      awaitDrain: 0,
      readingMore: true,
      decoder: null,
      encoding: null
    },
    readable: false,
    _events: [Object: null prototype] {
      end: [Function: responseOnEnd],
      error: [Array],
      close: [Function: bound emit]
    },
    _eventsCount: 3,
    _maxListeners: undefined,
    socket: TLSSocket {
      _tlsOptions: [Object],
      _secureEstablished: true,
      _securePending: false,
      _newSessionPending: false,
      _controlReleased: true,
      _SNICallback: null,
      servername: 'qa-login.greatplacetowork.com',
      alpnProtocol: false,
      authorized: true,
      authorizationError: null,
      encrypted: true,
      _events: [Object: null prototype],
      _eventsCount: 8,
      connecting: false,
      _hadError: false,
      _parent: null,
      _host: 'qa-login.greatplacetowork.com',
      _readableState: [ReadableState],
      readable: false,
      _maxListeners: undefined,
      _writableState: [WritableState],
      writable: false,
      allowHalfOpen: false,
      _sockname: null,
      _pendingData: null,
      _pendingEncoding: '',
      server: undefined,
      _server: null,
      ssl: null,
      _requestCert: true,
      _rejectUnauthorized: true,
      parser: null,
      _httpMessage: [ClientRequest],
      [Symbol(res)]: null,
      [Symbol(asyncId)]: 151,
      [Symbol(kHandle)]: null,
      [Symbol(lastWriteQueueSize)]: 0,
      [Symbol(timeout)]: null,
      [Symbol(kBuffer)]: null,
      [Symbol(kBufferCb)]: null,
      [Symbol(kBufferGen)]: null,
      [Symbol(kBytesRead)]: 3024,
      [Symbol(kBytesWritten)]: 405,
      [Symbol(connect-options)]: [Object]
    },
    connection: TLSSocket {
      _tlsOptions: [Object],
      _secureEstablished: true,
      _securePending: false,
      _newSessionPending: false,
      _controlReleased: true,
      _SNICallback: null,
      servername: 'qa-login.greatplacetowork.com',
      alpnProtocol: false,
      authorized: true,
      authorizationError: null,
      encrypted: true,
      _events: [Object: null prototype],
      _eventsCount: 8,
      connecting: false,
      _hadError: false,
      _parent: null,
      _host: 'qa-login.greatplacetowork.com',
      _readableState: [ReadableState],
      readable: false,
      _maxListeners: undefined,
      _writableState: [WritableState],
      writable: false,
      allowHalfOpen: false,
      _sockname: null,
      _pendingData: null,
      _pendingEncoding: '',
      server: undefined,
      _server: null,
      ssl: null,
      _requestCert: true,
      _rejectUnauthorized: true,
      parser: null,
      _httpMessage: [ClientRequest],
      [Symbol(res)]: null,
      [Symbol(asyncId)]: 151,
      [Symbol(kHandle)]: null,
      [Symbol(lastWriteQueueSize)]: 0,
      [Symbol(timeout)]: null,
      [Symbol(kBuffer)]: null,
      [Symbol(kBufferCb)]: null,
      [Symbol(kBufferGen)]: null,
      [Symbol(kBytesRead)]: 3024,
      [Symbol(kBytesWritten)]: 405,
      [Symbol(connect-options)]: [Object]
    },
    httpVersionMajor: 1,
    httpVersionMinor: 1,
    httpVersion: '1.1',
    complete: true,
    headers: {
      date: 'Tue, 05 Apr 2022 13:29:01 GMT',
      'content-type': 'application/json; charset=utf-8',
      'content-length': '1184',
      connection: 'close',
      server: 'Microsoft-IIS/10.0',
      'cache-control': 'no-store, no-cache, max-age=0',
      'content-encoding': 'gzip',
      pragma: 'no-cache',
      'set-cookie': [Array],
      vary: 'Accept-Encoding',
      'request-context': 'appId=cid-v1:6788e55e-64df-42a4-86a4-3a2a15af6257',
      'x-powered-by': 'ASP.NET',
      'strict-transport-security': 'max-age=63072000; includeSubDomains; preload',
      'x-content-type-options': 'nosniff',
      'content-security-policy': "default-src 'none';base-uri https://*.greatplacetowork.com https://*.emprising.com; connect-src 'self' https://dc.services.visualstudio.com wss://*.greatplacetowork.com wss://*.emprising.com https://*.greatplacetowork.com https://*.emprising.com;script-src 'self' 'unsafe-inline' https://platform.twitter.com/widgets.js https://ajax.aspnetcdn.com https://*.vo.msecnd.net https://*.greatplacetowork.com https://*.emprising.com 'report-sample'; img-src 'self'; style-src 'self' 'unsafe-inline' https://fonts.googleapis.com https://ajax.aspnetcdn.com https://*.greatplacetowork.com https://*.emprising.com;form-action 'self' https://login.windows.net https://login.microsoftonline.com https://*.greatplacetowork.com;font-src 'self' 'unsafe-inline' https://fonts.gstatic.com https://ajax.aspnetcdn.com; object-src 'none';frame-src https://platform.twitter.com https://*.greatplacetowork.com https://*.emprising.com;upgrade-insecure-requests; report-uri https://qa-elk.emprising.com/csp_reports;",
      'x-xss-protection': '1'
    },
    rawHeaders: [
      'Date',
      'Tue, 05 Apr 2022 13:29:01 GMT',
      'Content-Type',
      'application/json; charset=utf-8',
      'Content-Length',
      '1184',
      'Connection',
      'close',
      'Server',
      'Microsoft-IIS/10.0',
      'Cache-Control',
      'no-store, no-cache, max-age=0',
      'Content-Encoding',
      'gzip',
      'Pragma',
      'no-cache',
      'Set-Cookie',
      'ARRAffinity=2796f7188e8db6496639c7f92b4305cd5a1535d76ca0187e83794f06c54193a7;Path=/;HttpOnly;Secure;Domain=qa-login.greatplacetowork.com',
      'Set-Cookie',
      'ARRAffinitySameSite=2796f7188e8db6496639c7f92b4305cd5a1535d76ca0187e83794f06c54193a7;Path=/;HttpOnly;SameSite=None;Secure;Domain=qa-login.greatplacetowork.com',
      'Vary',
      'Accept-Encoding',
      'Request-Context',
      'appId=cid-v1:6788e55e-64df-42a4-86a4-3a2a15af6257',
      'X-Powered-By',
      'ASP.NET',
      'Strict-Transport-Security',
      'max-age=63072000; includeSubDomains; preload',
      'X-Content-Type-Options',
      'nosniff',
      'Content-Security-Policy',
      "default-src 'none';base-uri https://*.greatplacetowork.com https://*.emprising.com; connect-src 'self' https://dc.services.visualstudio.com wss://*.greatplacetowork.com wss://*.emprising.com https://*.greatplacetowork.com https://*.emprising.com;script-src 'self' 'unsafe-inline' https://platform.twitter.com/widgets.js https://ajax.aspnetcdn.com https://*.vo.msecnd.net https://*.greatplacetowork.com https://*.emprising.com 'report-sample'; img-src 'self'; style-src 'self' 'unsafe-inline' https://fonts.googleapis.com https://ajax.aspnetcdn.com https://*.greatplacetowork.com https://*.emprising.com;form-action 'self' https://login.windows.net https://login.microsoftonline.com https://*.greatplacetowork.com;font-src 'self' 'unsafe-inline' https://fonts.gstatic.com https://ajax.aspnetcdn.com; object-src 'none';frame-src https://platform.twitter.com https://*.greatplacetowork.com https://*.emprising.com;upgrade-insecure-requests; report-uri https://qa-elk.emprising.com/csp_reports;",
      'X-XSS-Protection',
      '1'
    ],
    trailers: {},
    rawTrailers: [],
    aborted: false,
    upgrade: false,
    url: '',
    method: null,
    statusCode: 200,
    statusMessage: 'OK',
    client: TLSSocket {
      _tlsOptions: [Object],
      _secureEstablished: true,
      _securePending: false,
      _newSessionPending: false,
      _controlReleased: true,
      _SNICallback: null,
      servername: 'qa-login.greatplacetowork.com',
      alpnProtocol: false,
      authorized: true,
      authorizationError: null,
      encrypted: true,
      _events: [Object: null prototype],
      _eventsCount: 8,
      connecting: false,
      _hadError: false,
      _parent: null,
      _host: 'qa-login.greatplacetowork.com',
      _readableState: [ReadableState],
      readable: false,
      _maxListeners: undefined,
      _writableState: [WritableState],
      writable: false,
      allowHalfOpen: false,
      _sockname: null,
      _pendingData: null,
      _pendingEncoding: '',
      server: undefined,
      _server: null,
      ssl: null,
      _requestCert: true,
      _rejectUnauthorized: true,
      parser: null,
      _httpMessage: [ClientRequest],
      [Symbol(res)]: null,
      [Symbol(asyncId)]: 151,
      [Symbol(kHandle)]: null,
      [Symbol(lastWriteQueueSize)]: 0,
      [Symbol(timeout)]: null,
      [Symbol(kBuffer)]: null,
      [Symbol(kBufferCb)]: null,
      [Symbol(kBufferGen)]: null,
      [Symbol(kBytesRead)]: 3024,
      [Symbol(kBytesWritten)]: 405,
      [Symbol(connect-options)]: [Object]
    },
    _consuming: false,
    _dumped: false,
    req: ClientRequest {
      _events: [Object: null prototype],
      _eventsCount: 3,
      _maxListeners: undefined,
      outputData: [],
      outputSize: 0,
      writable: true,
      _last: true,
      chunkedEncoding: false,
      shouldKeepAlive: false,
      useChunkedEncodingByDefault: true,
      sendDate: false,
      _removedConnection: false,
      _removedContLen: false,
      _removedTE: false,
      _contentLength: 206,
      _hasBody: true,
      _trailer: '',
      finished: true,
      _headerSent: true,
      socket: [TLSSocket],
      connection: [TLSSocket],
      _header: 'POST /identity/connect/token HTTP/1.1\r\n' +
        'Host: qa-login.greatplacetowork.com\r\n' +
        'Accept-Encoding: gzip, deflate\r\n' +
        'Content-Type: application/x-www-form-urlencoded\r\n' +
        'Content-Length: 206\r\n' +
        'Connection: close\r\n' +
        '\r\n',
      _onPendingData: [Function: noopPendingOutput],
      agent: [Agent],
      socketPath: undefined,
      method: 'POST',
      path: '/identity/connect/token',
      _ended: true,
      res: [Circular],
      aborted: false,
      timeoutCb: null,
      upgradeOrConnect: false,
      parser: null,
      maxHeadersCount: null,
      [Symbol(kNeedDrain)]: false,
      [Symbol(isCorked)]: false,
      [Symbol(kOutHeaders)]: [Object: null prototype]
    },
    setEncoding: [Function],
    on: [Function],
    text: '{"access_token":"eyJhbGciOiJSUzI1NiIsImtpZCI6IjJFNUI2M0Q1QTcxQTU5NzZEMTNDNUVBNTEwOTk2MkMzMjgyMzJFMDAiLCJ0eXAiOiJKV1QiLCJ4NXQiOiJMbHRqMWFjYVdYYlJQRjZsRUpsaXd5Z2pMZ0EifQ.eyJuYmYiOjE2NDkxNjUzNDEsImV4cCI6MTY0OTE5NDE0MSwiaXNzIjoiaHR0cHM6Ly9xYS1sb2dpbi5ncmVhdHBsYWNldG93b3JrLmNvbS9pZGVudGl0eS8iLCJhdWQiOiJodHRwczovL3FhLWxvZ2luLmdyZWF0cGxhY2V0b3dvcmsuY29tL2lkZW50aXR5L3Jlc291cmNlcyIsImNsaWVudF9pZCI6IkdwdHdQb3J0YWxDTVAiLCJzdWIiOiJiZWNiYzQ1YS0xYWFmLTQ3NzEtOTZiYi0xZTQ1YmY4OWNkODkiLCJhdXRoX3RpbWUiOjE2NDkxNjUzNDEsImlkcCI6ImxvY2FsIiwic2NvcGUiOlsiYWxsX2NsYWltcyIsImVtYWlsIiwiR3B0d0NsaWVudExvZ2luU2NvcGUiLCJvcGVuaWQiLCJwcm9maWxlIl0sImFtciI6WyJwd2QiXX0.QIVEB5PCJxVeA1cGDrBVo1HUN4eXe2jGsneOFrKj5TRtU_mMg_RRTuR8N-facOlfZFKrWhkWrOeEZi80fUC1woxXb1OlQZtXDurm1lwynu2WR-j9HkQvc88na3khHiUEeKWi06lfijX7soChxeF2sq6FrybMG8wL8N72889W9FsYdzaRR5aseMOefEK9pImXVuyM4tTlcAxb7dEqrJQwsqrvaKDPeUQCtSAAiSHlv_vvURjIRyQ4GlMA5yt9Y6Jzv0Bj0ldQ4GFR4ursGlAQmxTF4TSnBuSJPkJ77NXoc7Bzh4wfm6MaLTvyOnavJc53RFN6SsGG-p8jeBX2YTUytA","expires_in":28800,"token_type":"Bearer","scope":"all_claims email GptwClientLoginScope openid profile"}'
  },
  request: Test {
    _events: [Object: null prototype] { abort: [Function] },
    _eventsCount: 1,
    _maxListeners: undefined,
    _enableHttp2: false,
    _agent: false,
    _formData: null,
    method: 'POST',
    url: 'https://qa-login.greatplacetowork.com/identity/connect/token',
    _header: { 'content-type': 'application/x-www-form-urlencoded' },
    header: { 'Content-Type': 'application/x-www-form-urlencoded' },
    writable: true,
    _redirects: 0,
    _maxRedirects: 0,
    cookies: '',
    qs: {},
    _query: [],
    qsRaw: [],
    _redirectList: [],
    _streamRequest: false,
    _buffer: true,
    app: 'https://qa-login.greatplacetowork.com/identity/connect/token',
    _asserts: [ [Function] ],
    _data: 'grant_type=password&scope=openid GptwClientLoginScope all_claims profile email&username=stefan.andrej.marjanovic%2Bsupertest%40htecgroup.com&password=Andrej10.10&client_id=GptwPortalCMP&client_secret=secret',
    req: ClientRequest {
      _events: [Object: null prototype],
      _eventsCount: 3,
      _maxListeners: undefined,
      outputData: [],
      outputSize: 0,
      writable: true,
      _last: true,
      chunkedEncoding: false,
      shouldKeepAlive: false,
      useChunkedEncodingByDefault: true,
      sendDate: false,
      _removedConnection: false,
      _removedContLen: false,
      _removedTE: false,
      _contentLength: 206,
      _hasBody: true,
      _trailer: '',
      finished: true,
      _headerSent: true,
      socket: [TLSSocket],
      connection: [TLSSocket],
      _header: 'POST /identity/connect/token HTTP/1.1\r\n' +
        'Host: qa-login.greatplacetowork.com\r\n' +
        'Accept-Encoding: gzip, deflate\r\n' +
        'Content-Type: application/x-www-form-urlencoded\r\n' +
        'Content-Length: 206\r\n' +
        'Connection: close\r\n' +
        '\r\n',
      _onPendingData: [Function: noopPendingOutput],
      agent: [Agent],
      socketPath: undefined,
      method: 'POST',
      path: '/identity/connect/token',
      _ended: true,
      res: [IncomingMessage],
      aborted: false,
      timeoutCb: null,
      upgradeOrConnect: false,
      parser: null,
      maxHeadersCount: null,
      [Symbol(kNeedDrain)]: false,
      [Symbol(isCorked)]: false,
      [Symbol(kOutHeaders)]: [Object: null prototype]
    },
    protocol: 'https:',
    host: 'qa-login.greatplacetowork.com',
    _endCalled: true,
    _callback: [Function],
    _fullfilledPromise: Promise { [Circular] },
    res: IncomingMessage {
      _readableState: [ReadableState],
      readable: false,
      _events: [Object: null prototype],
      _eventsCount: 3,
      _maxListeners: undefined,
      socket: [TLSSocket],
      connection: [TLSSocket],
      httpVersionMajor: 1,
      httpVersionMinor: 1,
      httpVersion: '1.1',
      complete: true,
      headers: [Object],
      rawHeaders: [Array],
      trailers: {},
      rawTrailers: [],
      aborted: false,
      upgrade: false,
      url: '',
      method: null,
      statusCode: 200,
      statusMessage: 'OK',
      client: [TLSSocket],
      _consuming: false,
      _dumped: false,
      req: [ClientRequest],
      setEncoding: [Function],
      on: [Function],
      text: '{"access_token":"eyJhbGciOiJSUzI1NiIsImtpZCI6IjJFNUI2M0Q1QTcxQTU5NzZEMTNDNUVBNTEwOTk2MkMzMjgyMzJFMDAiLCJ0eXAiOiJKV1QiLCJ4NXQiOiJMbHRqMWFjYVdYYlJQRjZsRUpsaXd5Z2pMZ0EifQ.eyJuYmYiOjE2NDkxNjUzNDEsImV4cCI6MTY0OTE5NDE0MSwiaXNzIjoiaHR0cHM6Ly9xYS1sb2dpbi5ncmVhdHBsYWNldG93b3JrLmNvbS9pZGVudGl0eS8iLCJhdWQiOiJodHRwczovL3FhLWxvZ2luLmdyZWF0cGxhY2V0b3dvcmsuY29tL2lkZW50aXR5L3Jlc291cmNlcyIsImNsaWVudF9pZCI6IkdwdHdQb3J0YWxDTVAiLCJzdWIiOiJiZWNiYzQ1YS0xYWFmLTQ3NzEtOTZiYi0xZTQ1YmY4OWNkODkiLCJhdXRoX3RpbWUiOjE2NDkxNjUzNDEsImlkcCI6ImxvY2FsIiwic2NvcGUiOlsiYWxsX2NsYWltcyIsImVtYWlsIiwiR3B0d0NsaWVudExvZ2luU2NvcGUiLCJvcGVuaWQiLCJwcm9maWxlIl0sImFtciI6WyJwd2QiXX0.QIVEB5PCJxVeA1cGDrBVo1HUN4eXe2jGsneOFrKj5TRtU_mMg_RRTuR8N-facOlfZFKrWhkWrOeEZi80fUC1woxXb1OlQZtXDurm1lwynu2WR-j9HkQvc88na3khHiUEeKWi06lfijX7soChxeF2sq6FrybMG8wL8N72889W9FsYdzaRR5aseMOefEK9pImXVuyM4tTlcAxb7dEqrJQwsqrvaKDPeUQCtSAAiSHlv_vvURjIRyQ4GlMA5yt9Y6Jzv0Bj0ldQ4GFR4ursGlAQmxTF4TSnBuSJPkJ77NXoc7Bzh4wfm6MaLTvyOnavJc53RFN6SsGG-p8jeBX2YTUytA","expires_in":28800,"token_type":"Bearer","scope":"all_claims email GptwClientLoginScope openid profile"}'
    },
    _resBuffered: true,
    response: [Circular]
  },
  req: ClientRequest {
    _events: [Object: null prototype] {
      drain: [Function],
      error: [Function],
      prefinish: [Function: requestOnPrefinish]
    },
    _eventsCount: 3,
    _maxListeners: undefined,
    outputData: [],
    outputSize: 0,
    writable: true,
    _last: true,
    chunkedEncoding: false,
    shouldKeepAlive: false,
    useChunkedEncodingByDefault: true,
    sendDate: false,
    _removedConnection: false,
    _removedContLen: false,
    _removedTE: false,
    _contentLength: 206,
    _hasBody: true,
    _trailer: '',
    finished: true,
    _headerSent: true,
    socket: TLSSocket {
      _tlsOptions: [Object],
      _secureEstablished: true,
      _securePending: false,
      _newSessionPending: false,
      _controlReleased: true,
      _SNICallback: null,
      servername: 'qa-login.greatplacetowork.com',
      alpnProtocol: false,
      authorized: true,
      authorizationError: null,
      encrypted: true,
      _events: [Object: null prototype],
      _eventsCount: 8,
      connecting: false,
      _hadError: false,
      _parent: null,
      _host: 'qa-login.greatplacetowork.com',
      _readableState: [ReadableState],
      readable: false,
      _maxListeners: undefined,
      _writableState: [WritableState],
      writable: false,
      allowHalfOpen: false,
      _sockname: null,
      _pendingData: null,
      _pendingEncoding: '',
      server: undefined,
      _server: null,
      ssl: null,
      _requestCert: true,
      _rejectUnauthorized: true,
      parser: null,
      _httpMessage: [Circular],
      [Symbol(res)]: null,
      [Symbol(asyncId)]: 151,
      [Symbol(kHandle)]: null,
      [Symbol(lastWriteQueueSize)]: 0,
      [Symbol(timeout)]: null,
      [Symbol(kBuffer)]: null,
      [Symbol(kBufferCb)]: null,
      [Symbol(kBufferGen)]: null,
      [Symbol(kBytesRead)]: 3024,
      [Symbol(kBytesWritten)]: 405,
      [Symbol(connect-options)]: [Object]
    },
    connection: TLSSocket {
      _tlsOptions: [Object],
      _secureEstablished: true,
      _securePending: false,
      _newSessionPending: false,
      _controlReleased: true,
      _SNICallback: null,
      servername: 'qa-login.greatplacetowork.com',
      alpnProtocol: false,
      authorized: true,
      authorizationError: null,
      encrypted: true,
      _events: [Object: null prototype],
      _eventsCount: 8,
      connecting: false,
      _hadError: false,
      _parent: null,
      _host: 'qa-login.greatplacetowork.com',
      _readableState: [ReadableState],
      readable: false,
      _maxListeners: undefined,
      _writableState: [WritableState],
      writable: false,
      allowHalfOpen: false,
      _sockname: null,
      _pendingData: null,
      _pendingEncoding: '',
      server: undefined,
      _server: null,
      ssl: null,
      _requestCert: true,
      _rejectUnauthorized: true,
      parser: null,
      _httpMessage: [Circular],
      [Symbol(res)]: null,
      [Symbol(asyncId)]: 151,
      [Symbol(kHandle)]: null,
      [Symbol(lastWriteQueueSize)]: 0,
      [Symbol(timeout)]: null,
      [Symbol(kBuffer)]: null,
      [Symbol(kBufferCb)]: null,
      [Symbol(kBufferGen)]: null,
      [Symbol(kBytesRead)]: 3024,
      [Symbol(kBytesWritten)]: 405,
      [Symbol(connect-options)]: [Object]
    },
    _header: 'POST /identity/connect/token HTTP/1.1\r\n' +
      'Host: qa-login.greatplacetowork.com\r\n' +
      'Accept-Encoding: gzip, deflate\r\n' +
      'Content-Type: application/x-www-form-urlencoded\r\n' +
      'Content-Length: 206\r\n' +
      'Connection: close\r\n' +
      '\r\n',
    _onPendingData: [Function: noopPendingOutput],
    agent: Agent {
      _events: [Object: null prototype],
      _eventsCount: 1,
      _maxListeners: undefined,
      defaultPort: 443,
      protocol: 'https:',
      options: [Object],
      requests: {},
      sockets: {},
      freeSockets: {},
      keepAliveMsecs: 1000,
      keepAlive: false,
      maxSockets: Infinity,
      maxFreeSockets: 256,
      maxCachedSessions: 100,
      _sessionCache: [Object]
    },
    socketPath: undefined,
    method: 'POST',
    path: '/identity/connect/token',
    _ended: true,
    res: IncomingMessage {
      _readableState: [ReadableState],
      readable: false,
      _events: [Object: null prototype],
      _eventsCount: 3,
      _maxListeners: undefined,
      socket: [TLSSocket],
      connection: [TLSSocket],
      httpVersionMajor: 1,
      httpVersionMinor: 1,
      httpVersion: '1.1',
      complete: true,
      headers: [Object],
      rawHeaders: [Array],
      trailers: {},
      rawTrailers: [],
      aborted: false,
      upgrade: false,
      url: '',
      method: null,
      statusCode: 200,
      statusMessage: 'OK',
      client: [TLSSocket],
      _consuming: false,
      _dumped: false,
      req: [Circular],
      setEncoding: [Function],
      on: [Function],
      text: '{"access_token":"eyJhbGciOiJSUzI1NiIsImtpZCI6IjJFNUI2M0Q1QTcxQTU5NzZEMTNDNUVBNTEwOTk2MkMzMjgyMzJFMDAiLCJ0eXAiOiJKV1QiLCJ4NXQiOiJMbHRqMWFjYVdYYlJQRjZsRUpsaXd5Z2pMZ0EifQ.eyJuYmYiOjE2NDkxNjUzNDEsImV4cCI6MTY0OTE5NDE0MSwiaXNzIjoiaHR0cHM6Ly9xYS1sb2dpbi5ncmVhdHBsYWNldG93b3JrLmNvbS9pZGVudGl0eS8iLCJhdWQiOiJodHRwczovL3FhLWxvZ2luLmdyZWF0cGxhY2V0b3dvcmsuY29tL2lkZW50aXR5L3Jlc291cmNlcyIsImNsaWVudF9pZCI6IkdwdHdQb3J0YWxDTVAiLCJzdWIiOiJiZWNiYzQ1YS0xYWFmLTQ3NzEtOTZiYi0xZTQ1YmY4OWNkODkiLCJhdXRoX3RpbWUiOjE2NDkxNjUzNDEsImlkcCI6ImxvY2FsIiwic2NvcGUiOlsiYWxsX2NsYWltcyIsImVtYWlsIiwiR3B0d0NsaWVudExvZ2luU2NvcGUiLCJvcGVuaWQiLCJwcm9maWxlIl0sImFtciI6WyJwd2QiXX0.QIVEB5PCJxVeA1cGDrBVo1HUN4eXe2jGsneOFrKj5TRtU_mMg_RRTuR8N-facOlfZFKrWhkWrOeEZi80fUC1woxXb1OlQZtXDurm1lwynu2WR-j9HkQvc88na3khHiUEeKWi06lfijX7soChxeF2sq6FrybMG8wL8N72889W9FsYdzaRR5aseMOefEK9pImXVuyM4tTlcAxb7dEqrJQwsqrvaKDPeUQCtSAAiSHlv_vvURjIRyQ4GlMA5yt9Y6Jzv0Bj0ldQ4GFR4ursGlAQmxTF4TSnBuSJPkJ77NXoc7Bzh4wfm6MaLTvyOnavJc53RFN6SsGG-p8jeBX2YTUytA","expires_in":28800,"token_type":"Bearer","scope":"all_claims email GptwClientLoginScope openid profile"}'
    },
    aborted: false,
    timeoutCb: null,
    upgradeOrConnect: false,
    parser: null,
    maxHeadersCount: null,
    [Symbol(kNeedDrain)]: false,
    [Symbol(isCorked)]: false,
    [Symbol(kOutHeaders)]: [Object: null prototype] {
      host: [Array],
      'accept-encoding': [Array],
      'content-type': [Array],
      'content-length': [Array]
    }
  },
  text: '{"access_token":"eyJhbGciOiJSUzI1NiIsImtpZCI6IjJFNUI2M0Q1QTcxQTU5NzZEMTNDNUVBNTEwOTk2MkMzMjgyMzJFMDAiLCJ0eXAiOiJKV1QiLCJ4NXQiOiJMbHRqMWFjYVdYYlJQRjZsRUpsaXd5Z2pMZ0EifQ.eyJuYmYiOjE2NDkxNjUzNDEsImV4cCI6MTY0OTE5NDE0MSwiaXNzIjoiaHR0cHM6Ly9xYS1sb2dpbi5ncmVhdHBsYWNldG93b3JrLmNvbS9pZGVudGl0eS8iLCJhdWQiOiJodHRwczovL3FhLWxvZ2luLmdyZWF0cGxhY2V0b3dvcmsuY29tL2lkZW50aXR5L3Jlc291cmNlcyIsImNsaWVudF9pZCI6IkdwdHdQb3J0YWxDTVAiLCJzdWIiOiJiZWNiYzQ1YS0xYWFmLTQ3NzEtOTZiYi0xZTQ1YmY4OWNkODkiLCJhdXRoX3RpbWUiOjE2NDkxNjUzNDEsImlkcCI6ImxvY2FsIiwic2NvcGUiOlsiYWxsX2NsYWltcyIsImVtYWlsIiwiR3B0d0NsaWVudExvZ2luU2NvcGUiLCJvcGVuaWQiLCJwcm9maWxlIl0sImFtciI6WyJwd2QiXX0.QIVEB5PCJxVeA1cGDrBVo1HUN4eXe2jGsneOFrKj5TRtU_mMg_RRTuR8N-facOlfZFKrWhkWrOeEZi80fUC1woxXb1OlQZtXDurm1lwynu2WR-j9HkQvc88na3khHiUEeKWi06lfijX7soChxeF2sq6FrybMG8wL8N72889W9FsYdzaRR5aseMOefEK9pImXVuyM4tTlcAxb7dEqrJQwsqrvaKDPeUQCtSAAiSHlv_vvURjIRyQ4GlMA5yt9Y6Jzv0Bj0ldQ4GFR4ursGlAQmxTF4TSnBuSJPkJ77NXoc7Bzh4wfm6MaLTvyOnavJc53RFN6SsGG-p8jeBX2YTUytA","expires_in":28800,"token_type":"Bearer","scope":"all_claims email GptwClientLoginScope openid profile"}',
  body: {
    access_token: 'eyJhbGciOiJSUzI1NiIsImtpZCI6IjJFNUI2M0Q1QTcxQTU5NzZEMTNDNUVBNTEwOTk2MkMzMjgyMzJFMDAiLCJ0eXAiOiJKV1QiLCJ4NXQiOiJMbHRqMWFjYVdYYlJQRjZsRUpsaXd5Z2pMZ0EifQ.eyJuYmYiOjE2NDkxNjUzNDEsImV4cCI6MTY0OTE5NDE0MSwiaXNzIjoiaHR0cHM6Ly9xYS1sb2dpbi5ncmVhdHBsYWNldG93b3JrLmNvbS9pZGVudGl0eS8iLCJhdWQiOiJodHRwczovL3FhLWxvZ2luLmdyZWF0cGxhY2V0b3dvcmsuY29tL2lkZW50aXR5L3Jlc291cmNlcyIsImNsaWVudF9pZCI6IkdwdHdQb3J0YWxDTVAiLCJzdWIiOiJiZWNiYzQ1YS0xYWFmLTQ3NzEtOTZiYi0xZTQ1YmY4OWNkODkiLCJhdXRoX3RpbWUiOjE2NDkxNjUzNDEsImlkcCI6ImxvY2FsIiwic2NvcGUiOlsiYWxsX2NsYWltcyIsImVtYWlsIiwiR3B0d0NsaWVudExvZ2luU2NvcGUiLCJvcGVuaWQiLCJwcm9maWxlIl0sImFtciI6WyJwd2QiXX0.QIVEB5PCJxVeA1cGDrBVo1HUN4eXe2jGsneOFrKj5TRtU_mMg_RRTuR8N-facOlfZFKrWhkWrOeEZi80fUC1woxXb1OlQZtXDurm1lwynu2WR-j9HkQvc88na3khHiUEeKWi06lfijX7soChxeF2sq6FrybMG8wL8N72889W9FsYdzaRR5aseMOefEK9pImXVuyM4tTlcAxb7dEqrJQwsqrvaKDPeUQCtSAAiSHlv_vvURjIRyQ4GlMA5yt9Y6Jzv0Bj0ldQ4GFR4ursGlAQmxTF4TSnBuSJPkJ77NXoc7Bzh4wfm6MaLTvyOnavJc53RFN6SsGG-p8jeBX2YTUytA',
    expires_in: 28800,
    token_type: 'Bearer',
    scope: 'all_claims email GptwClientLoginScope openid profile'
  },
  files: undefined,
  buffered: true,
  headers: {
    date: 'Tue, 05 Apr 2022 13:29:01 GMT',
    'content-type': 'application/json; charset=utf-8',
    'content-length': '1184',
    connection: 'close',
    server: 'Microsoft-IIS/10.0',
    'cache-control': 'no-store, no-cache, max-age=0',
    'content-encoding': 'gzip',
    pragma: 'no-cache',
    'set-cookie': [
      'ARRAffinity=2796f7188e8db6496639c7f92b4305cd5a1535d76ca0187e83794f06c54193a7;Path=/;HttpOnly;Secure;Domain=qa-login.greatplacetowork.com',
      'ARRAffinitySameSite=2796f7188e8db6496639c7f92b4305cd5a1535d76ca0187e83794f06c54193a7;Path=/;HttpOnly;SameSite=None;Secure;Domain=qa-login.greatplacetowork.com'
    ],
    vary: 'Accept-Encoding',
    'request-context': 'appId=cid-v1:6788e55e-64df-42a4-86a4-3a2a15af6257',
    'x-powered-by': 'ASP.NET',
    'strict-transport-security': 'max-age=63072000; includeSubDomains; preload',
    'x-content-type-options': 'nosniff',
    'content-security-policy': "default-src 'none';base-uri https://*.greatplacetowork.com https://*.emprising.com; connect-src 'self' https://dc.services.visualstudio.com wss://*.greatplacetowork.com wss://*.emprising.com https://*.greatplacetowork.com https://*.emprising.com;script-src 'self' 'unsafe-inline' https://platform.twitter.com/widgets.js https://ajax.aspnetcdn.com https://*.vo.msecnd.net https://*.greatplacetowork.com https://*.emprising.com 'report-sample'; img-src 'self'; style-src 'self' 'unsafe-inline' https://fonts.googleapis.com https://ajax.aspnetcdn.com https://*.greatplacetowork.com https://*.emprising.com;form-action 'self' https://login.windows.net https://login.microsoftonline.com https://*.greatplacetowork.com;font-src 'self' 'unsafe-inline' https://fonts.gstatic.com https://ajax.aspnetcdn.com; object-src 'none';frame-src https://platform.twitter.com https://*.greatplacetowork.com https://*.emprising.com;upgrade-insecure-requests; report-uri https://qa-elk.emprising.com/csp_reports;",
    'x-xss-protection': '1'
  },
  header: {
    date: 'Tue, 05 Apr 2022 13:29:01 GMT',
    'content-type': 'application/json; charset=utf-8',
    'content-length': '1184',
    connection: 'close',
    server: 'Microsoft-IIS/10.0',
    'cache-control': 'no-store, no-cache, max-age=0',
    'content-encoding': 'gzip',
    pragma: 'no-cache',
    'set-cookie': [
      'ARRAffinity=2796f7188e8db6496639c7f92b4305cd5a1535d76ca0187e83794f06c54193a7;Path=/;HttpOnly;Secure;Domain=qa-login.greatplacetowork.com',
      'ARRAffinitySameSite=2796f7188e8db6496639c7f92b4305cd5a1535d76ca0187e83794f06c54193a7;Path=/;HttpOnly;SameSite=None;Secure;Domain=qa-login.greatplacetowork.com'
    ],
    vary: 'Accept-Encoding',
    'request-context': 'appId=cid-v1:6788e55e-64df-42a4-86a4-3a2a15af6257',
    'x-powered-by': 'ASP.NET',
    'strict-transport-security': 'max-age=63072000; includeSubDomains; preload',
    'x-content-type-options': 'nosniff',
    'content-security-policy': "default-src 'none';base-uri https://*.greatplacetowork.com https://*.emprising.com; connect-src 'self' https://dc.services.visualstudio.com wss://*.greatplacetowork.com wss://*.emprising.com https://*.greatplacetowork.com https://*.emprising.com;script-src 'self' 'unsafe-inline' https://platform.twitter.com/widgets.js https://ajax.aspnetcdn.com https://*.vo.msecnd.net https://*.greatplacetowork.com https://*.emprising.com 'report-sample'; img-src 'self'; style-src 'self' 'unsafe-inline' https://fonts.googleapis.com https://ajax.aspnetcdn.com https://*.greatplacetowork.com https://*.emprising.com;form-action 'self' https://login.windows.net https://login.microsoftonline.com https://*.greatplacetowork.com;font-src 'self' 'unsafe-inline' https://fonts.gstatic.com https://ajax.aspnetcdn.com; object-src 'none';frame-src https://platform.twitter.com https://*.greatplacetowork.com https://*.emprising.com;upgrade-insecure-requests; report-uri https://qa-elk.emprising.com/csp_reports;",
    'x-xss-protection': '1'
  },
  statusCode: 200,
  status: 200,
  statusType: 2,
  info: false,
  ok: true,
  redirect: false,
  clientError: false,
  serverError: false,
  error: false,
  created: false,
  accepted: false,
  noContent: false,
  badRequest: false,
  unauthorized: false,
  notAcceptable: false,
  forbidden: false,
  notFound: false,
  unprocessableEntity: false,
  type: 'application/json',
  charset: 'utf-8',
  links: {},
  setEncoding: [Function: bound ],
  redirects: [],
  pipe: [Function]
}
[2022-04-05T15:29:02.367] [TRACE] cheese - Response {
  _events: [Object: null prototype] {},
  _eventsCount: 0,
  _maxListeners: undefined,
  res: IncomingMessage {
    _readableState: ReadableState {
      objectMode: false,
      highWaterMark: 16384,
      buffer: BufferList { head: null, tail: null, length: 0 },
      length: 0,
      pipes: null,
      pipesCount: 0,
      flowing: false,
      ended: true,
      endEmitted: true,
      reading: false,
      sync: true,
      needReadable: false,
      emittedReadable: false,
      readableListening: false,
      resumeScheduled: false,
      paused: false,
      emitClose: true,
      autoDestroy: false,
      destroyed: false,
      defaultEncoding: 'utf8',
      awaitDrain: 0,
      readingMore: true,
      decoder: null,
      encoding: null
    },
    readable: false,
    _events: [Object: null prototype] {
      end: [Function: responseOnEnd],
      error: [Array],
      close: [Function: bound emit]
    },
    _eventsCount: 3,
    _maxListeners: undefined,
    socket: TLSSocket {
      _tlsOptions: [Object],
      _secureEstablished: true,
      _securePending: false,
      _newSessionPending: false,
      _controlReleased: true,
      _SNICallback: null,
      servername: 'qa-login.greatplacetowork.com',
      alpnProtocol: false,
      authorized: true,
      authorizationError: null,
      encrypted: true,
      _events: [Object: null prototype],
      _eventsCount: 8,
      connecting: false,
      _hadError: false,
      _parent: null,
      _host: 'qa-login.greatplacetowork.com',
      _readableState: [ReadableState],
      readable: false,
      _maxListeners: undefined,
      _writableState: [WritableState],
      writable: false,
      allowHalfOpen: false,
      _sockname: null,
      _pendingData: null,
      _pendingEncoding: '',
      server: undefined,
      _server: null,
      ssl: null,
      _requestCert: true,
      _rejectUnauthorized: true,
      parser: null,
      _httpMessage: [ClientRequest],
      [Symbol(res)]: null,
      [Symbol(asyncId)]: 179,
      [Symbol(kHandle)]: null,
      [Symbol(lastWriteQueueSize)]: 0,
      [Symbol(timeout)]: null,
      [Symbol(kBuffer)]: null,
      [Symbol(kBufferCb)]: null,
      [Symbol(kBufferGen)]: null,
      [Symbol(kBytesRead)]: 3037,
      [Symbol(kBytesWritten)]: 390,
      [Symbol(connect-options)]: [Object]
    },
    connection: TLSSocket {
      _tlsOptions: [Object],
      _secureEstablished: true,
      _securePending: false,
      _newSessionPending: false,
      _controlReleased: true,
      _SNICallback: null,
      servername: 'qa-login.greatplacetowork.com',
      alpnProtocol: false,
      authorized: true,
      authorizationError: null,
      encrypted: true,
      _events: [Object: null prototype],
      _eventsCount: 8,
      connecting: false,
      _hadError: false,
      _parent: null,
      _host: 'qa-login.greatplacetowork.com',
      _readableState: [ReadableState],
      readable: false,
      _maxListeners: undefined,
      _writableState: [WritableState],
      writable: false,
      allowHalfOpen: false,
      _sockname: null,
      _pendingData: null,
      _pendingEncoding: '',
      server: undefined,
      _server: null,
      ssl: null,
      _requestCert: true,
      _rejectUnauthorized: true,
      parser: null,
      _httpMessage: [ClientRequest],
      [Symbol(res)]: null,
      [Symbol(asyncId)]: 179,
      [Symbol(kHandle)]: null,
      [Symbol(lastWriteQueueSize)]: 0,
      [Symbol(timeout)]: null,
      [Symbol(kBuffer)]: null,
      [Symbol(kBufferCb)]: null,
      [Symbol(kBufferGen)]: null,
      [Symbol(kBytesRead)]: 3037,
      [Symbol(kBytesWritten)]: 390,
      [Symbol(connect-options)]: [Object]
    },
    httpVersionMajor: 1,
    httpVersionMinor: 1,
    httpVersion: '1.1',
    complete: true,
    headers: {
      date: 'Tue, 05 Apr 2022 13:29:02 GMT',
      'content-type': 'application/json; charset=utf-8',
      'content-length': '1197',
      connection: 'close',
      server: 'Microsoft-IIS/10.0',
      'cache-control': 'no-store, no-cache, max-age=0',
      'content-encoding': 'gzip',
      pragma: 'no-cache',
      'set-cookie': [Array],
      vary: 'Accept-Encoding',
      'request-context': 'appId=cid-v1:6788e55e-64df-42a4-86a4-3a2a15af6257',
      'x-powered-by': 'ASP.NET',
      'strict-transport-security': 'max-age=63072000; includeSubDomains; preload',
      'x-content-type-options': 'nosniff',
      'content-security-policy': "default-src 'none';base-uri https://*.greatplacetowork.com https://*.emprising.com; connect-src 'self' https://dc.services.visualstudio.com wss://*.greatplacetowork.com wss://*.emprising.com https://*.greatplacetowork.com https://*.emprising.com;script-src 'self' 'unsafe-inline' https://platform.twitter.com/widgets.js https://ajax.aspnetcdn.com https://*.vo.msecnd.net https://*.greatplacetowork.com https://*.emprising.com 'report-sample'; img-src 'self'; style-src 'self' 'unsafe-inline' https://fonts.googleapis.com https://ajax.aspnetcdn.com https://*.greatplacetowork.com https://*.emprising.com;form-action 'self' https://login.windows.net https://login.microsoftonline.com https://*.greatplacetowork.com;font-src 'self' 'unsafe-inline' https://fonts.gstatic.com https://ajax.aspnetcdn.com; object-src 'none';frame-src https://platform.twitter.com https://*.greatplacetowork.com https://*.emprising.com;upgrade-insecure-requests; report-uri https://qa-elk.emprising.com/csp_reports;",
      'x-xss-protection': '1'
    },
    rawHeaders: [
      'Date',
      'Tue, 05 Apr 2022 13:29:02 GMT',
      'Content-Type',
      'application/json; charset=utf-8',
      'Content-Length',
      '1197',
      'Connection',
      'close',
      'Server',
      'Microsoft-IIS/10.0',
      'Cache-Control',
      'no-store, no-cache, max-age=0',
      'Content-Encoding',
      'gzip',
      'Pragma',
      'no-cache',
      'Set-Cookie',
      'ARRAffinity=2796f7188e8db6496639c7f92b4305cd5a1535d76ca0187e83794f06c54193a7;Path=/;HttpOnly;Secure;Domain=qa-login.greatplacetowork.com',
      'Set-Cookie',
      'ARRAffinitySameSite=2796f7188e8db6496639c7f92b4305cd5a1535d76ca0187e83794f06c54193a7;Path=/;HttpOnly;SameSite=None;Secure;Domain=qa-login.greatplacetowork.com',
      'Vary',
      'Accept-Encoding',
      'Request-Context',
      'appId=cid-v1:6788e55e-64df-42a4-86a4-3a2a15af6257',
      'X-Powered-By',
      'ASP.NET',
      'Strict-Transport-Security',
      'max-age=63072000; includeSubDomains; preload',
      'X-Content-Type-Options',
      'nosniff',
      'Content-Security-Policy',
      "default-src 'none';base-uri https://*.greatplacetowork.com https://*.emprising.com; connect-src 'self' https://dc.services.visualstudio.com wss://*.greatplacetowork.com wss://*.emprising.com https://*.greatplacetowork.com https://*.emprising.com;script-src 'self' 'unsafe-inline' https://platform.twitter.com/widgets.js https://ajax.aspnetcdn.com https://*.vo.msecnd.net https://*.greatplacetowork.com https://*.emprising.com 'report-sample'; img-src 'self'; style-src 'self' 'unsafe-inline' https://fonts.googleapis.com https://ajax.aspnetcdn.com https://*.greatplacetowork.com https://*.emprising.com;form-action 'self' https://login.windows.net https://login.microsoftonline.com https://*.greatplacetowork.com;font-src 'self' 'unsafe-inline' https://fonts.gstatic.com https://ajax.aspnetcdn.com; object-src 'none';frame-src https://platform.twitter.com https://*.greatplacetowork.com https://*.emprising.com;upgrade-insecure-requests; report-uri https://qa-elk.emprising.com/csp_reports;",
      'X-XSS-Protection',
      '1'
    ],
    trailers: {},
    rawTrailers: [],
    aborted: false,
    upgrade: false,
    url: '',
    method: null,
    statusCode: 200,
    statusMessage: 'OK',
    client: TLSSocket {
      _tlsOptions: [Object],
      _secureEstablished: true,
      _securePending: false,
      _newSessionPending: false,
      _controlReleased: true,
      _SNICallback: null,
      servername: 'qa-login.greatplacetowork.com',
      alpnProtocol: false,
      authorized: true,
      authorizationError: null,
      encrypted: true,
      _events: [Object: null prototype],
      _eventsCount: 8,
      connecting: false,
      _hadError: false,
      _parent: null,
      _host: 'qa-login.greatplacetowork.com',
      _readableState: [ReadableState],
      readable: false,
      _maxListeners: undefined,
      _writableState: [WritableState],
      writable: false,
      allowHalfOpen: false,
      _sockname: null,
      _pendingData: null,
      _pendingEncoding: '',
      server: undefined,
      _server: null,
      ssl: null,
      _requestCert: true,
      _rejectUnauthorized: true,
      parser: null,
      _httpMessage: [ClientRequest],
      [Symbol(res)]: null,
      [Symbol(asyncId)]: 179,
      [Symbol(kHandle)]: null,
      [Symbol(lastWriteQueueSize)]: 0,
      [Symbol(timeout)]: null,
      [Symbol(kBuffer)]: null,
      [Symbol(kBufferCb)]: null,
      [Symbol(kBufferGen)]: null,
      [Symbol(kBytesRead)]: 3037,
      [Symbol(kBytesWritten)]: 390,
      [Symbol(connect-options)]: [Object]
    },
    _consuming: false,
    _dumped: false,
    req: ClientRequest {
      _events: [Object: null prototype],
      _eventsCount: 3,
      _maxListeners: undefined,
      outputData: [],
      outputSize: 0,
      writable: true,
      _last: true,
      chunkedEncoding: false,
      shouldKeepAlive: false,
      useChunkedEncodingByDefault: true,
      sendDate: false,
      _removedConnection: false,
      _removedContLen: false,
      _removedTE: false,
      _contentLength: 191,
      _hasBody: true,
      _trailer: '',
      finished: true,
      _headerSent: true,
      socket: [TLSSocket],
      connection: [TLSSocket],
      _header: 'POST /identity/connect/token HTTP/1.1\r\n' +
        'Host: qa-login.greatplacetowork.com\r\n' +
        'Accept-Encoding: gzip, deflate\r\n' +
        'Content-Type: application/x-www-form-urlencoded\r\n' +
        'Content-Length: 191\r\n' +
        'Connection: close\r\n' +
        '\r\n',
      _onPendingData: [Function: noopPendingOutput],
      agent: [Agent],
      socketPath: undefined,
      method: 'POST',
      path: '/identity/connect/token',
      _ended: true,
      res: [Circular],
      aborted: false,
      timeoutCb: null,
      upgradeOrConnect: false,
      parser: null,
      maxHeadersCount: null,
      [Symbol(kNeedDrain)]: false,
      [Symbol(isCorked)]: false,
      [Symbol(kOutHeaders)]: [Object: null prototype]
    },
    setEncoding: [Function],
    on: [Function],
    text: '{"access_token":"eyJhbGciOiJSUzI1NiIsImtpZCI6IjJFNUI2M0Q1QTcxQTU5NzZEMTNDNUVBNTEwOTk2MkMzMjgyMzJFMDAiLCJ0eXAiOiJKV1QiLCJ4NXQiOiJMbHRqMWFjYVdYYlJQRjZsRUpsaXd5Z2pMZ0EifQ.eyJuYmYiOjE2NDkxNjUzNDIsImV4cCI6MTY0OTE5NDE0MiwiaXNzIjoiaHR0cHM6Ly9xYS1sb2dpbi5ncmVhdHBsYWNldG93b3JrLmNvbS9pZGVudGl0eS8iLCJhdWQiOiJodHRwczovL3FhLWxvZ2luLmdyZWF0cGxhY2V0b3dvcmsuY29tL2lkZW50aXR5L3Jlc291cmNlcyIsImNsaWVudF9pZCI6IkdwdHdQb3J0YWxDTVAiLCJzdWIiOiI0NmQ3NWQ3OS0zOWU2LTQ1NzUtOGE5ZS1kYTRlYzk5ZWEzMjIiLCJhdXRoX3RpbWUiOjE2NDkxNjUzNDIsImlkcCI6ImxvY2FsIiwic2NvcGUiOlsiYWxsX2NsYWltcyIsImVtYWlsIiwiR3B0d0NsaWVudExvZ2luU2NvcGUiLCJvcGVuaWQiLCJwcm9maWxlIl0sImFtciI6WyJwd2QiXX0.cB5YgdLqPGCBwixpsSDshVplNiQr3Od-QoOwnwp0YPWG5QNuXdnffE1igWDYEdlJ79Akq7znCYi_W6b9Ci7wLiL94HBiAjle4MQnpA0EN_vbJfXYv3DEg-T81fRFMjmyJo4Y-xF8lad4jp0XofHCx4HYFjC1UwpuT3SfFKhYIyG79DLNdJ2cqiAfBtKXMaU3lmXQzws8V7nAQqt0fPIXRzZqJvUbTzTg8ivXJsSVEll4gSyZRMprDk94elf208gb5gdUajSf7iySjPHnCOLYMBtuRYmgk9bSBklWpGHI7VA7o3V2YQvWNhT_gJrIq8WJv1G4WEDy_RhHqLCl2I3GTA","expires_in":28800,"token_type":"Bearer","scope":"all_claims email GptwClientLoginScope openid profile"}'
  },
  request: Test {
    _events: [Object: null prototype] { abort: [Function] },
    _eventsCount: 1,
    _maxListeners: undefined,
    _enableHttp2: false,
    _agent: false,
    _formData: null,
    method: 'POST',
    url: 'https://qa-login.greatplacetowork.com/identity/connect/token',
    _header: { 'content-type': 'application/x-www-form-urlencoded' },
    header: { 'Content-Type': 'application/x-www-form-urlencoded' },
    writable: true,
    _redirects: 0,
    _maxRedirects: 0,
    cookies: '',
    qs: {},
    _query: [],
    qsRaw: [],
    _redirectList: [],
    _streamRequest: false,
    _buffer: true,
    app: 'https://qa-login.greatplacetowork.com/identity/connect/token',
    _asserts: [ [Function] ],
    _data: 'grant_type=password&scope=openid GptwClientLoginScope all_claims profile email&username=nemanja.mircic%2B1133%40htecgroup.com&password=Nemanja123!&client_id=GptwPortalCMP&client_secret=secret',
    req: ClientRequest {
      _events: [Object: null prototype],
      _eventsCount: 3,
      _maxListeners: undefined,
      outputData: [],
      outputSize: 0,
      writable: true,
      _last: true,
      chunkedEncoding: false,
      shouldKeepAlive: false,
      useChunkedEncodingByDefault: true,
      sendDate: false,
      _removedConnection: false,
      _removedContLen: false,
      _removedTE: false,
      _contentLength: 191,
      _hasBody: true,
      _trailer: '',
      finished: true,
      _headerSent: true,
      socket: [TLSSocket],
      connection: [TLSSocket],
      _header: 'POST /identity/connect/token HTTP/1.1\r\n' +
        'Host: qa-login.greatplacetowork.com\r\n' +
        'Accept-Encoding: gzip, deflate\r\n' +
        'Content-Type: application/x-www-form-urlencoded\r\n' +
        'Content-Length: 191\r\n' +
        'Connection: close\r\n' +
        '\r\n',
      _onPendingData: [Function: noopPendingOutput],
      agent: [Agent],
      socketPath: undefined,
      method: 'POST',
      path: '/identity/connect/token',
      _ended: true,
      res: [IncomingMessage],
      aborted: false,
      timeoutCb: null,
      upgradeOrConnect: false,
      parser: null,
      maxHeadersCount: null,
      [Symbol(kNeedDrain)]: false,
      [Symbol(isCorked)]: false,
      [Symbol(kOutHeaders)]: [Object: null prototype]
    },
    protocol: 'https:',
    host: 'qa-login.greatplacetowork.com',
    _endCalled: true,
    _callback: [Function],
    _fullfilledPromise: Promise { [Circular] },
    res: IncomingMessage {
      _readableState: [ReadableState],
      readable: false,
      _events: [Object: null prototype],
      _eventsCount: 3,
      _maxListeners: undefined,
      socket: [TLSSocket],
      connection: [TLSSocket],
      httpVersionMajor: 1,
      httpVersionMinor: 1,
      httpVersion: '1.1',
      complete: true,
      headers: [Object],
      rawHeaders: [Array],
      trailers: {},
      rawTrailers: [],
      aborted: false,
      upgrade: false,
      url: '',
      method: null,
      statusCode: 200,
      statusMessage: 'OK',
      client: [TLSSocket],
      _consuming: false,
      _dumped: false,
      req: [ClientRequest],
      setEncoding: [Function],
      on: [Function],
      text: '{"access_token":"eyJhbGciOiJSUzI1NiIsImtpZCI6IjJFNUI2M0Q1QTcxQTU5NzZEMTNDNUVBNTEwOTk2MkMzMjgyMzJFMDAiLCJ0eXAiOiJKV1QiLCJ4NXQiOiJMbHRqMWFjYVdYYlJQRjZsRUpsaXd5Z2pMZ0EifQ.eyJuYmYiOjE2NDkxNjUzNDIsImV4cCI6MTY0OTE5NDE0MiwiaXNzIjoiaHR0cHM6Ly9xYS1sb2dpbi5ncmVhdHBsYWNldG93b3JrLmNvbS9pZGVudGl0eS8iLCJhdWQiOiJodHRwczovL3FhLWxvZ2luLmdyZWF0cGxhY2V0b3dvcmsuY29tL2lkZW50aXR5L3Jlc291cmNlcyIsImNsaWVudF9pZCI6IkdwdHdQb3J0YWxDTVAiLCJzdWIiOiI0NmQ3NWQ3OS0zOWU2LTQ1NzUtOGE5ZS1kYTRlYzk5ZWEzMjIiLCJhdXRoX3RpbWUiOjE2NDkxNjUzNDIsImlkcCI6ImxvY2FsIiwic2NvcGUiOlsiYWxsX2NsYWltcyIsImVtYWlsIiwiR3B0d0NsaWVudExvZ2luU2NvcGUiLCJvcGVuaWQiLCJwcm9maWxlIl0sImFtciI6WyJwd2QiXX0.cB5YgdLqPGCBwixpsSDshVplNiQr3Od-QoOwnwp0YPWG5QNuXdnffE1igWDYEdlJ79Akq7znCYi_W6b9Ci7wLiL94HBiAjle4MQnpA0EN_vbJfXYv3DEg-T81fRFMjmyJo4Y-xF8lad4jp0XofHCx4HYFjC1UwpuT3SfFKhYIyG79DLNdJ2cqiAfBtKXMaU3lmXQzws8V7nAQqt0fPIXRzZqJvUbTzTg8ivXJsSVEll4gSyZRMprDk94elf208gb5gdUajSf7iySjPHnCOLYMBtuRYmgk9bSBklWpGHI7VA7o3V2YQvWNhT_gJrIq8WJv1G4WEDy_RhHqLCl2I3GTA","expires_in":28800,"token_type":"Bearer","scope":"all_claims email GptwClientLoginScope openid profile"}'
    },
    _resBuffered: true,
    response: [Circular]
  },
  req: ClientRequest {
    _events: [Object: null prototype] {
      drain: [Function],
      error: [Function],
      prefinish: [Function: requestOnPrefinish]
    },
    _eventsCount: 3,
    _maxListeners: undefined,
    outputData: [],
    outputSize: 0,
    writable: true,
    _last: true,
    chunkedEncoding: false,
    shouldKeepAlive: false,
    useChunkedEncodingByDefault: true,
    sendDate: false,
    _removedConnection: false,
    _removedContLen: false,
    _removedTE: false,
    _contentLength: 191,
    _hasBody: true,
    _trailer: '',
    finished: true,
    _headerSent: true,
    socket: TLSSocket {
      _tlsOptions: [Object],
      _secureEstablished: true,
      _securePending: false,
      _newSessionPending: false,
      _controlReleased: true,
      _SNICallback: null,
      servername: 'qa-login.greatplacetowork.com',
      alpnProtocol: false,
      authorized: true,
      authorizationError: null,
      encrypted: true,
      _events: [Object: null prototype],
      _eventsCount: 8,
      connecting: false,
      _hadError: false,
      _parent: null,
      _host: 'qa-login.greatplacetowork.com',
      _readableState: [ReadableState],
      readable: false,
      _maxListeners: undefined,
      _writableState: [WritableState],
      writable: false,
      allowHalfOpen: false,
      _sockname: null,
      _pendingData: null,
      _pendingEncoding: '',
      server: undefined,
      _server: null,
      ssl: null,
      _requestCert: true,
      _rejectUnauthorized: true,
      parser: null,
      _httpMessage: [Circular],
      [Symbol(res)]: null,
      [Symbol(asyncId)]: 179,
      [Symbol(kHandle)]: null,
      [Symbol(lastWriteQueueSize)]: 0,
      [Symbol(timeout)]: null,
      [Symbol(kBuffer)]: null,
      [Symbol(kBufferCb)]: null,
      [Symbol(kBufferGen)]: null,
      [Symbol(kBytesRead)]: 3037,
      [Symbol(kBytesWritten)]: 390,
      [Symbol(connect-options)]: [Object]
    },
    connection: TLSSocket {
      _tlsOptions: [Object],
      _secureEstablished: true,
      _securePending: false,
      _newSessionPending: false,
      _controlReleased: true,
      _SNICallback: null,
      servername: 'qa-login.greatplacetowork.com',
      alpnProtocol: false,
      authorized: true,
      authorizationError: null,
      encrypted: true,
      _events: [Object: null prototype],
      _eventsCount: 8,
      connecting: false,
      _hadError: false,
      _parent: null,
      _host: 'qa-login.greatplacetowork.com',
      _readableState: [ReadableState],
      readable: false,
      _maxListeners: undefined,
      _writableState: [WritableState],
      writable: false,
      allowHalfOpen: false,
      _sockname: null,
      _pendingData: null,
      _pendingEncoding: '',
      server: undefined,
      _server: null,
      ssl: null,
      _requestCert: true,
      _rejectUnauthorized: true,
      parser: null,
      _httpMessage: [Circular],
      [Symbol(res)]: null,
      [Symbol(asyncId)]: 179,
      [Symbol(kHandle)]: null,
      [Symbol(lastWriteQueueSize)]: 0,
      [Symbol(timeout)]: null,
      [Symbol(kBuffer)]: null,
      [Symbol(kBufferCb)]: null,
      [Symbol(kBufferGen)]: null,
      [Symbol(kBytesRead)]: 3037,
      [Symbol(kBytesWritten)]: 390,
      [Symbol(connect-options)]: [Object]
    },
    _header: 'POST /identity/connect/token HTTP/1.1\r\n' +
      'Host: qa-login.greatplacetowork.com\r\n' +
      'Accept-Encoding: gzip, deflate\r\n' +
      'Content-Type: application/x-www-form-urlencoded\r\n' +
      'Content-Length: 191\r\n' +
      'Connection: close\r\n' +
      '\r\n',
    _onPendingData: [Function: noopPendingOutput],
    agent: Agent {
      _events: [Object: null prototype],
      _eventsCount: 1,
      _maxListeners: undefined,
      defaultPort: 443,
      protocol: 'https:',
      options: [Object],
      requests: {},
      sockets: {},
      freeSockets: {},
      keepAliveMsecs: 1000,
      keepAlive: false,
      maxSockets: Infinity,
      maxFreeSockets: 256,
      maxCachedSessions: 100,
      _sessionCache: [Object]
    },
    socketPath: undefined,
    method: 'POST',
    path: '/identity/connect/token',
    _ended: true,
    res: IncomingMessage {
      _readableState: [ReadableState],
      readable: false,
      _events: [Object: null prototype],
      _eventsCount: 3,
      _maxListeners: undefined,
      socket: [TLSSocket],
      connection: [TLSSocket],
      httpVersionMajor: 1,
      httpVersionMinor: 1,
      httpVersion: '1.1',
      complete: true,
      headers: [Object],
      rawHeaders: [Array],
      trailers: {},
      rawTrailers: [],
      aborted: false,
      upgrade: false,
      url: '',
      method: null,
      statusCode: 200,
      statusMessage: 'OK',
      client: [TLSSocket],
      _consuming: false,
      _dumped: false,
      req: [Circular],
      setEncoding: [Function],
      on: [Function],
      text: '{"access_token":"eyJhbGciOiJSUzI1NiIsImtpZCI6IjJFNUI2M0Q1QTcxQTU5NzZEMTNDNUVBNTEwOTk2MkMzMjgyMzJFMDAiLCJ0eXAiOiJKV1QiLCJ4NXQiOiJMbHRqMWFjYVdYYlJQRjZsRUpsaXd5Z2pMZ0EifQ.eyJuYmYiOjE2NDkxNjUzNDIsImV4cCI6MTY0OTE5NDE0MiwiaXNzIjoiaHR0cHM6Ly9xYS1sb2dpbi5ncmVhdHBsYWNldG93b3JrLmNvbS9pZGVudGl0eS8iLCJhdWQiOiJodHRwczovL3FhLWxvZ2luLmdyZWF0cGxhY2V0b3dvcmsuY29tL2lkZW50aXR5L3Jlc291cmNlcyIsImNsaWVudF9pZCI6IkdwdHdQb3J0YWxDTVAiLCJzdWIiOiI0NmQ3NWQ3OS0zOWU2LTQ1NzUtOGE5ZS1kYTRlYzk5ZWEzMjIiLCJhdXRoX3RpbWUiOjE2NDkxNjUzNDIsImlkcCI6ImxvY2FsIiwic2NvcGUiOlsiYWxsX2NsYWltcyIsImVtYWlsIiwiR3B0d0NsaWVudExvZ2luU2NvcGUiLCJvcGVuaWQiLCJwcm9maWxlIl0sImFtciI6WyJwd2QiXX0.cB5YgdLqPGCBwixpsSDshVplNiQr3Od-QoOwnwp0YPWG5QNuXdnffE1igWDYEdlJ79Akq7znCYi_W6b9Ci7wLiL94HBiAjle4MQnpA0EN_vbJfXYv3DEg-T81fRFMjmyJo4Y-xF8lad4jp0XofHCx4HYFjC1UwpuT3SfFKhYIyG79DLNdJ2cqiAfBtKXMaU3lmXQzws8V7nAQqt0fPIXRzZqJvUbTzTg8ivXJsSVEll4gSyZRMprDk94elf208gb5gdUajSf7iySjPHnCOLYMBtuRYmgk9bSBklWpGHI7VA7o3V2YQvWNhT_gJrIq8WJv1G4WEDy_RhHqLCl2I3GTA","expires_in":28800,"token_type":"Bearer","scope":"all_claims email GptwClientLoginScope openid profile"}'
    },
    aborted: false,
    timeoutCb: null,
    upgradeOrConnect: false,
    parser: null,
    maxHeadersCount: null,
    [Symbol(kNeedDrain)]: false,
    [Symbol(isCorked)]: false,
    [Symbol(kOutHeaders)]: [Object: null prototype] {
      host: [Array],
      'accept-encoding': [Array],
      'content-type': [Array],
      'content-length': [Array]
    }
  },
  text: '{"access_token":"eyJhbGciOiJSUzI1NiIsImtpZCI6IjJFNUI2M0Q1QTcxQTU5NzZEMTNDNUVBNTEwOTk2MkMzMjgyMzJFMDAiLCJ0eXAiOiJKV1QiLCJ4NXQiOiJMbHRqMWFjYVdYYlJQRjZsRUpsaXd5Z2pMZ0EifQ.eyJuYmYiOjE2NDkxNjUzNDIsImV4cCI6MTY0OTE5NDE0MiwiaXNzIjoiaHR0cHM6Ly9xYS1sb2dpbi5ncmVhdHBsYWNldG93b3JrLmNvbS9pZGVudGl0eS8iLCJhdWQiOiJodHRwczovL3FhLWxvZ2luLmdyZWF0cGxhY2V0b3dvcmsuY29tL2lkZW50aXR5L3Jlc291cmNlcyIsImNsaWVudF9pZCI6IkdwdHdQb3J0YWxDTVAiLCJzdWIiOiI0NmQ3NWQ3OS0zOWU2LTQ1NzUtOGE5ZS1kYTRlYzk5ZWEzMjIiLCJhdXRoX3RpbWUiOjE2NDkxNjUzNDIsImlkcCI6ImxvY2FsIiwic2NvcGUiOlsiYWxsX2NsYWltcyIsImVtYWlsIiwiR3B0d0NsaWVudExvZ2luU2NvcGUiLCJvcGVuaWQiLCJwcm9maWxlIl0sImFtciI6WyJwd2QiXX0.cB5YgdLqPGCBwixpsSDshVplNiQr3Od-QoOwnwp0YPWG5QNuXdnffE1igWDYEdlJ79Akq7znCYi_W6b9Ci7wLiL94HBiAjle4MQnpA0EN_vbJfXYv3DEg-T81fRFMjmyJo4Y-xF8lad4jp0XofHCx4HYFjC1UwpuT3SfFKhYIyG79DLNdJ2cqiAfBtKXMaU3lmXQzws8V7nAQqt0fPIXRzZqJvUbTzTg8ivXJsSVEll4gSyZRMprDk94elf208gb5gdUajSf7iySjPHnCOLYMBtuRYmgk9bSBklWpGHI7VA7o3V2YQvWNhT_gJrIq8WJv1G4WEDy_RhHqLCl2I3GTA","expires_in":28800,"token_type":"Bearer","scope":"all_claims email GptwClientLoginScope openid profile"}',
  body: {
    access_token: 'eyJhbGciOiJSUzI1NiIsImtpZCI6IjJFNUI2M0Q1QTcxQTU5NzZEMTNDNUVBNTEwOTk2MkMzMjgyMzJFMDAiLCJ0eXAiOiJKV1QiLCJ4NXQiOiJMbHRqMWFjYVdYYlJQRjZsRUpsaXd5Z2pMZ0EifQ.eyJuYmYiOjE2NDkxNjUzNDIsImV4cCI6MTY0OTE5NDE0MiwiaXNzIjoiaHR0cHM6Ly9xYS1sb2dpbi5ncmVhdHBsYWNldG93b3JrLmNvbS9pZGVudGl0eS8iLCJhdWQiOiJodHRwczovL3FhLWxvZ2luLmdyZWF0cGxhY2V0b3dvcmsuY29tL2lkZW50aXR5L3Jlc291cmNlcyIsImNsaWVudF9pZCI6IkdwdHdQb3J0YWxDTVAiLCJzdWIiOiI0NmQ3NWQ3OS0zOWU2LTQ1NzUtOGE5ZS1kYTRlYzk5ZWEzMjIiLCJhdXRoX3RpbWUiOjE2NDkxNjUzNDIsImlkcCI6ImxvY2FsIiwic2NvcGUiOlsiYWxsX2NsYWltcyIsImVtYWlsIiwiR3B0d0NsaWVudExvZ2luU2NvcGUiLCJvcGVuaWQiLCJwcm9maWxlIl0sImFtciI6WyJwd2QiXX0.cB5YgdLqPGCBwixpsSDshVplNiQr3Od-QoOwnwp0YPWG5QNuXdnffE1igWDYEdlJ79Akq7znCYi_W6b9Ci7wLiL94HBiAjle4MQnpA0EN_vbJfXYv3DEg-T81fRFMjmyJo4Y-xF8lad4jp0XofHCx4HYFjC1UwpuT3SfFKhYIyG79DLNdJ2cqiAfBtKXMaU3lmXQzws8V7nAQqt0fPIXRzZqJvUbTzTg8ivXJsSVEll4gSyZRMprDk94elf208gb5gdUajSf7iySjPHnCOLYMBtuRYmgk9bSBklWpGHI7VA7o3V2YQvWNhT_gJrIq8WJv1G4WEDy_RhHqLCl2I3GTA',
    expires_in: 28800,
    token_type: 'Bearer',
    scope: 'all_claims email GptwClientLoginScope openid profile'
  },
  files: undefined,
  buffered: true,
  headers: {
    date: 'Tue, 05 Apr 2022 13:29:02 GMT',
    'content-type': 'application/json; charset=utf-8',
    'content-length': '1197',
    connection: 'close',
    server: 'Microsoft-IIS/10.0',
    'cache-control': 'no-store, no-cache, max-age=0',
    'content-encoding': 'gzip',
    pragma: 'no-cache',
    'set-cookie': [
      'ARRAffinity=2796f7188e8db6496639c7f92b4305cd5a1535d76ca0187e83794f06c54193a7;Path=/;HttpOnly;Secure;Domain=qa-login.greatplacetowork.com',
      'ARRAffinitySameSite=2796f7188e8db6496639c7f92b4305cd5a1535d76ca0187e83794f06c54193a7;Path=/;HttpOnly;SameSite=None;Secure;Domain=qa-login.greatplacetowork.com'
    ],
    vary: 'Accept-Encoding',
    'request-context': 'appId=cid-v1:6788e55e-64df-42a4-86a4-3a2a15af6257',
    'x-powered-by': 'ASP.NET',
    'strict-transport-security': 'max-age=63072000; includeSubDomains; preload',
    'x-content-type-options': 'nosniff',
    'content-security-policy': "default-src 'none';base-uri https://*.greatplacetowork.com https://*.emprising.com; connect-src 'self' https://dc.services.visualstudio.com wss://*.greatplacetowork.com wss://*.emprising.com https://*.greatplacetowork.com https://*.emprising.com;script-src 'self' 'unsafe-inline' https://platform.twitter.com/widgets.js https://ajax.aspnetcdn.com https://*.vo.msecnd.net https://*.greatplacetowork.com https://*.emprising.com 'report-sample'; img-src 'self'; style-src 'self' 'unsafe-inline' https://fonts.googleapis.com https://ajax.aspnetcdn.com https://*.greatplacetowork.com https://*.emprising.com;form-action 'self' https://login.windows.net https://login.microsoftonline.com https://*.greatplacetowork.com;font-src 'self' 'unsafe-inline' https://fonts.gstatic.com https://ajax.aspnetcdn.com; object-src 'none';frame-src https://platform.twitter.com https://*.greatplacetowork.com https://*.emprising.com;upgrade-insecure-requests; report-uri https://qa-elk.emprising.com/csp_reports;",
    'x-xss-protection': '1'
  },
  header: {
    date: 'Tue, 05 Apr 2022 13:29:02 GMT',
    'content-type': 'application/json; charset=utf-8',
    'content-length': '1197',
    connection: 'close',
    server: 'Microsoft-IIS/10.0',
    'cache-control': 'no-store, no-cache, max-age=0',
    'content-encoding': 'gzip',
    pragma: 'no-cache',
    'set-cookie': [
      'ARRAffinity=2796f7188e8db6496639c7f92b4305cd5a1535d76ca0187e83794f06c54193a7;Path=/;HttpOnly;Secure;Domain=qa-login.greatplacetowork.com',
      'ARRAffinitySameSite=2796f7188e8db6496639c7f92b4305cd5a1535d76ca0187e83794f06c54193a7;Path=/;HttpOnly;SameSite=None;Secure;Domain=qa-login.greatplacetowork.com'
    ],
    vary: 'Accept-Encoding',
    'request-context': 'appId=cid-v1:6788e55e-64df-42a4-86a4-3a2a15af6257',
    'x-powered-by': 'ASP.NET',
    'strict-transport-security': 'max-age=63072000; includeSubDomains; preload',
    'x-content-type-options': 'nosniff',
    'content-security-policy': "default-src 'none';base-uri https://*.greatplacetowork.com https://*.emprising.com; connect-src 'self' https://dc.services.visualstudio.com wss://*.greatplacetowork.com wss://*.emprising.com https://*.greatplacetowork.com https://*.emprising.com;script-src 'self' 'unsafe-inline' https://platform.twitter.com/widgets.js https://ajax.aspnetcdn.com https://*.vo.msecnd.net https://*.greatplacetowork.com https://*.emprising.com 'report-sample'; img-src 'self'; style-src 'self' 'unsafe-inline' https://fonts.googleapis.com https://ajax.aspnetcdn.com https://*.greatplacetowork.com https://*.emprising.com;form-action 'self' https://login.windows.net https://login.microsoftonline.com https://*.greatplacetowork.com;font-src 'self' 'unsafe-inline' https://fonts.gstatic.com https://ajax.aspnetcdn.com; object-src 'none';frame-src https://platform.twitter.com https://*.greatplacetowork.com https://*.emprising.com;upgrade-insecure-requests; report-uri https://qa-elk.emprising.com/csp_reports;",
    'x-xss-protection': '1'
  },
  statusCode: 200,
  status: 200,
  statusType: 2,
  info: false,
  ok: true,
  redirect: false,
  clientError: false,
  serverError: false,
  error: false,
  created: false,
  accepted: false,
  noContent: false,
  badRequest: false,
  unauthorized: false,
  notAcceptable: false,
  forbidden: false,
  notFound: false,
  unprocessableEntity: false,
  type: 'application/json',
  charset: 'utf-8',
  links: {},
  setEncoding: [Function: bound ],
  redirects: [],
  pipe: [Function]
}
[2022-04-05T15:29:08.096] [TRACE] cheese - {
  duration: { seconds: 0, nanos: 82000000 },
  status: 'FAILED',
  message: 'AssertionError\n' +
    '    + expected - actual\n' +
    '\n' +
    '       {\n' +
    '         "Age": "26 years to 34 years"\n' +
    '         "Email": "test02@emailaddress.com"\n' +
    '         "Managerial Level": "Frontline Manager or Supervisor (first tier manager; supervises other employees, not other managers)"\n' +
    '    -    "Tenure": "2 years to 5 years"\n' +
    '    +    "Tenure": "2 years to 50 years"\n' +
    '         "Work Status": "Part-time"\n' +
    '       }\n' +
    '       {\n' +
    '         "Age": "35 years to 44 years"\n' +
    '\n' +
    '    at CustomWorld.<anonymous> (/home/andrej/selenium-cucumber/stepDefinitions/API/demographics/get.edf-template.js:28:18)',
  willBeRetried: false
}
