[2022-05-03T22:33:14.316] [TRACE] cheese - <ref *2> Response {
  _events: [Object: null prototype] {},
  _eventsCount: 0,
  _maxListeners: undefined,
  res: <ref *1> IncomingMessage {
    _readableState: ReadableState {
      objectMode: false,
      highWaterMark: 16384,
      buffer: BufferList { head: null, tail: null, length: 0 },
      length: 0,
      pipes: [],
      flowing: false,
      ended: true,
      endEmitted: true,
      reading: false,
      constructed: true,
      sync: true,
      needReadable: false,
      emittedReadable: false,
      readableListening: false,
      resumeScheduled: false,
      errorEmitted: false,
      emitClose: true,
      autoDestroy: true,
      destroyed: true,
      errored: null,
      closed: true,
      closeEmitted: true,
      defaultEncoding: 'utf8',
      awaitDrainWriters: null,
      multiAwaitDrain: false,
      readingMore: true,
      dataEmitted: true,
      decoder: null,
      encoding: null,
      [Symbol(kPaused)]: true
    },
    _events: [Object: null prototype] {
      end: [Function: responseOnEnd],
      error: [Array],
      close: [Function: bound emit]
    },
    _eventsCount: 3,
    _maxListeners: undefined,
    socket: TLSSocket {
      _tlsOptions: [Object],
      _secureEstablished: true,
      _securePending: false,
      _newSessionPending: false,
      _controlReleased: true,
      secureConnecting: false,
      _SNICallback: null,
      servername: 'qa-login.greatplacetowork.com',
      alpnProtocol: false,
      authorized: true,
      authorizationError: null,
      encrypted: true,
      _events: [Object: null prototype],
      _eventsCount: 9,
      connecting: false,
      _hadError: false,
      _parent: null,
      _host: 'qa-login.greatplacetowork.com',
      _readableState: [ReadableState],
      _maxListeners: undefined,
      _writableState: [WritableState],
      allowHalfOpen: false,
      _sockname: null,
      _pendingData: null,
      _pendingEncoding: '',
      server: undefined,
      _server: null,
      ssl: null,
      _requestCert: true,
      _rejectUnauthorized: true,
      parser: null,
      _httpMessage: [ClientRequest],
      write: [Function: writeAfterFIN],
      [Symbol(res)]: null,
      [Symbol(verified)]: true,
      [Symbol(pendingSession)]: null,
      [Symbol(async_id_symbol)]: 99,
      [Symbol(kHandle)]: null,
      [Symbol(lastWriteQueueSize)]: 0,
      [Symbol(timeout)]: null,
      [Symbol(kBuffer)]: null,
      [Symbol(kBufferCb)]: null,
      [Symbol(kBufferGen)]: null,
      [Symbol(kCapture)]: false,
      [Symbol(kSetNoDelay)]: true,
      [Symbol(kSetKeepAlive)]: false,
      [Symbol(kSetKeepAliveInitialDelay)]: 0,
      [Symbol(kBytesRead)]: 3035,
      [Symbol(kBytesWritten)]: 405,
      [Symbol(connect-options)]: [Object],
      [Symbol(RequestTimeout)]: undefined
    },
    httpVersionMajor: 1,
    httpVersionMinor: 1,
    httpVersion: '1.1',
    complete: true,
    rawHeaders: [
      'Date',
      'Tue, 03 May 2022 20:33:14 GMT',
      'Content-Type',
      'application/json; charset=utf-8',
      'Content-Length',
      '1195',
      'Connection',
      'close',
      'Server',
      'Microsoft-IIS/10.0',
      'Cache-Control',
      'no-store, no-cache, max-age=0',
      'Content-Encoding',
      'gzip',
      'Pragma',
      'no-cache',
      'Set-Cookie',
      'ARRAffinity=2796f7188e8db6496639c7f92b4305cd5a1535d76ca0187e83794f06c54193a7;Path=/;HttpOnly;Secure;Domain=qa-login.greatplacetowork.com',
      'Set-Cookie',
      'ARRAffinitySameSite=2796f7188e8db6496639c7f92b4305cd5a1535d76ca0187e83794f06c54193a7;Path=/;HttpOnly;SameSite=None;Secure;Domain=qa-login.greatplacetowork.com',
      'Vary',
      'Accept-Encoding',
      'Request-Context',
      'appId=cid-v1:6788e55e-64df-42a4-86a4-3a2a15af6257',
      'X-Powered-By',
      'ASP.NET',
      'Strict-Transport-Security',
      'max-age=63072000; includeSubDomains; preload',
      'X-Content-Type-Options',
      'nosniff',
      'Content-Security-Policy',
      "default-src 'none';base-uri https://*.greatplacetowork.com https://*.emprising.com; connect-src 'self' https://dc.services.visualstudio.com wss://*.greatplacetowork.com wss://*.emprising.com https://*.greatplacetowork.com https://*.emprising.com;script-src 'self' 'unsafe-inline' https://platform.twitter.com/widgets.js https://ajax.aspnetcdn.com https://*.vo.msecnd.net https://*.greatplacetowork.com https://*.emprising.com 'report-sample'; img-src 'self'; style-src 'self' 'unsafe-inline' https://fonts.googleapis.com https://ajax.aspnetcdn.com https://*.greatplacetowork.com https://*.emprising.com;form-action 'self' https://login.windows.net https://login.microsoftonline.com https://*.greatplacetowork.com;font-src 'self' 'unsafe-inline' https://fonts.gstatic.com https://ajax.aspnetcdn.com; object-src 'none';frame-src https://platform.twitter.com https://*.greatplacetowork.com https://*.emprising.com;upgrade-insecure-requests; report-uri https://qa-elk.emprising.com/csp_reports;",
      'X-XSS-Protection',
      '1'
    ],
    rawTrailers: [],
    aborted: false,
    upgrade: false,
    url: '',
    method: null,
    statusCode: 200,
    statusMessage: 'OK',
    client: TLSSocket {
      _tlsOptions: [Object],
      _secureEstablished: true,
      _securePending: false,
      _newSessionPending: false,
      _controlReleased: true,
      secureConnecting: false,
      _SNICallback: null,
      servername: 'qa-login.greatplacetowork.com',
      alpnProtocol: false,
      authorized: true,
      authorizationError: null,
      encrypted: true,
      _events: [Object: null prototype],
      _eventsCount: 9,
      connecting: false,
      _hadError: false,
      _parent: null,
      _host: 'qa-login.greatplacetowork.com',
      _readableState: [ReadableState],
      _maxListeners: undefined,
      _writableState: [WritableState],
      allowHalfOpen: false,
      _sockname: null,
      _pendingData: null,
      _pendingEncoding: '',
      server: undefined,
      _server: null,
      ssl: null,
      _requestCert: true,
      _rejectUnauthorized: true,
      parser: null,
      _httpMessage: [ClientRequest],
      write: [Function: writeAfterFIN],
      [Symbol(res)]: null,
      [Symbol(verified)]: true,
      [Symbol(pendingSession)]: null,
      [Symbol(async_id_symbol)]: 99,
      [Symbol(kHandle)]: null,
      [Symbol(lastWriteQueueSize)]: 0,
      [Symbol(timeout)]: null,
      [Symbol(kBuffer)]: null,
      [Symbol(kBufferCb)]: null,
      [Symbol(kBufferGen)]: null,
      [Symbol(kCapture)]: false,
      [Symbol(kSetNoDelay)]: true,
      [Symbol(kSetKeepAlive)]: false,
      [Symbol(kSetKeepAliveInitialDelay)]: 0,
      [Symbol(kBytesRead)]: 3035,
      [Symbol(kBytesWritten)]: 405,
      [Symbol(connect-options)]: [Object],
      [Symbol(RequestTimeout)]: undefined
    },
    _consuming: false,
    _dumped: false,
    req: ClientRequest {
      _events: [Object: null prototype],
      _eventsCount: 3,
      _maxListeners: undefined,
      outputData: [],
      outputSize: 0,
      writable: true,
      destroyed: true,
      _last: true,
      chunkedEncoding: false,
      shouldKeepAlive: false,
      maxRequestsOnConnectionReached: false,
      _defaultKeepAlive: true,
      useChunkedEncodingByDefault: true,
      sendDate: false,
      _removedConnection: false,
      _removedContLen: false,
      _removedTE: false,
      _contentLength: 206,
      _hasBody: true,
      _trailer: '',
      finished: true,
      _headerSent: true,
      _closed: true,
      socket: [TLSSocket],
      _header: 'POST /identity/connect/token HTTP/1.1\r\n' +
        'Host: qa-login.greatplacetowork.com\r\n' +
        'Accept-Encoding: gzip, deflate\r\n' +
        'Content-Type: application/x-www-form-urlencoded\r\n' +
        'Content-Length: 206\r\n' +
        'Connection: close\r\n' +
        '\r\n',
      _keepAliveTimeout: 0,
      _onPendingData: [Function: nop],
      agent: [Agent],
      socketPath: undefined,
      method: 'POST',
      maxHeaderSize: undefined,
      insecureHTTPParser: undefined,
      path: '/identity/connect/token',
      _ended: true,
      res: [Circular *1],
      aborted: false,
      timeoutCb: null,
      upgradeOrConnect: false,
      parser: null,
      maxHeadersCount: null,
      reusedSocket: false,
      host: 'qa-login.greatplacetowork.com',
      protocol: 'https:',
      [Symbol(kCapture)]: false,
      [Symbol(kNeedDrain)]: false,
      [Symbol(corked)]: 0,
      [Symbol(kOutHeaders)]: [Object: null prototype]
    },
    setEncoding: [Function (anonymous)],
    on: [Function (anonymous)],
    text: '{"access_token":"eyJhbGciOiJSUzI1NiIsImtpZCI6IjJFNUI2M0Q1QTcxQTU5NzZEMTNDNUVBNTEwOTk2MkMzMjgyMzJFMDAiLCJ0eXAiOiJKV1QiLCJ4NXQiOiJMbHRqMWFjYVdYYlJQRjZsRUpsaXd5Z2pMZ0EifQ.eyJuYmYiOjE2NTE2MDk5OTQsImV4cCI6MTY1MTYzODc5NCwiaXNzIjoiaHR0cHM6Ly9xYS1sb2dpbi5ncmVhdHBsYWNldG93b3JrLmNvbS9pZGVudGl0eS8iLCJhdWQiOiJodHRwczovL3FhLWxvZ2luLmdyZWF0cGxhY2V0b3dvcmsuY29tL2lkZW50aXR5L3Jlc291cmNlcyIsImNsaWVudF9pZCI6IkdwdHdQb3J0YWxDTVAiLCJzdWIiOiJiZWNiYzQ1YS0xYWFmLTQ3NzEtOTZiYi0xZTQ1YmY4OWNkODkiLCJhdXRoX3RpbWUiOjE2NTE2MDk5OTQsImlkcCI6ImxvY2FsIiwic2NvcGUiOlsiYWxsX2NsYWltcyIsImVtYWlsIiwiR3B0d0NsaWVudExvZ2luU2NvcGUiLCJvcGVuaWQiLCJwcm9maWxlIl0sImFtciI6WyJwd2QiXX0.CBrzXk1OeO_4m4-IeG6IwrFSjfAqBLT02YlZvjlYaNpXCSqjNw_AO868GGli_HymdIzKigXlTG81hzdrtGyXxiV7jHcDy0VYETXrEWHtJPAPblPWQkErghsLLD_cbYtYmO9q4DbcXrM3bG8Gk_lHjKcWqWCLiQc7oagMnxEORDWn19cAgdVg0Lc3L1kQN9PGKjzh5VeFSg7Vl5gixymy0xqa4E8zPBJMl3ZvXABQ6MRnxE7FTP76EWqTI2k6uI3wO_OXMR7Xwa2eSrv5ret-u4gUGXxeHOfyX2semnKjoQwsbhUYaoJbieaOykZ_asxikGgusdz2QsUnIzE0Ee97_g","expires_in":28800,"token_type":"Bearer","scope":"all_claims email GptwClientLoginScope openid profile"}',
    [Symbol(kCapture)]: false,
    [Symbol(kHeaders)]: {
      date: 'Tue, 03 May 2022 20:33:14 GMT',
      'content-type': 'application/json; charset=utf-8',
      'content-length': '1195',
      connection: 'close',
      server: 'Microsoft-IIS/10.0',
      'cache-control': 'no-store, no-cache, max-age=0',
      'content-encoding': 'gzip',
      pragma: 'no-cache',
      'set-cookie': [Array],
      vary: 'Accept-Encoding',
      'request-context': 'appId=cid-v1:6788e55e-64df-42a4-86a4-3a2a15af6257',
      'x-powered-by': 'ASP.NET',
      'strict-transport-security': 'max-age=63072000; includeSubDomains; preload',
      'x-content-type-options': 'nosniff',
      'content-security-policy': "default-src 'none';base-uri https://*.greatplacetowork.com https://*.emprising.com; connect-src 'self' https://dc.services.visualstudio.com wss://*.greatplacetowork.com wss://*.emprising.com https://*.greatplacetowork.com https://*.emprising.com;script-src 'self' 'unsafe-inline' https://platform.twitter.com/widgets.js https://ajax.aspnetcdn.com https://*.vo.msecnd.net https://*.greatplacetowork.com https://*.emprising.com 'report-sample'; img-src 'self'; style-src 'self' 'unsafe-inline' https://fonts.googleapis.com https://ajax.aspnetcdn.com https://*.greatplacetowork.com https://*.emprising.com;form-action 'self' https://login.windows.net https://login.microsoftonline.com https://*.greatplacetowork.com;font-src 'self' 'unsafe-inline' https://fonts.gstatic.com https://ajax.aspnetcdn.com; object-src 'none';frame-src https://platform.twitter.com https://*.greatplacetowork.com https://*.emprising.com;upgrade-insecure-requests; report-uri https://qa-elk.emprising.com/csp_reports;",
      'x-xss-protection': '1'
    },
    [Symbol(kHeadersCount)]: 34,
    [Symbol(kTrailers)]: null,
    [Symbol(kTrailersCount)]: 0,
    [Symbol(RequestTimeout)]: undefined
  },
  request: Test {
    _events: [Object: null prototype] { abort: [Function (anonymous)] },
    _eventsCount: 1,
    _maxListeners: undefined,
    _enableHttp2: false,
    _agent: false,
    _formData: null,
    method: 'POST',
    url: 'https://qa-login.greatplacetowork.com/identity/connect/token',
    _header: { 'content-type': 'application/x-www-form-urlencoded' },
    header: { 'Content-Type': 'application/x-www-form-urlencoded' },
    writable: true,
    _redirects: 0,
    _maxRedirects: 0,
    cookies: '',
    qs: {},
    _query: [],
    qsRaw: [],
    _redirectList: [],
    _streamRequest: false,
    _buffer: true,
    app: 'https://qa-login.greatplacetowork.com/identity/connect/token',
    _asserts: [ [Function (anonymous)] ],
    _data: 'grant_type=password&scope=openid GptwClientLoginScope all_claims profile email&username=stefan.andrej.marjanovic%2Bsupertest%40htecgroup.com&password=Andrej10.10&client_id=GptwPortalCMP&client_secret=secret',
    req: ClientRequest {
      _events: [Object: null prototype],
      _eventsCount: 3,
      _maxListeners: undefined,
      outputData: [],
      outputSize: 0,
      writable: true,
      destroyed: true,
      _last: true,
      chunkedEncoding: false,
      shouldKeepAlive: false,
      maxRequestsOnConnectionReached: false,
      _defaultKeepAlive: true,
      useChunkedEncodingByDefault: true,
      sendDate: false,
      _removedConnection: false,
      _removedContLen: false,
      _removedTE: false,
      _contentLength: 206,
      _hasBody: true,
      _trailer: '',
      finished: true,
      _headerSent: true,
      _closed: true,
      socket: [TLSSocket],
      _header: 'POST /identity/connect/token HTTP/1.1\r\n' +
        'Host: qa-login.greatplacetowork.com\r\n' +
        'Accept-Encoding: gzip, deflate\r\n' +
        'Content-Type: application/x-www-form-urlencoded\r\n' +
        'Content-Length: 206\r\n' +
        'Connection: close\r\n' +
        '\r\n',
      _keepAliveTimeout: 0,
      _onPendingData: [Function: nop],
      agent: [Agent],
      socketPath: undefined,
      method: 'POST',
      maxHeaderSize: undefined,
      insecureHTTPParser: undefined,
      path: '/identity/connect/token',
      _ended: true,
      res: [IncomingMessage],
      aborted: false,
      timeoutCb: null,
      upgradeOrConnect: false,
      parser: null,
      maxHeadersCount: null,
      reusedSocket: false,
      host: 'qa-login.greatplacetowork.com',
      protocol: 'https:',
      [Symbol(kCapture)]: false,
      [Symbol(kNeedDrain)]: false,
      [Symbol(corked)]: 0,
      [Symbol(kOutHeaders)]: [Object: null prototype]
    },
    protocol: 'https:',
    host: 'qa-login.greatplacetowork.com',
    _endCalled: true,
    _callback: [Function (anonymous)],
    _fullfilledPromise: Promise { [Circular *2] },
    res: <ref *1> IncomingMessage {
      _readableState: [ReadableState],
      _events: [Object: null prototype],
      _eventsCount: 3,
      _maxListeners: undefined,
      socket: [TLSSocket],
      httpVersionMajor: 1,
      httpVersionMinor: 1,
      httpVersion: '1.1',
      complete: true,
      rawHeaders: [Array],
      rawTrailers: [],
      aborted: false,
      upgrade: false,
      url: '',
      method: null,
      statusCode: 200,
      statusMessage: 'OK',
      client: [TLSSocket],
      _consuming: false,
      _dumped: false,
      req: [ClientRequest],
      setEncoding: [Function (anonymous)],
      on: [Function (anonymous)],
      text: '{"access_token":"eyJhbGciOiJSUzI1NiIsImtpZCI6IjJFNUI2M0Q1QTcxQTU5NzZEMTNDNUVBNTEwOTk2MkMzMjgyMzJFMDAiLCJ0eXAiOiJKV1QiLCJ4NXQiOiJMbHRqMWFjYVdYYlJQRjZsRUpsaXd5Z2pMZ0EifQ.eyJuYmYiOjE2NTE2MDk5OTQsImV4cCI6MTY1MTYzODc5NCwiaXNzIjoiaHR0cHM6Ly9xYS1sb2dpbi5ncmVhdHBsYWNldG93b3JrLmNvbS9pZGVudGl0eS8iLCJhdWQiOiJodHRwczovL3FhLWxvZ2luLmdyZWF0cGxhY2V0b3dvcmsuY29tL2lkZW50aXR5L3Jlc291cmNlcyIsImNsaWVudF9pZCI6IkdwdHdQb3J0YWxDTVAiLCJzdWIiOiJiZWNiYzQ1YS0xYWFmLTQ3NzEtOTZiYi0xZTQ1YmY4OWNkODkiLCJhdXRoX3RpbWUiOjE2NTE2MDk5OTQsImlkcCI6ImxvY2FsIiwic2NvcGUiOlsiYWxsX2NsYWltcyIsImVtYWlsIiwiR3B0d0NsaWVudExvZ2luU2NvcGUiLCJvcGVuaWQiLCJwcm9maWxlIl0sImFtciI6WyJwd2QiXX0.CBrzXk1OeO_4m4-IeG6IwrFSjfAqBLT02YlZvjlYaNpXCSqjNw_AO868GGli_HymdIzKigXlTG81hzdrtGyXxiV7jHcDy0VYETXrEWHtJPAPblPWQkErghsLLD_cbYtYmO9q4DbcXrM3bG8Gk_lHjKcWqWCLiQc7oagMnxEORDWn19cAgdVg0Lc3L1kQN9PGKjzh5VeFSg7Vl5gixymy0xqa4E8zPBJMl3ZvXABQ6MRnxE7FTP76EWqTI2k6uI3wO_OXMR7Xwa2eSrv5ret-u4gUGXxeHOfyX2semnKjoQwsbhUYaoJbieaOykZ_asxikGgusdz2QsUnIzE0Ee97_g","expires_in":28800,"token_type":"Bearer","scope":"all_claims email GptwClientLoginScope openid profile"}',
      [Symbol(kCapture)]: false,
      [Symbol(kHeaders)]: [Object],
      [Symbol(kHeadersCount)]: 34,
      [Symbol(kTrailers)]: null,
      [Symbol(kTrailersCount)]: 0,
      [Symbol(RequestTimeout)]: undefined
    },
    _resBuffered: true,
    response: [Circular *2],
    called: true,
    [Symbol(kCapture)]: false
  },
  req: <ref *3> ClientRequest {
    _events: [Object: null prototype] {
      drain: [Function],
      error: [Function (anonymous)],
      prefinish: [Function: requestOnPrefinish]
    },
    _eventsCount: 3,
    _maxListeners: undefined,
    outputData: [],
    outputSize: 0,
    writable: true,
    destroyed: true,
    _last: true,
    chunkedEncoding: false,
    shouldKeepAlive: false,
    maxRequestsOnConnectionReached: false,
    _defaultKeepAlive: true,
    useChunkedEncodingByDefault: true,
    sendDate: false,
    _removedConnection: false,
    _removedContLen: false,
    _removedTE: false,
    _contentLength: 206,
    _hasBody: true,
    _trailer: '',
    finished: true,
    _headerSent: true,
    _closed: true,
    socket: TLSSocket {
      _tlsOptions: [Object],
      _secureEstablished: true,
      _securePending: false,
      _newSessionPending: false,
      _controlReleased: true,
      secureConnecting: false,
      _SNICallback: null,
      servername: 'qa-login.greatplacetowork.com',
      alpnProtocol: false,
      authorized: true,
      authorizationError: null,
      encrypted: true,
      _events: [Object: null prototype],
      _eventsCount: 9,
      connecting: false,
      _hadError: false,
      _parent: null,
      _host: 'qa-login.greatplacetowork.com',
      _readableState: [ReadableState],
      _maxListeners: undefined,
      _writableState: [WritableState],
      allowHalfOpen: false,
      _sockname: null,
      _pendingData: null,
      _pendingEncoding: '',
      server: undefined,
      _server: null,
      ssl: null,
      _requestCert: true,
      _rejectUnauthorized: true,
      parser: null,
      _httpMessage: [Circular *3],
      write: [Function: writeAfterFIN],
      [Symbol(res)]: null,
      [Symbol(verified)]: true,
      [Symbol(pendingSession)]: null,
      [Symbol(async_id_symbol)]: 99,
      [Symbol(kHandle)]: null,
      [Symbol(lastWriteQueueSize)]: 0,
      [Symbol(timeout)]: null,
      [Symbol(kBuffer)]: null,
      [Symbol(kBufferCb)]: null,
      [Symbol(kBufferGen)]: null,
      [Symbol(kCapture)]: false,
      [Symbol(kSetNoDelay)]: true,
      [Symbol(kSetKeepAlive)]: false,
      [Symbol(kSetKeepAliveInitialDelay)]: 0,
      [Symbol(kBytesRead)]: 3035,
      [Symbol(kBytesWritten)]: 405,
      [Symbol(connect-options)]: [Object],
      [Symbol(RequestTimeout)]: undefined
    },
    _header: 'POST /identity/connect/token HTTP/1.1\r\n' +
      'Host: qa-login.greatplacetowork.com\r\n' +
      'Accept-Encoding: gzip, deflate\r\n' +
      'Content-Type: application/x-www-form-urlencoded\r\n' +
      'Content-Length: 206\r\n' +
      'Connection: close\r\n' +
      '\r\n',
    _keepAliveTimeout: 0,
    _onPendingData: [Function: nop],
    agent: Agent {
      _events: [Object: null prototype],
      _eventsCount: 2,
      _maxListeners: undefined,
      defaultPort: 443,
      protocol: 'https:',
      options: [Object: null prototype],
      requests: [Object: null prototype] {},
      sockets: [Object: null prototype] {},
      freeSockets: [Object: null prototype] {},
      keepAliveMsecs: 1000,
      keepAlive: false,
      maxSockets: Infinity,
      maxFreeSockets: 256,
      scheduling: 'lifo',
      maxTotalSockets: Infinity,
      totalSocketCount: 0,
      maxCachedSessions: 100,
      _sessionCache: [Object],
      [Symbol(kCapture)]: false
    },
    socketPath: undefined,
    method: 'POST',
    maxHeaderSize: undefined,
    insecureHTTPParser: undefined,
    path: '/identity/connect/token',
    _ended: true,
    res: <ref *1> IncomingMessage {
      _readableState: [ReadableState],
      _events: [Object: null prototype],
      _eventsCount: 3,
      _maxListeners: undefined,
      socket: [TLSSocket],
      httpVersionMajor: 1,
      httpVersionMinor: 1,
      httpVersion: '1.1',
      complete: true,
      rawHeaders: [Array],
      rawTrailers: [],
      aborted: false,
      upgrade: false,
      url: '',
      method: null,
      statusCode: 200,
      statusMessage: 'OK',
      client: [TLSSocket],
      _consuming: false,
      _dumped: false,
      req: [Circular *3],
      setEncoding: [Function (anonymous)],
      on: [Function (anonymous)],
      text: '{"access_token":"eyJhbGciOiJSUzI1NiIsImtpZCI6IjJFNUI2M0Q1QTcxQTU5NzZEMTNDNUVBNTEwOTk2MkMzMjgyMzJFMDAiLCJ0eXAiOiJKV1QiLCJ4NXQiOiJMbHRqMWFjYVdYYlJQRjZsRUpsaXd5Z2pMZ0EifQ.eyJuYmYiOjE2NTE2MDk5OTQsImV4cCI6MTY1MTYzODc5NCwiaXNzIjoiaHR0cHM6Ly9xYS1sb2dpbi5ncmVhdHBsYWNldG93b3JrLmNvbS9pZGVudGl0eS8iLCJhdWQiOiJodHRwczovL3FhLWxvZ2luLmdyZWF0cGxhY2V0b3dvcmsuY29tL2lkZW50aXR5L3Jlc291cmNlcyIsImNsaWVudF9pZCI6IkdwdHdQb3J0YWxDTVAiLCJzdWIiOiJiZWNiYzQ1YS0xYWFmLTQ3NzEtOTZiYi0xZTQ1YmY4OWNkODkiLCJhdXRoX3RpbWUiOjE2NTE2MDk5OTQsImlkcCI6ImxvY2FsIiwic2NvcGUiOlsiYWxsX2NsYWltcyIsImVtYWlsIiwiR3B0d0NsaWVudExvZ2luU2NvcGUiLCJvcGVuaWQiLCJwcm9maWxlIl0sImFtciI6WyJwd2QiXX0.CBrzXk1OeO_4m4-IeG6IwrFSjfAqBLT02YlZvjlYaNpXCSqjNw_AO868GGli_HymdIzKigXlTG81hzdrtGyXxiV7jHcDy0VYETXrEWHtJPAPblPWQkErghsLLD_cbYtYmO9q4DbcXrM3bG8Gk_lHjKcWqWCLiQc7oagMnxEORDWn19cAgdVg0Lc3L1kQN9PGKjzh5VeFSg7Vl5gixymy0xqa4E8zPBJMl3ZvXABQ6MRnxE7FTP76EWqTI2k6uI3wO_OXMR7Xwa2eSrv5ret-u4gUGXxeHOfyX2semnKjoQwsbhUYaoJbieaOykZ_asxikGgusdz2QsUnIzE0Ee97_g","expires_in":28800,"token_type":"Bearer","scope":"all_claims email GptwClientLoginScope openid profile"}',
      [Symbol(kCapture)]: false,
      [Symbol(kHeaders)]: [Object],
      [Symbol(kHeadersCount)]: 34,
      [Symbol(kTrailers)]: null,
      [Symbol(kTrailersCount)]: 0,
      [Symbol(RequestTimeout)]: undefined
    },
    aborted: false,
    timeoutCb: null,
    upgradeOrConnect: false,
    parser: null,
    maxHeadersCount: null,
    reusedSocket: false,
    host: 'qa-login.greatplacetowork.com',
    protocol: 'https:',
    [Symbol(kCapture)]: false,
    [Symbol(kNeedDrain)]: false,
    [Symbol(corked)]: 0,
    [Symbol(kOutHeaders)]: [Object: null prototype] {
      host: [Array],
      'accept-encoding': [Array],
      'content-type': [Array],
      'content-length': [Array]
    }
  },
  text: '{"access_token":"eyJhbGciOiJSUzI1NiIsImtpZCI6IjJFNUI2M0Q1QTcxQTU5NzZEMTNDNUVBNTEwOTk2MkMzMjgyMzJFMDAiLCJ0eXAiOiJKV1QiLCJ4NXQiOiJMbHRqMWFjYVdYYlJQRjZsRUpsaXd5Z2pMZ0EifQ.eyJuYmYiOjE2NTE2MDk5OTQsImV4cCI6MTY1MTYzODc5NCwiaXNzIjoiaHR0cHM6Ly9xYS1sb2dpbi5ncmVhdHBsYWNldG93b3JrLmNvbS9pZGVudGl0eS8iLCJhdWQiOiJodHRwczovL3FhLWxvZ2luLmdyZWF0cGxhY2V0b3dvcmsuY29tL2lkZW50aXR5L3Jlc291cmNlcyIsImNsaWVudF9pZCI6IkdwdHdQb3J0YWxDTVAiLCJzdWIiOiJiZWNiYzQ1YS0xYWFmLTQ3NzEtOTZiYi0xZTQ1YmY4OWNkODkiLCJhdXRoX3RpbWUiOjE2NTE2MDk5OTQsImlkcCI6ImxvY2FsIiwic2NvcGUiOlsiYWxsX2NsYWltcyIsImVtYWlsIiwiR3B0d0NsaWVudExvZ2luU2NvcGUiLCJvcGVuaWQiLCJwcm9maWxlIl0sImFtciI6WyJwd2QiXX0.CBrzXk1OeO_4m4-IeG6IwrFSjfAqBLT02YlZvjlYaNpXCSqjNw_AO868GGli_HymdIzKigXlTG81hzdrtGyXxiV7jHcDy0VYETXrEWHtJPAPblPWQkErghsLLD_cbYtYmO9q4DbcXrM3bG8Gk_lHjKcWqWCLiQc7oagMnxEORDWn19cAgdVg0Lc3L1kQN9PGKjzh5VeFSg7Vl5gixymy0xqa4E8zPBJMl3ZvXABQ6MRnxE7FTP76EWqTI2k6uI3wO_OXMR7Xwa2eSrv5ret-u4gUGXxeHOfyX2semnKjoQwsbhUYaoJbieaOykZ_asxikGgusdz2QsUnIzE0Ee97_g","expires_in":28800,"token_type":"Bearer","scope":"all_claims email GptwClientLoginScope openid profile"}',
  body: {
    access_token: 'eyJhbGciOiJSUzI1NiIsImtpZCI6IjJFNUI2M0Q1QTcxQTU5NzZEMTNDNUVBNTEwOTk2MkMzMjgyMzJFMDAiLCJ0eXAiOiJKV1QiLCJ4NXQiOiJMbHRqMWFjYVdYYlJQRjZsRUpsaXd5Z2pMZ0EifQ.eyJuYmYiOjE2NTE2MDk5OTQsImV4cCI6MTY1MTYzODc5NCwiaXNzIjoiaHR0cHM6Ly9xYS1sb2dpbi5ncmVhdHBsYWNldG93b3JrLmNvbS9pZGVudGl0eS8iLCJhdWQiOiJodHRwczovL3FhLWxvZ2luLmdyZWF0cGxhY2V0b3dvcmsuY29tL2lkZW50aXR5L3Jlc291cmNlcyIsImNsaWVudF9pZCI6IkdwdHdQb3J0YWxDTVAiLCJzdWIiOiJiZWNiYzQ1YS0xYWFmLTQ3NzEtOTZiYi0xZTQ1YmY4OWNkODkiLCJhdXRoX3RpbWUiOjE2NTE2MDk5OTQsImlkcCI6ImxvY2FsIiwic2NvcGUiOlsiYWxsX2NsYWltcyIsImVtYWlsIiwiR3B0d0NsaWVudExvZ2luU2NvcGUiLCJvcGVuaWQiLCJwcm9maWxlIl0sImFtciI6WyJwd2QiXX0.CBrzXk1OeO_4m4-IeG6IwrFSjfAqBLT02YlZvjlYaNpXCSqjNw_AO868GGli_HymdIzKigXlTG81hzdrtGyXxiV7jHcDy0VYETXrEWHtJPAPblPWQkErghsLLD_cbYtYmO9q4DbcXrM3bG8Gk_lHjKcWqWCLiQc7oagMnxEORDWn19cAgdVg0Lc3L1kQN9PGKjzh5VeFSg7Vl5gixymy0xqa4E8zPBJMl3ZvXABQ6MRnxE7FTP76EWqTI2k6uI3wO_OXMR7Xwa2eSrv5ret-u4gUGXxeHOfyX2semnKjoQwsbhUYaoJbieaOykZ_asxikGgusdz2QsUnIzE0Ee97_g',
    expires_in: 28800,
    token_type: 'Bearer',
    scope: 'all_claims email GptwClientLoginScope openid profile'
  },
  files: undefined,
  buffered: true,
  headers: {
    date: 'Tue, 03 May 2022 20:33:14 GMT',
    'content-type': 'application/json; charset=utf-8',
    'content-length': '1195',
    connection: 'close',
    server: 'Microsoft-IIS/10.0',
    'cache-control': 'no-store, no-cache, max-age=0',
    'content-encoding': 'gzip',
    pragma: 'no-cache',
    'set-cookie': [
      'ARRAffinity=2796f7188e8db6496639c7f92b4305cd5a1535d76ca0187e83794f06c54193a7;Path=/;HttpOnly;Secure;Domain=qa-login.greatplacetowork.com',
      'ARRAffinitySameSite=2796f7188e8db6496639c7f92b4305cd5a1535d76ca0187e83794f06c54193a7;Path=/;HttpOnly;SameSite=None;Secure;Domain=qa-login.greatplacetowork.com'
    ],
    vary: 'Accept-Encoding',
    'request-context': 'appId=cid-v1:6788e55e-64df-42a4-86a4-3a2a15af6257',
    'x-powered-by': 'ASP.NET',
    'strict-transport-security': 'max-age=63072000; includeSubDomains; preload',
    'x-content-type-options': 'nosniff',
    'content-security-policy': "default-src 'none';base-uri https://*.greatplacetowork.com https://*.emprising.com; connect-src 'self' https://dc.services.visualstudio.com wss://*.greatplacetowork.com wss://*.emprising.com https://*.greatplacetowork.com https://*.emprising.com;script-src 'self' 'unsafe-inline' https://platform.twitter.com/widgets.js https://ajax.aspnetcdn.com https://*.vo.msecnd.net https://*.greatplacetowork.com https://*.emprising.com 'report-sample'; img-src 'self'; style-src 'self' 'unsafe-inline' https://fonts.googleapis.com https://ajax.aspnetcdn.com https://*.greatplacetowork.com https://*.emprising.com;form-action 'self' https://login.windows.net https://login.microsoftonline.com https://*.greatplacetowork.com;font-src 'self' 'unsafe-inline' https://fonts.gstatic.com https://ajax.aspnetcdn.com; object-src 'none';frame-src https://platform.twitter.com https://*.greatplacetowork.com https://*.emprising.com;upgrade-insecure-requests; report-uri https://qa-elk.emprising.com/csp_reports;",
    'x-xss-protection': '1'
  },
  header: {
    date: 'Tue, 03 May 2022 20:33:14 GMT',
    'content-type': 'application/json; charset=utf-8',
    'content-length': '1195',
    connection: 'close',
    server: 'Microsoft-IIS/10.0',
    'cache-control': 'no-store, no-cache, max-age=0',
    'content-encoding': 'gzip',
    pragma: 'no-cache',
    'set-cookie': [
      'ARRAffinity=2796f7188e8db6496639c7f92b4305cd5a1535d76ca0187e83794f06c54193a7;Path=/;HttpOnly;Secure;Domain=qa-login.greatplacetowork.com',
      'ARRAffinitySameSite=2796f7188e8db6496639c7f92b4305cd5a1535d76ca0187e83794f06c54193a7;Path=/;HttpOnly;SameSite=None;Secure;Domain=qa-login.greatplacetowork.com'
    ],
    vary: 'Accept-Encoding',
    'request-context': 'appId=cid-v1:6788e55e-64df-42a4-86a4-3a2a15af6257',
    'x-powered-by': 'ASP.NET',
    'strict-transport-security': 'max-age=63072000; includeSubDomains; preload',
    'x-content-type-options': 'nosniff',
    'content-security-policy': "default-src 'none';base-uri https://*.greatplacetowork.com https://*.emprising.com; connect-src 'self' https://dc.services.visualstudio.com wss://*.greatplacetowork.com wss://*.emprising.com https://*.greatplacetowork.com https://*.emprising.com;script-src 'self' 'unsafe-inline' https://platform.twitter.com/widgets.js https://ajax.aspnetcdn.com https://*.vo.msecnd.net https://*.greatplacetowork.com https://*.emprising.com 'report-sample'; img-src 'self'; style-src 'self' 'unsafe-inline' https://fonts.googleapis.com https://ajax.aspnetcdn.com https://*.greatplacetowork.com https://*.emprising.com;form-action 'self' https://login.windows.net https://login.microsoftonline.com https://*.greatplacetowork.com;font-src 'self' 'unsafe-inline' https://fonts.gstatic.com https://ajax.aspnetcdn.com; object-src 'none';frame-src https://platform.twitter.com https://*.greatplacetowork.com https://*.emprising.com;upgrade-insecure-requests; report-uri https://qa-elk.emprising.com/csp_reports;",
    'x-xss-protection': '1'
  },
  statusCode: 200,
  status: 200,
  statusType: 2,
  info: false,
  ok: true,
  redirect: false,
  clientError: false,
  serverError: false,
  error: false,
  created: false,
  accepted: false,
  noContent: false,
  badRequest: false,
  unauthorized: false,
  notAcceptable: false,
  forbidden: false,
  notFound: false,
  unprocessableEntity: false,
  type: 'application/json',
  charset: 'utf-8',
  links: {},
  setEncoding: [Function: bound ],
  redirects: [],
  pipe: [Function (anonymous)],
  [Symbol(kCapture)]: false
}
[2022-05-03T22:33:15.285] [TRACE] cheese - <ref *2> Response {
  _events: [Object: null prototype] {},
  _eventsCount: 0,
  _maxListeners: undefined,
  res: <ref *1> IncomingMessage {
    _readableState: ReadableState {
      objectMode: false,
      highWaterMark: 16384,
      buffer: BufferList { head: null, tail: null, length: 0 },
      length: 0,
      pipes: [],
      flowing: false,
      ended: true,
      endEmitted: true,
      reading: false,
      constructed: true,
      sync: true,
      needReadable: false,
      emittedReadable: false,
      readableListening: false,
      resumeScheduled: false,
      errorEmitted: false,
      emitClose: true,
      autoDestroy: true,
      destroyed: true,
      errored: null,
      closed: true,
      closeEmitted: true,
      defaultEncoding: 'utf8',
      awaitDrainWriters: null,
      multiAwaitDrain: false,
      readingMore: true,
      dataEmitted: true,
      decoder: null,
      encoding: null,
      [Symbol(kPaused)]: true
    },
    _events: [Object: null prototype] {
      end: [Function: responseOnEnd],
      error: [Array],
      close: [Function: bound emit]
    },
    _eventsCount: 3,
    _maxListeners: undefined,
    socket: TLSSocket {
      _tlsOptions: [Object],
      _secureEstablished: true,
      _securePending: false,
      _newSessionPending: false,
      _controlReleased: true,
      secureConnecting: false,
      _SNICallback: null,
      servername: 'qa-login.greatplacetowork.com',
      alpnProtocol: false,
      authorized: true,
      authorizationError: null,
      encrypted: true,
      _events: [Object: null prototype],
      _eventsCount: 9,
      connecting: false,
      _hadError: false,
      _parent: null,
      _host: 'qa-login.greatplacetowork.com',
      _readableState: [ReadableState],
      _maxListeners: undefined,
      _writableState: [WritableState],
      allowHalfOpen: false,
      _sockname: null,
      _pendingData: null,
      _pendingEncoding: '',
      server: undefined,
      _server: null,
      ssl: null,
      _requestCert: true,
      _rejectUnauthorized: true,
      parser: null,
      _httpMessage: [ClientRequest],
      write: [Function: writeAfterFIN],
      [Symbol(res)]: null,
      [Symbol(verified)]: true,
      [Symbol(pendingSession)]: null,
      [Symbol(async_id_symbol)]: 131,
      [Symbol(kHandle)]: null,
      [Symbol(lastWriteQueueSize)]: 0,
      [Symbol(timeout)]: null,
      [Symbol(kBuffer)]: null,
      [Symbol(kBufferCb)]: null,
      [Symbol(kBufferGen)]: null,
      [Symbol(kCapture)]: false,
      [Symbol(kSetNoDelay)]: true,
      [Symbol(kSetKeepAlive)]: false,
      [Symbol(kSetKeepAliveInitialDelay)]: 0,
      [Symbol(kBytesRead)]: 3029,
      [Symbol(kBytesWritten)]: 390,
      [Symbol(connect-options)]: [Object],
      [Symbol(RequestTimeout)]: undefined
    },
    httpVersionMajor: 1,
    httpVersionMinor: 1,
    httpVersion: '1.1',
    complete: true,
    rawHeaders: [
      'Date',
      'Tue, 03 May 2022 20:33:15 GMT',
      'Content-Type',
      'application/json; charset=utf-8',
      'Content-Length',
      '1189',
      'Connection',
      'close',
      'Server',
      'Microsoft-IIS/10.0',
      'Cache-Control',
      'no-store, no-cache, max-age=0',
      'Content-Encoding',
      'gzip',
      'Pragma',
      'no-cache',
      'Set-Cookie',
      'ARRAffinity=2796f7188e8db6496639c7f92b4305cd5a1535d76ca0187e83794f06c54193a7;Path=/;HttpOnly;Secure;Domain=qa-login.greatplacetowork.com',
      'Set-Cookie',
      'ARRAffinitySameSite=2796f7188e8db6496639c7f92b4305cd5a1535d76ca0187e83794f06c54193a7;Path=/;HttpOnly;SameSite=None;Secure;Domain=qa-login.greatplacetowork.com',
      'Vary',
      'Accept-Encoding',
      'Request-Context',
      'appId=cid-v1:6788e55e-64df-42a4-86a4-3a2a15af6257',
      'X-Powered-By',
      'ASP.NET',
      'Strict-Transport-Security',
      'max-age=63072000; includeSubDomains; preload',
      'X-Content-Type-Options',
      'nosniff',
      'Content-Security-Policy',
      "default-src 'none';base-uri https://*.greatplacetowork.com https://*.emprising.com; connect-src 'self' https://dc.services.visualstudio.com wss://*.greatplacetowork.com wss://*.emprising.com https://*.greatplacetowork.com https://*.emprising.com;script-src 'self' 'unsafe-inline' https://platform.twitter.com/widgets.js https://ajax.aspnetcdn.com https://*.vo.msecnd.net https://*.greatplacetowork.com https://*.emprising.com 'report-sample'; img-src 'self'; style-src 'self' 'unsafe-inline' https://fonts.googleapis.com https://ajax.aspnetcdn.com https://*.greatplacetowork.com https://*.emprising.com;form-action 'self' https://login.windows.net https://login.microsoftonline.com https://*.greatplacetowork.com;font-src 'self' 'unsafe-inline' https://fonts.gstatic.com https://ajax.aspnetcdn.com; object-src 'none';frame-src https://platform.twitter.com https://*.greatplacetowork.com https://*.emprising.com;upgrade-insecure-requests; report-uri https://qa-elk.emprising.com/csp_reports;",
      'X-XSS-Protection',
      '1'
    ],
    rawTrailers: [],
    aborted: false,
    upgrade: false,
    url: '',
    method: null,
    statusCode: 200,
    statusMessage: 'OK',
    client: TLSSocket {
      _tlsOptions: [Object],
      _secureEstablished: true,
      _securePending: false,
      _newSessionPending: false,
      _controlReleased: true,
      secureConnecting: false,
      _SNICallback: null,
      servername: 'qa-login.greatplacetowork.com',
      alpnProtocol: false,
      authorized: true,
      authorizationError: null,
      encrypted: true,
      _events: [Object: null prototype],
      _eventsCount: 9,
      connecting: false,
      _hadError: false,
      _parent: null,
      _host: 'qa-login.greatplacetowork.com',
      _readableState: [ReadableState],
      _maxListeners: undefined,
      _writableState: [WritableState],
      allowHalfOpen: false,
      _sockname: null,
      _pendingData: null,
      _pendingEncoding: '',
      server: undefined,
      _server: null,
      ssl: null,
      _requestCert: true,
      _rejectUnauthorized: true,
      parser: null,
      _httpMessage: [ClientRequest],
      write: [Function: writeAfterFIN],
      [Symbol(res)]: null,
      [Symbol(verified)]: true,
      [Symbol(pendingSession)]: null,
      [Symbol(async_id_symbol)]: 131,
      [Symbol(kHandle)]: null,
      [Symbol(lastWriteQueueSize)]: 0,
      [Symbol(timeout)]: null,
      [Symbol(kBuffer)]: null,
      [Symbol(kBufferCb)]: null,
      [Symbol(kBufferGen)]: null,
      [Symbol(kCapture)]: false,
      [Symbol(kSetNoDelay)]: true,
      [Symbol(kSetKeepAlive)]: false,
      [Symbol(kSetKeepAliveInitialDelay)]: 0,
      [Symbol(kBytesRead)]: 3029,
      [Symbol(kBytesWritten)]: 390,
      [Symbol(connect-options)]: [Object],
      [Symbol(RequestTimeout)]: undefined
    },
    _consuming: false,
    _dumped: false,
    req: ClientRequest {
      _events: [Object: null prototype],
      _eventsCount: 3,
      _maxListeners: undefined,
      outputData: [],
      outputSize: 0,
      writable: true,
      destroyed: true,
      _last: true,
      chunkedEncoding: false,
      shouldKeepAlive: false,
      maxRequestsOnConnectionReached: false,
      _defaultKeepAlive: true,
      useChunkedEncodingByDefault: true,
      sendDate: false,
      _removedConnection: false,
      _removedContLen: false,
      _removedTE: false,
      _contentLength: 191,
      _hasBody: true,
      _trailer: '',
      finished: true,
      _headerSent: true,
      _closed: true,
      socket: [TLSSocket],
      _header: 'POST /identity/connect/token HTTP/1.1\r\n' +
        'Host: qa-login.greatplacetowork.com\r\n' +
        'Accept-Encoding: gzip, deflate\r\n' +
        'Content-Type: application/x-www-form-urlencoded\r\n' +
        'Content-Length: 191\r\n' +
        'Connection: close\r\n' +
        '\r\n',
      _keepAliveTimeout: 0,
      _onPendingData: [Function: nop],
      agent: [Agent],
      socketPath: undefined,
      method: 'POST',
      maxHeaderSize: undefined,
      insecureHTTPParser: undefined,
      path: '/identity/connect/token',
      _ended: true,
      res: [Circular *1],
      aborted: false,
      timeoutCb: null,
      upgradeOrConnect: false,
      parser: null,
      maxHeadersCount: null,
      reusedSocket: false,
      host: 'qa-login.greatplacetowork.com',
      protocol: 'https:',
      [Symbol(kCapture)]: false,
      [Symbol(kNeedDrain)]: false,
      [Symbol(corked)]: 0,
      [Symbol(kOutHeaders)]: [Object: null prototype]
    },
    setEncoding: [Function (anonymous)],
    on: [Function (anonymous)],
    text: '{"access_token":"eyJhbGciOiJSUzI1NiIsImtpZCI6IjJFNUI2M0Q1QTcxQTU5NzZEMTNDNUVBNTEwOTk2MkMzMjgyMzJFMDAiLCJ0eXAiOiJKV1QiLCJ4NXQiOiJMbHRqMWFjYVdYYlJQRjZsRUpsaXd5Z2pMZ0EifQ.eyJuYmYiOjE2NTE2MDk5OTUsImV4cCI6MTY1MTYzODc5NSwiaXNzIjoiaHR0cHM6Ly9xYS1sb2dpbi5ncmVhdHBsYWNldG93b3JrLmNvbS9pZGVudGl0eS8iLCJhdWQiOiJodHRwczovL3FhLWxvZ2luLmdyZWF0cGxhY2V0b3dvcmsuY29tL2lkZW50aXR5L3Jlc291cmNlcyIsImNsaWVudF9pZCI6IkdwdHdQb3J0YWxDTVAiLCJzdWIiOiI0NmQ3NWQ3OS0zOWU2LTQ1NzUtOGE5ZS1kYTRlYzk5ZWEzMjIiLCJhdXRoX3RpbWUiOjE2NTE2MDk5OTUsImlkcCI6ImxvY2FsIiwic2NvcGUiOlsiYWxsX2NsYWltcyIsImVtYWlsIiwiR3B0d0NsaWVudExvZ2luU2NvcGUiLCJvcGVuaWQiLCJwcm9maWxlIl0sImFtciI6WyJwd2QiXX0.TeloVhdKUgQyhZ7CHS0qD1hzldhgVW2u064XC7y71Z7kyubglHZb-tNwwME2BOjX5bBpmLrb0P8jwz9j1hfOkdDaCal2MZvDDjuMu6hx9dULQLJyqM1NwM6BOGSECkSVCgfvlmkMX9RuB7NgyMoGR170CxmBnqz5OgZMAQHvRL8kkntuAGIQOVrk3ny9J7Do58I0Bjnt6BMnfoApVtAELnDIyy9weMmmdCFD5XGa6oQPNk-3gKcwTpJudUEjKD0NYShnZF5_OvK0wDcAXMa2kbFhHroTIGLiicOjqoSsgJUEm0AGfzgeBsRdUpiTABYYdtRNgFXZz4p7GqfYKGn6AA","expires_in":28800,"token_type":"Bearer","scope":"all_claims email GptwClientLoginScope openid profile"}',
    [Symbol(kCapture)]: false,
    [Symbol(kHeaders)]: {
      date: 'Tue, 03 May 2022 20:33:15 GMT',
      'content-type': 'application/json; charset=utf-8',
      'content-length': '1189',
      connection: 'close',
      server: 'Microsoft-IIS/10.0',
      'cache-control': 'no-store, no-cache, max-age=0',
      'content-encoding': 'gzip',
      pragma: 'no-cache',
      'set-cookie': [Array],
      vary: 'Accept-Encoding',
      'request-context': 'appId=cid-v1:6788e55e-64df-42a4-86a4-3a2a15af6257',
      'x-powered-by': 'ASP.NET',
      'strict-transport-security': 'max-age=63072000; includeSubDomains; preload',
      'x-content-type-options': 'nosniff',
      'content-security-policy': "default-src 'none';base-uri https://*.greatplacetowork.com https://*.emprising.com; connect-src 'self' https://dc.services.visualstudio.com wss://*.greatplacetowork.com wss://*.emprising.com https://*.greatplacetowork.com https://*.emprising.com;script-src 'self' 'unsafe-inline' https://platform.twitter.com/widgets.js https://ajax.aspnetcdn.com https://*.vo.msecnd.net https://*.greatplacetowork.com https://*.emprising.com 'report-sample'; img-src 'self'; style-src 'self' 'unsafe-inline' https://fonts.googleapis.com https://ajax.aspnetcdn.com https://*.greatplacetowork.com https://*.emprising.com;form-action 'self' https://login.windows.net https://login.microsoftonline.com https://*.greatplacetowork.com;font-src 'self' 'unsafe-inline' https://fonts.gstatic.com https://ajax.aspnetcdn.com; object-src 'none';frame-src https://platform.twitter.com https://*.greatplacetowork.com https://*.emprising.com;upgrade-insecure-requests; report-uri https://qa-elk.emprising.com/csp_reports;",
      'x-xss-protection': '1'
    },
    [Symbol(kHeadersCount)]: 34,
    [Symbol(kTrailers)]: null,
    [Symbol(kTrailersCount)]: 0,
    [Symbol(RequestTimeout)]: undefined
  },
  request: Test {
    _events: [Object: null prototype] { abort: [Function (anonymous)] },
    _eventsCount: 1,
    _maxListeners: undefined,
    _enableHttp2: false,
    _agent: false,
    _formData: null,
    method: 'POST',
    url: 'https://qa-login.greatplacetowork.com/identity/connect/token',
    _header: { 'content-type': 'application/x-www-form-urlencoded' },
    header: { 'Content-Type': 'application/x-www-form-urlencoded' },
    writable: true,
    _redirects: 0,
    _maxRedirects: 0,
    cookies: '',
    qs: {},
    _query: [],
    qsRaw: [],
    _redirectList: [],
    _streamRequest: false,
    _buffer: true,
    app: 'https://qa-login.greatplacetowork.com/identity/connect/token',
    _asserts: [ [Function (anonymous)] ],
    _data: 'grant_type=password&scope=openid GptwClientLoginScope all_claims profile email&username=nemanja.mircic%2B1133%40htecgroup.com&password=Nemanja123!&client_id=GptwPortalCMP&client_secret=secret',
    req: ClientRequest {
      _events: [Object: null prototype],
      _eventsCount: 3,
      _maxListeners: undefined,
      outputData: [],
      outputSize: 0,
      writable: true,
      destroyed: true,
      _last: true,
      chunkedEncoding: false,
      shouldKeepAlive: false,
      maxRequestsOnConnectionReached: false,
      _defaultKeepAlive: true,
      useChunkedEncodingByDefault: true,
      sendDate: false,
      _removedConnection: false,
      _removedContLen: false,
      _removedTE: false,
      _contentLength: 191,
      _hasBody: true,
      _trailer: '',
      finished: true,
      _headerSent: true,
      _closed: true,
      socket: [TLSSocket],
      _header: 'POST /identity/connect/token HTTP/1.1\r\n' +
        'Host: qa-login.greatplacetowork.com\r\n' +
        'Accept-Encoding: gzip, deflate\r\n' +
        'Content-Type: application/x-www-form-urlencoded\r\n' +
        'Content-Length: 191\r\n' +
        'Connection: close\r\n' +
        '\r\n',
      _keepAliveTimeout: 0,
      _onPendingData: [Function: nop],
      agent: [Agent],
      socketPath: undefined,
      method: 'POST',
      maxHeaderSize: undefined,
      insecureHTTPParser: undefined,
      path: '/identity/connect/token',
      _ended: true,
      res: [IncomingMessage],
      aborted: false,
      timeoutCb: null,
      upgradeOrConnect: false,
      parser: null,
      maxHeadersCount: null,
      reusedSocket: false,
      host: 'qa-login.greatplacetowork.com',
      protocol: 'https:',
      [Symbol(kCapture)]: false,
      [Symbol(kNeedDrain)]: false,
      [Symbol(corked)]: 0,
      [Symbol(kOutHeaders)]: [Object: null prototype]
    },
    protocol: 'https:',
    host: 'qa-login.greatplacetowork.com',
    _endCalled: true,
    _callback: [Function (anonymous)],
    _fullfilledPromise: Promise { [Circular *2] },
    res: <ref *1> IncomingMessage {
      _readableState: [ReadableState],
      _events: [Object: null prototype],
      _eventsCount: 3,
      _maxListeners: undefined,
      socket: [TLSSocket],
      httpVersionMajor: 1,
      httpVersionMinor: 1,
      httpVersion: '1.1',
      complete: true,
      rawHeaders: [Array],
      rawTrailers: [],
      aborted: false,
      upgrade: false,
      url: '',
      method: null,
      statusCode: 200,
      statusMessage: 'OK',
      client: [TLSSocket],
      _consuming: false,
      _dumped: false,
      req: [ClientRequest],
      setEncoding: [Function (anonymous)],
      on: [Function (anonymous)],
      text: '{"access_token":"eyJhbGciOiJSUzI1NiIsImtpZCI6IjJFNUI2M0Q1QTcxQTU5NzZEMTNDNUVBNTEwOTk2MkMzMjgyMzJFMDAiLCJ0eXAiOiJKV1QiLCJ4NXQiOiJMbHRqMWFjYVdYYlJQRjZsRUpsaXd5Z2pMZ0EifQ.eyJuYmYiOjE2NTE2MDk5OTUsImV4cCI6MTY1MTYzODc5NSwiaXNzIjoiaHR0cHM6Ly9xYS1sb2dpbi5ncmVhdHBsYWNldG93b3JrLmNvbS9pZGVudGl0eS8iLCJhdWQiOiJodHRwczovL3FhLWxvZ2luLmdyZWF0cGxhY2V0b3dvcmsuY29tL2lkZW50aXR5L3Jlc291cmNlcyIsImNsaWVudF9pZCI6IkdwdHdQb3J0YWxDTVAiLCJzdWIiOiI0NmQ3NWQ3OS0zOWU2LTQ1NzUtOGE5ZS1kYTRlYzk5ZWEzMjIiLCJhdXRoX3RpbWUiOjE2NTE2MDk5OTUsImlkcCI6ImxvY2FsIiwic2NvcGUiOlsiYWxsX2NsYWltcyIsImVtYWlsIiwiR3B0d0NsaWVudExvZ2luU2NvcGUiLCJvcGVuaWQiLCJwcm9maWxlIl0sImFtciI6WyJwd2QiXX0.TeloVhdKUgQyhZ7CHS0qD1hzldhgVW2u064XC7y71Z7kyubglHZb-tNwwME2BOjX5bBpmLrb0P8jwz9j1hfOkdDaCal2MZvDDjuMu6hx9dULQLJyqM1NwM6BOGSECkSVCgfvlmkMX9RuB7NgyMoGR170CxmBnqz5OgZMAQHvRL8kkntuAGIQOVrk3ny9J7Do58I0Bjnt6BMnfoApVtAELnDIyy9weMmmdCFD5XGa6oQPNk-3gKcwTpJudUEjKD0NYShnZF5_OvK0wDcAXMa2kbFhHroTIGLiicOjqoSsgJUEm0AGfzgeBsRdUpiTABYYdtRNgFXZz4p7GqfYKGn6AA","expires_in":28800,"token_type":"Bearer","scope":"all_claims email GptwClientLoginScope openid profile"}',
      [Symbol(kCapture)]: false,
      [Symbol(kHeaders)]: [Object],
      [Symbol(kHeadersCount)]: 34,
      [Symbol(kTrailers)]: null,
      [Symbol(kTrailersCount)]: 0,
      [Symbol(RequestTimeout)]: undefined
    },
    _resBuffered: true,
    response: [Circular *2],
    called: true,
    [Symbol(kCapture)]: false
  },
  req: <ref *3> ClientRequest {
    _events: [Object: null prototype] {
      drain: [Function],
      error: [Function (anonymous)],
      prefinish: [Function: requestOnPrefinish]
    },
    _eventsCount: 3,
    _maxListeners: undefined,
    outputData: [],
    outputSize: 0,
    writable: true,
    destroyed: true,
    _last: true,
    chunkedEncoding: false,
    shouldKeepAlive: false,
    maxRequestsOnConnectionReached: false,
    _defaultKeepAlive: true,
    useChunkedEncodingByDefault: true,
    sendDate: false,
    _removedConnection: false,
    _removedContLen: false,
    _removedTE: false,
    _contentLength: 191,
    _hasBody: true,
    _trailer: '',
    finished: true,
    _headerSent: true,
    _closed: true,
    socket: TLSSocket {
      _tlsOptions: [Object],
      _secureEstablished: true,
      _securePending: false,
      _newSessionPending: false,
      _controlReleased: true,
      secureConnecting: false,
      _SNICallback: null,
      servername: 'qa-login.greatplacetowork.com',
      alpnProtocol: false,
      authorized: true,
      authorizationError: null,
      encrypted: true,
      _events: [Object: null prototype],
      _eventsCount: 9,
      connecting: false,
      _hadError: false,
      _parent: null,
      _host: 'qa-login.greatplacetowork.com',
      _readableState: [ReadableState],
      _maxListeners: undefined,
      _writableState: [WritableState],
      allowHalfOpen: false,
      _sockname: null,
      _pendingData: null,
      _pendingEncoding: '',
      server: undefined,
      _server: null,
      ssl: null,
      _requestCert: true,
      _rejectUnauthorized: true,
      parser: null,
      _httpMessage: [Circular *3],
      write: [Function: writeAfterFIN],
      [Symbol(res)]: null,
      [Symbol(verified)]: true,
      [Symbol(pendingSession)]: null,
      [Symbol(async_id_symbol)]: 131,
      [Symbol(kHandle)]: null,
      [Symbol(lastWriteQueueSize)]: 0,
      [Symbol(timeout)]: null,
      [Symbol(kBuffer)]: null,
      [Symbol(kBufferCb)]: null,
      [Symbol(kBufferGen)]: null,
      [Symbol(kCapture)]: false,
      [Symbol(kSetNoDelay)]: true,
      [Symbol(kSetKeepAlive)]: false,
      [Symbol(kSetKeepAliveInitialDelay)]: 0,
      [Symbol(kBytesRead)]: 3029,
      [Symbol(kBytesWritten)]: 390,
      [Symbol(connect-options)]: [Object],
      [Symbol(RequestTimeout)]: undefined
    },
    _header: 'POST /identity/connect/token HTTP/1.1\r\n' +
      'Host: qa-login.greatplacetowork.com\r\n' +
      'Accept-Encoding: gzip, deflate\r\n' +
      'Content-Type: application/x-www-form-urlencoded\r\n' +
      'Content-Length: 191\r\n' +
      'Connection: close\r\n' +
      '\r\n',
    _keepAliveTimeout: 0,
    _onPendingData: [Function: nop],
    agent: Agent {
      _events: [Object: null prototype],
      _eventsCount: 2,
      _maxListeners: undefined,
      defaultPort: 443,
      protocol: 'https:',
      options: [Object: null prototype],
      requests: [Object: null prototype] {},
      sockets: [Object: null prototype] {},
      freeSockets: [Object: null prototype] {},
      keepAliveMsecs: 1000,
      keepAlive: false,
      maxSockets: Infinity,
      maxFreeSockets: 256,
      scheduling: 'lifo',
      maxTotalSockets: Infinity,
      totalSocketCount: 0,
      maxCachedSessions: 100,
      _sessionCache: [Object],
      [Symbol(kCapture)]: false
    },
    socketPath: undefined,
    method: 'POST',
    maxHeaderSize: undefined,
    insecureHTTPParser: undefined,
    path: '/identity/connect/token',
    _ended: true,
    res: <ref *1> IncomingMessage {
      _readableState: [ReadableState],
      _events: [Object: null prototype],
      _eventsCount: 3,
      _maxListeners: undefined,
      socket: [TLSSocket],
      httpVersionMajor: 1,
      httpVersionMinor: 1,
      httpVersion: '1.1',
      complete: true,
      rawHeaders: [Array],
      rawTrailers: [],
      aborted: false,
      upgrade: false,
      url: '',
      method: null,
      statusCode: 200,
      statusMessage: 'OK',
      client: [TLSSocket],
      _consuming: false,
      _dumped: false,
      req: [Circular *3],
      setEncoding: [Function (anonymous)],
      on: [Function (anonymous)],
      text: '{"access_token":"eyJhbGciOiJSUzI1NiIsImtpZCI6IjJFNUI2M0Q1QTcxQTU5NzZEMTNDNUVBNTEwOTk2MkMzMjgyMzJFMDAiLCJ0eXAiOiJKV1QiLCJ4NXQiOiJMbHRqMWFjYVdYYlJQRjZsRUpsaXd5Z2pMZ0EifQ.eyJuYmYiOjE2NTE2MDk5OTUsImV4cCI6MTY1MTYzODc5NSwiaXNzIjoiaHR0cHM6Ly9xYS1sb2dpbi5ncmVhdHBsYWNldG93b3JrLmNvbS9pZGVudGl0eS8iLCJhdWQiOiJodHRwczovL3FhLWxvZ2luLmdyZWF0cGxhY2V0b3dvcmsuY29tL2lkZW50aXR5L3Jlc291cmNlcyIsImNsaWVudF9pZCI6IkdwdHdQb3J0YWxDTVAiLCJzdWIiOiI0NmQ3NWQ3OS0zOWU2LTQ1NzUtOGE5ZS1kYTRlYzk5ZWEzMjIiLCJhdXRoX3RpbWUiOjE2NTE2MDk5OTUsImlkcCI6ImxvY2FsIiwic2NvcGUiOlsiYWxsX2NsYWltcyIsImVtYWlsIiwiR3B0d0NsaWVudExvZ2luU2NvcGUiLCJvcGVuaWQiLCJwcm9maWxlIl0sImFtciI6WyJwd2QiXX0.TeloVhdKUgQyhZ7CHS0qD1hzldhgVW2u064XC7y71Z7kyubglHZb-tNwwME2BOjX5bBpmLrb0P8jwz9j1hfOkdDaCal2MZvDDjuMu6hx9dULQLJyqM1NwM6BOGSECkSVCgfvlmkMX9RuB7NgyMoGR170CxmBnqz5OgZMAQHvRL8kkntuAGIQOVrk3ny9J7Do58I0Bjnt6BMnfoApVtAELnDIyy9weMmmdCFD5XGa6oQPNk-3gKcwTpJudUEjKD0NYShnZF5_OvK0wDcAXMa2kbFhHroTIGLiicOjqoSsgJUEm0AGfzgeBsRdUpiTABYYdtRNgFXZz4p7GqfYKGn6AA","expires_in":28800,"token_type":"Bearer","scope":"all_claims email GptwClientLoginScope openid profile"}',
      [Symbol(kCapture)]: false,
      [Symbol(kHeaders)]: [Object],
      [Symbol(kHeadersCount)]: 34,
      [Symbol(kTrailers)]: null,
      [Symbol(kTrailersCount)]: 0,
      [Symbol(RequestTimeout)]: undefined
    },
    aborted: false,
    timeoutCb: null,
    upgradeOrConnect: false,
    parser: null,
    maxHeadersCount: null,
    reusedSocket: false,
    host: 'qa-login.greatplacetowork.com',
    protocol: 'https:',
    [Symbol(kCapture)]: false,
    [Symbol(kNeedDrain)]: false,
    [Symbol(corked)]: 0,
    [Symbol(kOutHeaders)]: [Object: null prototype] {
      host: [Array],
      'accept-encoding': [Array],
      'content-type': [Array],
      'content-length': [Array]
    }
  },
  text: '{"access_token":"eyJhbGciOiJSUzI1NiIsImtpZCI6IjJFNUI2M0Q1QTcxQTU5NzZEMTNDNUVBNTEwOTk2MkMzMjgyMzJFMDAiLCJ0eXAiOiJKV1QiLCJ4NXQiOiJMbHRqMWFjYVdYYlJQRjZsRUpsaXd5Z2pMZ0EifQ.eyJuYmYiOjE2NTE2MDk5OTUsImV4cCI6MTY1MTYzODc5NSwiaXNzIjoiaHR0cHM6Ly9xYS1sb2dpbi5ncmVhdHBsYWNldG93b3JrLmNvbS9pZGVudGl0eS8iLCJhdWQiOiJodHRwczovL3FhLWxvZ2luLmdyZWF0cGxhY2V0b3dvcmsuY29tL2lkZW50aXR5L3Jlc291cmNlcyIsImNsaWVudF9pZCI6IkdwdHdQb3J0YWxDTVAiLCJzdWIiOiI0NmQ3NWQ3OS0zOWU2LTQ1NzUtOGE5ZS1kYTRlYzk5ZWEzMjIiLCJhdXRoX3RpbWUiOjE2NTE2MDk5OTUsImlkcCI6ImxvY2FsIiwic2NvcGUiOlsiYWxsX2NsYWltcyIsImVtYWlsIiwiR3B0d0NsaWVudExvZ2luU2NvcGUiLCJvcGVuaWQiLCJwcm9maWxlIl0sImFtciI6WyJwd2QiXX0.TeloVhdKUgQyhZ7CHS0qD1hzldhgVW2u064XC7y71Z7kyubglHZb-tNwwME2BOjX5bBpmLrb0P8jwz9j1hfOkdDaCal2MZvDDjuMu6hx9dULQLJyqM1NwM6BOGSECkSVCgfvlmkMX9RuB7NgyMoGR170CxmBnqz5OgZMAQHvRL8kkntuAGIQOVrk3ny9J7Do58I0Bjnt6BMnfoApVtAELnDIyy9weMmmdCFD5XGa6oQPNk-3gKcwTpJudUEjKD0NYShnZF5_OvK0wDcAXMa2kbFhHroTIGLiicOjqoSsgJUEm0AGfzgeBsRdUpiTABYYdtRNgFXZz4p7GqfYKGn6AA","expires_in":28800,"token_type":"Bearer","scope":"all_claims email GptwClientLoginScope openid profile"}',
  body: {
    access_token: 'eyJhbGciOiJSUzI1NiIsImtpZCI6IjJFNUI2M0Q1QTcxQTU5NzZEMTNDNUVBNTEwOTk2MkMzMjgyMzJFMDAiLCJ0eXAiOiJKV1QiLCJ4NXQiOiJMbHRqMWFjYVdYYlJQRjZsRUpsaXd5Z2pMZ0EifQ.eyJuYmYiOjE2NTE2MDk5OTUsImV4cCI6MTY1MTYzODc5NSwiaXNzIjoiaHR0cHM6Ly9xYS1sb2dpbi5ncmVhdHBsYWNldG93b3JrLmNvbS9pZGVudGl0eS8iLCJhdWQiOiJodHRwczovL3FhLWxvZ2luLmdyZWF0cGxhY2V0b3dvcmsuY29tL2lkZW50aXR5L3Jlc291cmNlcyIsImNsaWVudF9pZCI6IkdwdHdQb3J0YWxDTVAiLCJzdWIiOiI0NmQ3NWQ3OS0zOWU2LTQ1NzUtOGE5ZS1kYTRlYzk5ZWEzMjIiLCJhdXRoX3RpbWUiOjE2NTE2MDk5OTUsImlkcCI6ImxvY2FsIiwic2NvcGUiOlsiYWxsX2NsYWltcyIsImVtYWlsIiwiR3B0d0NsaWVudExvZ2luU2NvcGUiLCJvcGVuaWQiLCJwcm9maWxlIl0sImFtciI6WyJwd2QiXX0.TeloVhdKUgQyhZ7CHS0qD1hzldhgVW2u064XC7y71Z7kyubglHZb-tNwwME2BOjX5bBpmLrb0P8jwz9j1hfOkdDaCal2MZvDDjuMu6hx9dULQLJyqM1NwM6BOGSECkSVCgfvlmkMX9RuB7NgyMoGR170CxmBnqz5OgZMAQHvRL8kkntuAGIQOVrk3ny9J7Do58I0Bjnt6BMnfoApVtAELnDIyy9weMmmdCFD5XGa6oQPNk-3gKcwTpJudUEjKD0NYShnZF5_OvK0wDcAXMa2kbFhHroTIGLiicOjqoSsgJUEm0AGfzgeBsRdUpiTABYYdtRNgFXZz4p7GqfYKGn6AA',
    expires_in: 28800,
    token_type: 'Bearer',
    scope: 'all_claims email GptwClientLoginScope openid profile'
  },
  files: undefined,
  buffered: true,
  headers: {
    date: 'Tue, 03 May 2022 20:33:15 GMT',
    'content-type': 'application/json; charset=utf-8',
    'content-length': '1189',
    connection: 'close',
    server: 'Microsoft-IIS/10.0',
    'cache-control': 'no-store, no-cache, max-age=0',
    'content-encoding': 'gzip',
    pragma: 'no-cache',
    'set-cookie': [
      'ARRAffinity=2796f7188e8db6496639c7f92b4305cd5a1535d76ca0187e83794f06c54193a7;Path=/;HttpOnly;Secure;Domain=qa-login.greatplacetowork.com',
      'ARRAffinitySameSite=2796f7188e8db6496639c7f92b4305cd5a1535d76ca0187e83794f06c54193a7;Path=/;HttpOnly;SameSite=None;Secure;Domain=qa-login.greatplacetowork.com'
    ],
    vary: 'Accept-Encoding',
    'request-context': 'appId=cid-v1:6788e55e-64df-42a4-86a4-3a2a15af6257',
    'x-powered-by': 'ASP.NET',
    'strict-transport-security': 'max-age=63072000; includeSubDomains; preload',
    'x-content-type-options': 'nosniff',
    'content-security-policy': "default-src 'none';base-uri https://*.greatplacetowork.com https://*.emprising.com; connect-src 'self' https://dc.services.visualstudio.com wss://*.greatplacetowork.com wss://*.emprising.com https://*.greatplacetowork.com https://*.emprising.com;script-src 'self' 'unsafe-inline' https://platform.twitter.com/widgets.js https://ajax.aspnetcdn.com https://*.vo.msecnd.net https://*.greatplacetowork.com https://*.emprising.com 'report-sample'; img-src 'self'; style-src 'self' 'unsafe-inline' https://fonts.googleapis.com https://ajax.aspnetcdn.com https://*.greatplacetowork.com https://*.emprising.com;form-action 'self' https://login.windows.net https://login.microsoftonline.com https://*.greatplacetowork.com;font-src 'self' 'unsafe-inline' https://fonts.gstatic.com https://ajax.aspnetcdn.com; object-src 'none';frame-src https://platform.twitter.com https://*.greatplacetowork.com https://*.emprising.com;upgrade-insecure-requests; report-uri https://qa-elk.emprising.com/csp_reports;",
    'x-xss-protection': '1'
  },
  header: {
    date: 'Tue, 03 May 2022 20:33:15 GMT',
    'content-type': 'application/json; charset=utf-8',
    'content-length': '1189',
    connection: 'close',
    server: 'Microsoft-IIS/10.0',
    'cache-control': 'no-store, no-cache, max-age=0',
    'content-encoding': 'gzip',
    pragma: 'no-cache',
    'set-cookie': [
      'ARRAffinity=2796f7188e8db6496639c7f92b4305cd5a1535d76ca0187e83794f06c54193a7;Path=/;HttpOnly;Secure;Domain=qa-login.greatplacetowork.com',
      'ARRAffinitySameSite=2796f7188e8db6496639c7f92b4305cd5a1535d76ca0187e83794f06c54193a7;Path=/;HttpOnly;SameSite=None;Secure;Domain=qa-login.greatplacetowork.com'
    ],
    vary: 'Accept-Encoding',
    'request-context': 'appId=cid-v1:6788e55e-64df-42a4-86a4-3a2a15af6257',
    'x-powered-by': 'ASP.NET',
    'strict-transport-security': 'max-age=63072000; includeSubDomains; preload',
    'x-content-type-options': 'nosniff',
    'content-security-policy': "default-src 'none';base-uri https://*.greatplacetowork.com https://*.emprising.com; connect-src 'self' https://dc.services.visualstudio.com wss://*.greatplacetowork.com wss://*.emprising.com https://*.greatplacetowork.com https://*.emprising.com;script-src 'self' 'unsafe-inline' https://platform.twitter.com/widgets.js https://ajax.aspnetcdn.com https://*.vo.msecnd.net https://*.greatplacetowork.com https://*.emprising.com 'report-sample'; img-src 'self'; style-src 'self' 'unsafe-inline' https://fonts.googleapis.com https://ajax.aspnetcdn.com https://*.greatplacetowork.com https://*.emprising.com;form-action 'self' https://login.windows.net https://login.microsoftonline.com https://*.greatplacetowork.com;font-src 'self' 'unsafe-inline' https://fonts.gstatic.com https://ajax.aspnetcdn.com; object-src 'none';frame-src https://platform.twitter.com https://*.greatplacetowork.com https://*.emprising.com;upgrade-insecure-requests; report-uri https://qa-elk.emprising.com/csp_reports;",
    'x-xss-protection': '1'
  },
  statusCode: 200,
  status: 200,
  statusType: 2,
  info: false,
  ok: true,
  redirect: false,
  clientError: false,
  serverError: false,
  error: false,
  created: false,
  accepted: false,
  noContent: false,
  badRequest: false,
  unauthorized: false,
  notAcceptable: false,
  forbidden: false,
  notFound: false,
  unprocessableEntity: false,
  type: 'application/json',
  charset: 'utf-8',
  links: {},
  setEncoding: [Function: bound ],
  redirects: [],
  pipe: [Function (anonymous)],
  [Symbol(kCapture)]: false
}
