[2022-05-08T16:57:20.421] [TRACE] cheese - Response {
  _events: [Object: null prototype] {},
  _eventsCount: 0,
  _maxListeners: undefined,
  res: IncomingMessage {
    _readableState: ReadableState {
      objectMode: false,
      highWaterMark: 16384,
      buffer: BufferList { head: null, tail: null, length: 0 },
      length: 0,
      pipes: null,
      pipesCount: 0,
      flowing: false,
      ended: true,
      endEmitted: true,
      reading: false,
      sync: true,
      needReadable: false,
      emittedReadable: false,
      readableListening: false,
      resumeScheduled: false,
      emitClose: true,
      autoDestroy: false,
      destroyed: false,
      defaultEncoding: 'utf8',
      awaitDrainWriters: null,
      multiAwaitDrain: false,
      readingMore: true,
      decoder: null,
      encoding: null,
      [Symbol(kPaused)]: false
    },
    readable: false,
    _events: [Object: null prototype] {
      end: [Function: responseOnEnd],
      error: [Array],
      close: [Function: bound ]
    },
    _eventsCount: 3,
    _maxListeners: undefined,
    socket: TLSSocket {
      _tlsOptions: [Object],
      _secureEstablished: true,
      _securePending: false,
      _newSessionPending: false,
      _controlReleased: true,
      secureConnecting: true,
      _SNICallback: null,
      servername: 'qa-login.greatplacetowork.com',
      alpnProtocol: false,
      authorized: true,
      authorizationError: null,
      encrypted: true,
      _events: [Object: null prototype],
      _eventsCount: 9,
      connecting: false,
      _hadError: false,
      _parent: null,
      _host: 'qa-login.greatplacetowork.com',
      _readableState: [ReadableState],
      readable: false,
      _maxListeners: undefined,
      _writableState: [WritableState],
      writable: false,
      allowHalfOpen: false,
      _sockname: null,
      _pendingData: null,
      _pendingEncoding: '',
      server: undefined,
      _server: null,
      ssl: null,
      _requestCert: true,
      _rejectUnauthorized: true,
      parser: null,
      _httpMessage: [ClientRequest],
      [Symbol(res)]: null,
      [Symbol(verified)]: true,
      [Symbol(pendingSession)]: null,
      [Symbol(asyncId)]: 58,
      [Symbol(kHandle)]: null,
      [Symbol(kSetNoDelay)]: true,
      [Symbol(lastWriteQueueSize)]: 0,
      [Symbol(timeout)]: null,
      [Symbol(kBuffer)]: null,
      [Symbol(kBufferCb)]: null,
      [Symbol(kBufferGen)]: null,
      [Symbol(kCapture)]: false,
      [Symbol(kBytesRead)]: 3025,
      [Symbol(kBytesWritten)]: 405,
      [Symbol(connect-options)]: [Object]
    },
    connection: TLSSocket {
      _tlsOptions: [Object],
      _secureEstablished: true,
      _securePending: false,
      _newSessionPending: false,
      _controlReleased: true,
      secureConnecting: true,
      _SNICallback: null,
      servername: 'qa-login.greatplacetowork.com',
      alpnProtocol: false,
      authorized: true,
      authorizationError: null,
      encrypted: true,
      _events: [Object: null prototype],
      _eventsCount: 9,
      connecting: false,
      _hadError: false,
      _parent: null,
      _host: 'qa-login.greatplacetowork.com',
      _readableState: [ReadableState],
      readable: false,
      _maxListeners: undefined,
      _writableState: [WritableState],
      writable: false,
      allowHalfOpen: false,
      _sockname: null,
      _pendingData: null,
      _pendingEncoding: '',
      server: undefined,
      _server: null,
      ssl: null,
      _requestCert: true,
      _rejectUnauthorized: true,
      parser: null,
      _httpMessage: [ClientRequest],
      [Symbol(res)]: null,
      [Symbol(verified)]: true,
      [Symbol(pendingSession)]: null,
      [Symbol(asyncId)]: 58,
      [Symbol(kHandle)]: null,
      [Symbol(kSetNoDelay)]: true,
      [Symbol(lastWriteQueueSize)]: 0,
      [Symbol(timeout)]: null,
      [Symbol(kBuffer)]: null,
      [Symbol(kBufferCb)]: null,
      [Symbol(kBufferGen)]: null,
      [Symbol(kCapture)]: false,
      [Symbol(kBytesRead)]: 3025,
      [Symbol(kBytesWritten)]: 405,
      [Symbol(connect-options)]: [Object]
    },
    httpVersionMajor: 1,
    httpVersionMinor: 1,
    httpVersion: '1.1',
    complete: true,
    headers: {
      date: 'Sun, 08 May 2022 14:57:20 GMT',
      'content-type': 'application/json; charset=utf-8',
      'content-length': '1185',
      connection: 'close',
      server: 'Microsoft-IIS/10.0',
      'cache-control': 'no-store, no-cache, max-age=0',
      'content-encoding': 'gzip',
      pragma: 'no-cache',
      'set-cookie': [Array],
      vary: 'Accept-Encoding',
      'request-context': 'appId=cid-v1:6788e55e-64df-42a4-86a4-3a2a15af6257',
      'x-powered-by': 'ASP.NET',
      'strict-transport-security': 'max-age=63072000; includeSubDomains; preload',
      'x-content-type-options': 'nosniff',
      'content-security-policy': "default-src 'none';base-uri https://*.greatplacetowork.com https://*.emprising.com; connect-src 'self' https://dc.services.visualstudio.com wss://*.greatplacetowork.com wss://*.emprising.com https://*.greatplacetowork.com https://*.emprising.com;script-src 'self' 'unsafe-inline' https://platform.twitter.com/widgets.js https://ajax.aspnetcdn.com https://*.vo.msecnd.net https://*.greatplacetowork.com https://*.emprising.com 'report-sample'; img-src 'self'; style-src 'self' 'unsafe-inline' https://fonts.googleapis.com https://ajax.aspnetcdn.com https://*.greatplacetowork.com https://*.emprising.com;form-action 'self' https://login.windows.net https://login.microsoftonline.com https://*.greatplacetowork.com;font-src 'self' 'unsafe-inline' https://fonts.gstatic.com https://ajax.aspnetcdn.com; object-src 'none';frame-src https://platform.twitter.com https://*.greatplacetowork.com https://*.emprising.com;upgrade-insecure-requests; report-uri https://qa-elk.emprising.com/csp_reports;",
      'x-xss-protection': '1'
    },
    rawHeaders: [
      'Date',
      'Sun, 08 May 2022 14:57:20 GMT',
      'Content-Type',
      'application/json; charset=utf-8',
      'Content-Length',
      '1185',
      'Connection',
      'close',
      'Server',
      'Microsoft-IIS/10.0',
      'Cache-Control',
      'no-store, no-cache, max-age=0',
      'Content-Encoding',
      'gzip',
      'Pragma',
      'no-cache',
      'Set-Cookie',
      'ARRAffinity=2796f7188e8db6496639c7f92b4305cd5a1535d76ca0187e83794f06c54193a7;Path=/;HttpOnly;Secure;Domain=qa-login.greatplacetowork.com',
      'Set-Cookie',
      'ARRAffinitySameSite=2796f7188e8db6496639c7f92b4305cd5a1535d76ca0187e83794f06c54193a7;Path=/;HttpOnly;SameSite=None;Secure;Domain=qa-login.greatplacetowork.com',
      'Vary',
      'Accept-Encoding',
      'Request-Context',
      'appId=cid-v1:6788e55e-64df-42a4-86a4-3a2a15af6257',
      'X-Powered-By',
      'ASP.NET',
      'Strict-Transport-Security',
      'max-age=63072000; includeSubDomains; preload',
      'X-Content-Type-Options',
      'nosniff',
      'Content-Security-Policy',
      "default-src 'none';base-uri https://*.greatplacetowork.com https://*.emprising.com; connect-src 'self' https://dc.services.visualstudio.com wss://*.greatplacetowork.com wss://*.emprising.com https://*.greatplacetowork.com https://*.emprising.com;script-src 'self' 'unsafe-inline' https://platform.twitter.com/widgets.js https://ajax.aspnetcdn.com https://*.vo.msecnd.net https://*.greatplacetowork.com https://*.emprising.com 'report-sample'; img-src 'self'; style-src 'self' 'unsafe-inline' https://fonts.googleapis.com https://ajax.aspnetcdn.com https://*.greatplacetowork.com https://*.emprising.com;form-action 'self' https://login.windows.net https://login.microsoftonline.com https://*.greatplacetowork.com;font-src 'self' 'unsafe-inline' https://fonts.gstatic.com https://ajax.aspnetcdn.com; object-src 'none';frame-src https://platform.twitter.com https://*.greatplacetowork.com https://*.emprising.com;upgrade-insecure-requests; report-uri https://qa-elk.emprising.com/csp_reports;",
      'X-XSS-Protection',
      '1'
    ],
    trailers: {},
    rawTrailers: [],
    aborted: false,
    upgrade: false,
    url: '',
    method: null,
    statusCode: 200,
    statusMessage: 'OK',
    client: TLSSocket {
      _tlsOptions: [Object],
      _secureEstablished: true,
      _securePending: false,
      _newSessionPending: false,
      _controlReleased: true,
      secureConnecting: true,
      _SNICallback: null,
      servername: 'qa-login.greatplacetowork.com',
      alpnProtocol: false,
      authorized: true,
      authorizationError: null,
      encrypted: true,
      _events: [Object: null prototype],
      _eventsCount: 9,
      connecting: false,
      _hadError: false,
      _parent: null,
      _host: 'qa-login.greatplacetowork.com',
      _readableState: [ReadableState],
      readable: false,
      _maxListeners: undefined,
      _writableState: [WritableState],
      writable: false,
      allowHalfOpen: false,
      _sockname: null,
      _pendingData: null,
      _pendingEncoding: '',
      server: undefined,
      _server: null,
      ssl: null,
      _requestCert: true,
      _rejectUnauthorized: true,
      parser: null,
      _httpMessage: [ClientRequest],
      [Symbol(res)]: null,
      [Symbol(verified)]: true,
      [Symbol(pendingSession)]: null,
      [Symbol(asyncId)]: 58,
      [Symbol(kHandle)]: null,
      [Symbol(kSetNoDelay)]: true,
      [Symbol(lastWriteQueueSize)]: 0,
      [Symbol(timeout)]: null,
      [Symbol(kBuffer)]: null,
      [Symbol(kBufferCb)]: null,
      [Symbol(kBufferGen)]: null,
      [Symbol(kCapture)]: false,
      [Symbol(kBytesRead)]: 3025,
      [Symbol(kBytesWritten)]: 405,
      [Symbol(connect-options)]: [Object]
    },
    _consuming: false,
    _dumped: false,
    req: ClientRequest {
      _events: [Object: null prototype],
      _eventsCount: 3,
      _maxListeners: undefined,
      outputData: [],
      outputSize: 0,
      writable: true,
      _last: true,
      chunkedEncoding: false,
      shouldKeepAlive: false,
      useChunkedEncodingByDefault: true,
      sendDate: false,
      _removedConnection: false,
      _removedContLen: false,
      _removedTE: false,
      _contentLength: 206,
      _hasBody: true,
      _trailer: '',
      finished: true,
      _headerSent: true,
      socket: [TLSSocket],
      connection: [TLSSocket],
      _header: 'POST /identity/connect/token HTTP/1.1\r\n' +
        'Host: qa-login.greatplacetowork.com\r\n' +
        'Accept-Encoding: gzip, deflate\r\n' +
        'Content-Type: application/x-www-form-urlencoded\r\n' +
        'Content-Length: 206\r\n' +
        'Connection: close\r\n' +
        '\r\n',
      _onPendingData: [Function: noopPendingOutput],
      agent: [Agent],
      socketPath: undefined,
      method: 'POST',
      insecureHTTPParser: undefined,
      path: '/identity/connect/token',
      _ended: true,
      res: [Circular],
      aborted: false,
      timeoutCb: null,
      upgradeOrConnect: false,
      parser: null,
      maxHeadersCount: null,
      reusedSocket: false,
      [Symbol(kCapture)]: false,
      [Symbol(kNeedDrain)]: false,
      [Symbol(corked)]: 0,
      [Symbol(kOutHeaders)]: [Object: null prototype]
    },
    setEncoding: [Function],
    on: [Function],
    text: '{"access_token":"eyJhbGciOiJSUzI1NiIsImtpZCI6IjJFNUI2M0Q1QTcxQTU5NzZEMTNDNUVBNTEwOTk2MkMzMjgyMzJFMDAiLCJ0eXAiOiJKV1QiLCJ4NXQiOiJMbHRqMWFjYVdYYlJQRjZsRUpsaXd5Z2pMZ0EifQ.eyJuYmYiOjE2NTIwMjE4NDAsImV4cCI6MTY1MjA1MDY0MCwiaXNzIjoiaHR0cHM6Ly9xYS1sb2dpbi5ncmVhdHBsYWNldG93b3JrLmNvbS9pZGVudGl0eS8iLCJhdWQiOiJodHRwczovL3FhLWxvZ2luLmdyZWF0cGxhY2V0b3dvcmsuY29tL2lkZW50aXR5L3Jlc291cmNlcyIsImNsaWVudF9pZCI6IkdwdHdQb3J0YWxDTVAiLCJzdWIiOiJiZWNiYzQ1YS0xYWFmLTQ3NzEtOTZiYi0xZTQ1YmY4OWNkODkiLCJhdXRoX3RpbWUiOjE2NTIwMjE4NDAsImlkcCI6ImxvY2FsIiwic2NvcGUiOlsiYWxsX2NsYWltcyIsImVtYWlsIiwiR3B0d0NsaWVudExvZ2luU2NvcGUiLCJvcGVuaWQiLCJwcm9maWxlIl0sImFtciI6WyJwd2QiXX0.jfymHXvleTy9krx30Itv28cBfJFk4fhs9SkEzcG8-803VZ79RsFBKeCpne2x2-bQKkQbyfqL2U-5skdOcNwAyNyhw5gXVj3KwP2GX4nFDGtuS1CEQm1otJlzUNCpT7QyiE_-vsabHAZ5HNakgUImRE1s6SioRmV7lAzP33ocvDCFkN6D5vb86UChCYQU05dWaFHjDBSC2ZVWJeFmdGAuQjZnIt3aUCkMCev47Qr3cLOU_V84ReWj5y7k8BteIBe-c5zzx95raqWVLQntLSST6jlaB_fedU7PBnEt1C7wrlBeVyFE_5Sjwz4UJlAoTnAx2FeaobOIzcO3cLgve-FMEQ","expires_in":28800,"token_type":"Bearer","scope":"all_claims email GptwClientLoginScope openid profile"}',
    [Symbol(kCapture)]: false
  },
  request: Test {
    _events: [Object: null prototype] { abort: [Function] },
    _eventsCount: 1,
    _maxListeners: undefined,
    _enableHttp2: false,
    _agent: false,
    _formData: null,
    method: 'POST',
    url: 'https://qa-login.greatplacetowork.com/identity/connect/token',
    _header: { 'content-type': 'application/x-www-form-urlencoded' },
    header: { 'Content-Type': 'application/x-www-form-urlencoded' },
    writable: true,
    _redirects: 0,
    _maxRedirects: 0,
    cookies: '',
    qs: {},
    _query: [],
    qsRaw: [],
    _redirectList: [],
    _streamRequest: false,
    _buffer: true,
    app: 'https://qa-login.greatplacetowork.com/identity/connect/token',
    _asserts: [ [Function] ],
    _data: 'grant_type=password&scope=openid GptwClientLoginScope all_claims profile email&username=stefan.andrej.marjanovic%2Bsupertest%40htecgroup.com&password=Andrej10.10&client_id=GptwPortalCMP&client_secret=secret',
    req: ClientRequest {
      _events: [Object: null prototype],
      _eventsCount: 3,
      _maxListeners: undefined,
      outputData: [],
      outputSize: 0,
      writable: true,
      _last: true,
      chunkedEncoding: false,
      shouldKeepAlive: false,
      useChunkedEncodingByDefault: true,
      sendDate: false,
      _removedConnection: false,
      _removedContLen: false,
      _removedTE: false,
      _contentLength: 206,
      _hasBody: true,
      _trailer: '',
      finished: true,
      _headerSent: true,
      socket: [TLSSocket],
      connection: [TLSSocket],
      _header: 'POST /identity/connect/token HTTP/1.1\r\n' +
        'Host: qa-login.greatplacetowork.com\r\n' +
        'Accept-Encoding: gzip, deflate\r\n' +
        'Content-Type: application/x-www-form-urlencoded\r\n' +
        'Content-Length: 206\r\n' +
        'Connection: close\r\n' +
        '\r\n',
      _onPendingData: [Function: noopPendingOutput],
      agent: [Agent],
      socketPath: undefined,
      method: 'POST',
      insecureHTTPParser: undefined,
      path: '/identity/connect/token',
      _ended: true,
      res: [IncomingMessage],
      aborted: false,
      timeoutCb: null,
      upgradeOrConnect: false,
      parser: null,
      maxHeadersCount: null,
      reusedSocket: false,
      [Symbol(kCapture)]: false,
      [Symbol(kNeedDrain)]: false,
      [Symbol(corked)]: 0,
      [Symbol(kOutHeaders)]: [Object: null prototype]
    },
    protocol: 'https:',
    host: 'qa-login.greatplacetowork.com',
    _endCalled: true,
    _callback: [Function],
    _fullfilledPromise: Promise { [Circular] },
    res: IncomingMessage {
      _readableState: [ReadableState],
      readable: false,
      _events: [Object: null prototype],
      _eventsCount: 3,
      _maxListeners: undefined,
      socket: [TLSSocket],
      connection: [TLSSocket],
      httpVersionMajor: 1,
      httpVersionMinor: 1,
      httpVersion: '1.1',
      complete: true,
      headers: [Object],
      rawHeaders: [Array],
      trailers: {},
      rawTrailers: [],
      aborted: false,
      upgrade: false,
      url: '',
      method: null,
      statusCode: 200,
      statusMessage: 'OK',
      client: [TLSSocket],
      _consuming: false,
      _dumped: false,
      req: [ClientRequest],
      setEncoding: [Function],
      on: [Function],
      text: '{"access_token":"eyJhbGciOiJSUzI1NiIsImtpZCI6IjJFNUI2M0Q1QTcxQTU5NzZEMTNDNUVBNTEwOTk2MkMzMjgyMzJFMDAiLCJ0eXAiOiJKV1QiLCJ4NXQiOiJMbHRqMWFjYVdYYlJQRjZsRUpsaXd5Z2pMZ0EifQ.eyJuYmYiOjE2NTIwMjE4NDAsImV4cCI6MTY1MjA1MDY0MCwiaXNzIjoiaHR0cHM6Ly9xYS1sb2dpbi5ncmVhdHBsYWNldG93b3JrLmNvbS9pZGVudGl0eS8iLCJhdWQiOiJodHRwczovL3FhLWxvZ2luLmdyZWF0cGxhY2V0b3dvcmsuY29tL2lkZW50aXR5L3Jlc291cmNlcyIsImNsaWVudF9pZCI6IkdwdHdQb3J0YWxDTVAiLCJzdWIiOiJiZWNiYzQ1YS0xYWFmLTQ3NzEtOTZiYi0xZTQ1YmY4OWNkODkiLCJhdXRoX3RpbWUiOjE2NTIwMjE4NDAsImlkcCI6ImxvY2FsIiwic2NvcGUiOlsiYWxsX2NsYWltcyIsImVtYWlsIiwiR3B0d0NsaWVudExvZ2luU2NvcGUiLCJvcGVuaWQiLCJwcm9maWxlIl0sImFtciI6WyJwd2QiXX0.jfymHXvleTy9krx30Itv28cBfJFk4fhs9SkEzcG8-803VZ79RsFBKeCpne2x2-bQKkQbyfqL2U-5skdOcNwAyNyhw5gXVj3KwP2GX4nFDGtuS1CEQm1otJlzUNCpT7QyiE_-vsabHAZ5HNakgUImRE1s6SioRmV7lAzP33ocvDCFkN6D5vb86UChCYQU05dWaFHjDBSC2ZVWJeFmdGAuQjZnIt3aUCkMCev47Qr3cLOU_V84ReWj5y7k8BteIBe-c5zzx95raqWVLQntLSST6jlaB_fedU7PBnEt1C7wrlBeVyFE_5Sjwz4UJlAoTnAx2FeaobOIzcO3cLgve-FMEQ","expires_in":28800,"token_type":"Bearer","scope":"all_claims email GptwClientLoginScope openid profile"}',
      [Symbol(kCapture)]: false
    },
    _resBuffered: true,
    response: [Circular],
    called: true,
    [Symbol(kCapture)]: false
  },
  req: ClientRequest {
    _events: [Object: null prototype] {
      drain: [Function],
      error: [Function],
      prefinish: [Function: requestOnPrefinish]
    },
    _eventsCount: 3,
    _maxListeners: undefined,
    outputData: [],
    outputSize: 0,
    writable: true,
    _last: true,
    chunkedEncoding: false,
    shouldKeepAlive: false,
    useChunkedEncodingByDefault: true,
    sendDate: false,
    _removedConnection: false,
    _removedContLen: false,
    _removedTE: false,
    _contentLength: 206,
    _hasBody: true,
    _trailer: '',
    finished: true,
    _headerSent: true,
    socket: TLSSocket {
      _tlsOptions: [Object],
      _secureEstablished: true,
      _securePending: false,
      _newSessionPending: false,
      _controlReleased: true,
      secureConnecting: true,
      _SNICallback: null,
      servername: 'qa-login.greatplacetowork.com',
      alpnProtocol: false,
      authorized: true,
      authorizationError: null,
      encrypted: true,
      _events: [Object: null prototype],
      _eventsCount: 9,
      connecting: false,
      _hadError: false,
      _parent: null,
      _host: 'qa-login.greatplacetowork.com',
      _readableState: [ReadableState],
      readable: false,
      _maxListeners: undefined,
      _writableState: [WritableState],
      writable: false,
      allowHalfOpen: false,
      _sockname: null,
      _pendingData: null,
      _pendingEncoding: '',
      server: undefined,
      _server: null,
      ssl: null,
      _requestCert: true,
      _rejectUnauthorized: true,
      parser: null,
      _httpMessage: [Circular],
      [Symbol(res)]: null,
      [Symbol(verified)]: true,
      [Symbol(pendingSession)]: null,
      [Symbol(asyncId)]: 58,
      [Symbol(kHandle)]: null,
      [Symbol(kSetNoDelay)]: true,
      [Symbol(lastWriteQueueSize)]: 0,
      [Symbol(timeout)]: null,
      [Symbol(kBuffer)]: null,
      [Symbol(kBufferCb)]: null,
      [Symbol(kBufferGen)]: null,
      [Symbol(kCapture)]: false,
      [Symbol(kBytesRead)]: 3025,
      [Symbol(kBytesWritten)]: 405,
      [Symbol(connect-options)]: [Object]
    },
    connection: TLSSocket {
      _tlsOptions: [Object],
      _secureEstablished: true,
      _securePending: false,
      _newSessionPending: false,
      _controlReleased: true,
      secureConnecting: true,
      _SNICallback: null,
      servername: 'qa-login.greatplacetowork.com',
      alpnProtocol: false,
      authorized: true,
      authorizationError: null,
      encrypted: true,
      _events: [Object: null prototype],
      _eventsCount: 9,
      connecting: false,
      _hadError: false,
      _parent: null,
      _host: 'qa-login.greatplacetowork.com',
      _readableState: [ReadableState],
      readable: false,
      _maxListeners: undefined,
      _writableState: [WritableState],
      writable: false,
      allowHalfOpen: false,
      _sockname: null,
      _pendingData: null,
      _pendingEncoding: '',
      server: undefined,
      _server: null,
      ssl: null,
      _requestCert: true,
      _rejectUnauthorized: true,
      parser: null,
      _httpMessage: [Circular],
      [Symbol(res)]: null,
      [Symbol(verified)]: true,
      [Symbol(pendingSession)]: null,
      [Symbol(asyncId)]: 58,
      [Symbol(kHandle)]: null,
      [Symbol(kSetNoDelay)]: true,
      [Symbol(lastWriteQueueSize)]: 0,
      [Symbol(timeout)]: null,
      [Symbol(kBuffer)]: null,
      [Symbol(kBufferCb)]: null,
      [Symbol(kBufferGen)]: null,
      [Symbol(kCapture)]: false,
      [Symbol(kBytesRead)]: 3025,
      [Symbol(kBytesWritten)]: 405,
      [Symbol(connect-options)]: [Object]
    },
    _header: 'POST /identity/connect/token HTTP/1.1\r\n' +
      'Host: qa-login.greatplacetowork.com\r\n' +
      'Accept-Encoding: gzip, deflate\r\n' +
      'Content-Type: application/x-www-form-urlencoded\r\n' +
      'Content-Length: 206\r\n' +
      'Connection: close\r\n' +
      '\r\n',
    _onPendingData: [Function: noopPendingOutput],
    agent: Agent {
      _events: [Object: null prototype],
      _eventsCount: 2,
      _maxListeners: undefined,
      defaultPort: 443,
      protocol: 'https:',
      options: [Object],
      requests: {},
      sockets: {},
      freeSockets: {},
      keepAliveMsecs: 1000,
      keepAlive: false,
      maxSockets: Infinity,
      maxFreeSockets: 256,
      maxCachedSessions: 100,
      _sessionCache: [Object],
      [Symbol(kCapture)]: false
    },
    socketPath: undefined,
    method: 'POST',
    insecureHTTPParser: undefined,
    path: '/identity/connect/token',
    _ended: true,
    res: IncomingMessage {
      _readableState: [ReadableState],
      readable: false,
      _events: [Object: null prototype],
      _eventsCount: 3,
      _maxListeners: undefined,
      socket: [TLSSocket],
      connection: [TLSSocket],
      httpVersionMajor: 1,
      httpVersionMinor: 1,
      httpVersion: '1.1',
      complete: true,
      headers: [Object],
      rawHeaders: [Array],
      trailers: {},
      rawTrailers: [],
      aborted: false,
      upgrade: false,
      url: '',
      method: null,
      statusCode: 200,
      statusMessage: 'OK',
      client: [TLSSocket],
      _consuming: false,
      _dumped: false,
      req: [Circular],
      setEncoding: [Function],
      on: [Function],
      text: '{"access_token":"eyJhbGciOiJSUzI1NiIsImtpZCI6IjJFNUI2M0Q1QTcxQTU5NzZEMTNDNUVBNTEwOTk2MkMzMjgyMzJFMDAiLCJ0eXAiOiJKV1QiLCJ4NXQiOiJMbHRqMWFjYVdYYlJQRjZsRUpsaXd5Z2pMZ0EifQ.eyJuYmYiOjE2NTIwMjE4NDAsImV4cCI6MTY1MjA1MDY0MCwiaXNzIjoiaHR0cHM6Ly9xYS1sb2dpbi5ncmVhdHBsYWNldG93b3JrLmNvbS9pZGVudGl0eS8iLCJhdWQiOiJodHRwczovL3FhLWxvZ2luLmdyZWF0cGxhY2V0b3dvcmsuY29tL2lkZW50aXR5L3Jlc291cmNlcyIsImNsaWVudF9pZCI6IkdwdHdQb3J0YWxDTVAiLCJzdWIiOiJiZWNiYzQ1YS0xYWFmLTQ3NzEtOTZiYi0xZTQ1YmY4OWNkODkiLCJhdXRoX3RpbWUiOjE2NTIwMjE4NDAsImlkcCI6ImxvY2FsIiwic2NvcGUiOlsiYWxsX2NsYWltcyIsImVtYWlsIiwiR3B0d0NsaWVudExvZ2luU2NvcGUiLCJvcGVuaWQiLCJwcm9maWxlIl0sImFtciI6WyJwd2QiXX0.jfymHXvleTy9krx30Itv28cBfJFk4fhs9SkEzcG8-803VZ79RsFBKeCpne2x2-bQKkQbyfqL2U-5skdOcNwAyNyhw5gXVj3KwP2GX4nFDGtuS1CEQm1otJlzUNCpT7QyiE_-vsabHAZ5HNakgUImRE1s6SioRmV7lAzP33ocvDCFkN6D5vb86UChCYQU05dWaFHjDBSC2ZVWJeFmdGAuQjZnIt3aUCkMCev47Qr3cLOU_V84ReWj5y7k8BteIBe-c5zzx95raqWVLQntLSST6jlaB_fedU7PBnEt1C7wrlBeVyFE_5Sjwz4UJlAoTnAx2FeaobOIzcO3cLgve-FMEQ","expires_in":28800,"token_type":"Bearer","scope":"all_claims email GptwClientLoginScope openid profile"}',
      [Symbol(kCapture)]: false
    },
    aborted: false,
    timeoutCb: null,
    upgradeOrConnect: false,
    parser: null,
    maxHeadersCount: null,
    reusedSocket: false,
    [Symbol(kCapture)]: false,
    [Symbol(kNeedDrain)]: false,
    [Symbol(corked)]: 0,
    [Symbol(kOutHeaders)]: [Object: null prototype] {
      host: [Array],
      'accept-encoding': [Array],
      'content-type': [Array],
      'content-length': [Array]
    }
  },
  text: '{"access_token":"eyJhbGciOiJSUzI1NiIsImtpZCI6IjJFNUI2M0Q1QTcxQTU5NzZEMTNDNUVBNTEwOTk2MkMzMjgyMzJFMDAiLCJ0eXAiOiJKV1QiLCJ4NXQiOiJMbHRqMWFjYVdYYlJQRjZsRUpsaXd5Z2pMZ0EifQ.eyJuYmYiOjE2NTIwMjE4NDAsImV4cCI6MTY1MjA1MDY0MCwiaXNzIjoiaHR0cHM6Ly9xYS1sb2dpbi5ncmVhdHBsYWNldG93b3JrLmNvbS9pZGVudGl0eS8iLCJhdWQiOiJodHRwczovL3FhLWxvZ2luLmdyZWF0cGxhY2V0b3dvcmsuY29tL2lkZW50aXR5L3Jlc291cmNlcyIsImNsaWVudF9pZCI6IkdwdHdQb3J0YWxDTVAiLCJzdWIiOiJiZWNiYzQ1YS0xYWFmLTQ3NzEtOTZiYi0xZTQ1YmY4OWNkODkiLCJhdXRoX3RpbWUiOjE2NTIwMjE4NDAsImlkcCI6ImxvY2FsIiwic2NvcGUiOlsiYWxsX2NsYWltcyIsImVtYWlsIiwiR3B0d0NsaWVudExvZ2luU2NvcGUiLCJvcGVuaWQiLCJwcm9maWxlIl0sImFtciI6WyJwd2QiXX0.jfymHXvleTy9krx30Itv28cBfJFk4fhs9SkEzcG8-803VZ79RsFBKeCpne2x2-bQKkQbyfqL2U-5skdOcNwAyNyhw5gXVj3KwP2GX4nFDGtuS1CEQm1otJlzUNCpT7QyiE_-vsabHAZ5HNakgUImRE1s6SioRmV7lAzP33ocvDCFkN6D5vb86UChCYQU05dWaFHjDBSC2ZVWJeFmdGAuQjZnIt3aUCkMCev47Qr3cLOU_V84ReWj5y7k8BteIBe-c5zzx95raqWVLQntLSST6jlaB_fedU7PBnEt1C7wrlBeVyFE_5Sjwz4UJlAoTnAx2FeaobOIzcO3cLgve-FMEQ","expires_in":28800,"token_type":"Bearer","scope":"all_claims email GptwClientLoginScope openid profile"}',
  body: {
    access_token: 'eyJhbGciOiJSUzI1NiIsImtpZCI6IjJFNUI2M0Q1QTcxQTU5NzZEMTNDNUVBNTEwOTk2MkMzMjgyMzJFMDAiLCJ0eXAiOiJKV1QiLCJ4NXQiOiJMbHRqMWFjYVdYYlJQRjZsRUpsaXd5Z2pMZ0EifQ.eyJuYmYiOjE2NTIwMjE4NDAsImV4cCI6MTY1MjA1MDY0MCwiaXNzIjoiaHR0cHM6Ly9xYS1sb2dpbi5ncmVhdHBsYWNldG93b3JrLmNvbS9pZGVudGl0eS8iLCJhdWQiOiJodHRwczovL3FhLWxvZ2luLmdyZWF0cGxhY2V0b3dvcmsuY29tL2lkZW50aXR5L3Jlc291cmNlcyIsImNsaWVudF9pZCI6IkdwdHdQb3J0YWxDTVAiLCJzdWIiOiJiZWNiYzQ1YS0xYWFmLTQ3NzEtOTZiYi0xZTQ1YmY4OWNkODkiLCJhdXRoX3RpbWUiOjE2NTIwMjE4NDAsImlkcCI6ImxvY2FsIiwic2NvcGUiOlsiYWxsX2NsYWltcyIsImVtYWlsIiwiR3B0d0NsaWVudExvZ2luU2NvcGUiLCJvcGVuaWQiLCJwcm9maWxlIl0sImFtciI6WyJwd2QiXX0.jfymHXvleTy9krx30Itv28cBfJFk4fhs9SkEzcG8-803VZ79RsFBKeCpne2x2-bQKkQbyfqL2U-5skdOcNwAyNyhw5gXVj3KwP2GX4nFDGtuS1CEQm1otJlzUNCpT7QyiE_-vsabHAZ5HNakgUImRE1s6SioRmV7lAzP33ocvDCFkN6D5vb86UChCYQU05dWaFHjDBSC2ZVWJeFmdGAuQjZnIt3aUCkMCev47Qr3cLOU_V84ReWj5y7k8BteIBe-c5zzx95raqWVLQntLSST6jlaB_fedU7PBnEt1C7wrlBeVyFE_5Sjwz4UJlAoTnAx2FeaobOIzcO3cLgve-FMEQ',
    expires_in: 28800,
    token_type: 'Bearer',
    scope: 'all_claims email GptwClientLoginScope openid profile'
  },
  files: undefined,
  buffered: true,
  headers: {
    date: 'Sun, 08 May 2022 14:57:20 GMT',
    'content-type': 'application/json; charset=utf-8',
    'content-length': '1185',
    connection: 'close',
    server: 'Microsoft-IIS/10.0',
    'cache-control': 'no-store, no-cache, max-age=0',
    'content-encoding': 'gzip',
    pragma: 'no-cache',
    'set-cookie': [
      'ARRAffinity=2796f7188e8db6496639c7f92b4305cd5a1535d76ca0187e83794f06c54193a7;Path=/;HttpOnly;Secure;Domain=qa-login.greatplacetowork.com',
      'ARRAffinitySameSite=2796f7188e8db6496639c7f92b4305cd5a1535d76ca0187e83794f06c54193a7;Path=/;HttpOnly;SameSite=None;Secure;Domain=qa-login.greatplacetowork.com'
    ],
    vary: 'Accept-Encoding',
    'request-context': 'appId=cid-v1:6788e55e-64df-42a4-86a4-3a2a15af6257',
    'x-powered-by': 'ASP.NET',
    'strict-transport-security': 'max-age=63072000; includeSubDomains; preload',
    'x-content-type-options': 'nosniff',
    'content-security-policy': "default-src 'none';base-uri https://*.greatplacetowork.com https://*.emprising.com; connect-src 'self' https://dc.services.visualstudio.com wss://*.greatplacetowork.com wss://*.emprising.com https://*.greatplacetowork.com https://*.emprising.com;script-src 'self' 'unsafe-inline' https://platform.twitter.com/widgets.js https://ajax.aspnetcdn.com https://*.vo.msecnd.net https://*.greatplacetowork.com https://*.emprising.com 'report-sample'; img-src 'self'; style-src 'self' 'unsafe-inline' https://fonts.googleapis.com https://ajax.aspnetcdn.com https://*.greatplacetowork.com https://*.emprising.com;form-action 'self' https://login.windows.net https://login.microsoftonline.com https://*.greatplacetowork.com;font-src 'self' 'unsafe-inline' https://fonts.gstatic.com https://ajax.aspnetcdn.com; object-src 'none';frame-src https://platform.twitter.com https://*.greatplacetowork.com https://*.emprising.com;upgrade-insecure-requests; report-uri https://qa-elk.emprising.com/csp_reports;",
    'x-xss-protection': '1'
  },
  header: {
    date: 'Sun, 08 May 2022 14:57:20 GMT',
    'content-type': 'application/json; charset=utf-8',
    'content-length': '1185',
    connection: 'close',
    server: 'Microsoft-IIS/10.0',
    'cache-control': 'no-store, no-cache, max-age=0',
    'content-encoding': 'gzip',
    pragma: 'no-cache',
    'set-cookie': [
      'ARRAffinity=2796f7188e8db6496639c7f92b4305cd5a1535d76ca0187e83794f06c54193a7;Path=/;HttpOnly;Secure;Domain=qa-login.greatplacetowork.com',
      'ARRAffinitySameSite=2796f7188e8db6496639c7f92b4305cd5a1535d76ca0187e83794f06c54193a7;Path=/;HttpOnly;SameSite=None;Secure;Domain=qa-login.greatplacetowork.com'
    ],
    vary: 'Accept-Encoding',
    'request-context': 'appId=cid-v1:6788e55e-64df-42a4-86a4-3a2a15af6257',
    'x-powered-by': 'ASP.NET',
    'strict-transport-security': 'max-age=63072000; includeSubDomains; preload',
    'x-content-type-options': 'nosniff',
    'content-security-policy': "default-src 'none';base-uri https://*.greatplacetowork.com https://*.emprising.com; connect-src 'self' https://dc.services.visualstudio.com wss://*.greatplacetowork.com wss://*.emprising.com https://*.greatplacetowork.com https://*.emprising.com;script-src 'self' 'unsafe-inline' https://platform.twitter.com/widgets.js https://ajax.aspnetcdn.com https://*.vo.msecnd.net https://*.greatplacetowork.com https://*.emprising.com 'report-sample'; img-src 'self'; style-src 'self' 'unsafe-inline' https://fonts.googleapis.com https://ajax.aspnetcdn.com https://*.greatplacetowork.com https://*.emprising.com;form-action 'self' https://login.windows.net https://login.microsoftonline.com https://*.greatplacetowork.com;font-src 'self' 'unsafe-inline' https://fonts.gstatic.com https://ajax.aspnetcdn.com; object-src 'none';frame-src https://platform.twitter.com https://*.greatplacetowork.com https://*.emprising.com;upgrade-insecure-requests; report-uri https://qa-elk.emprising.com/csp_reports;",
    'x-xss-protection': '1'
  },
  statusCode: 200,
  status: 200,
  statusType: 2,
  info: false,
  ok: true,
  redirect: false,
  clientError: false,
  serverError: false,
  error: false,
  created: false,
  accepted: false,
  noContent: false,
  badRequest: false,
  unauthorized: false,
  notAcceptable: false,
  forbidden: false,
  notFound: false,
  unprocessableEntity: false,
  type: 'application/json',
  charset: 'utf-8',
  links: {},
  setEncoding: [Function: bound ],
  redirects: [],
  pipe: [Function],
  [Symbol(kCapture)]: false
}
[2022-05-08T16:57:21.363] [TRACE] cheese - Response {
  _events: [Object: null prototype] {},
  _eventsCount: 0,
  _maxListeners: undefined,
  res: IncomingMessage {
    _readableState: ReadableState {
      objectMode: false,
      highWaterMark: 16384,
      buffer: BufferList { head: null, tail: null, length: 0 },
      length: 0,
      pipes: null,
      pipesCount: 0,
      flowing: false,
      ended: true,
      endEmitted: true,
      reading: false,
      sync: true,
      needReadable: false,
      emittedReadable: false,
      readableListening: false,
      resumeScheduled: false,
      emitClose: true,
      autoDestroy: false,
      destroyed: false,
      defaultEncoding: 'utf8',
      awaitDrainWriters: null,
      multiAwaitDrain: false,
      readingMore: true,
      decoder: null,
      encoding: null,
      [Symbol(kPaused)]: false
    },
    readable: false,
    _events: [Object: null prototype] {
      end: [Function: responseOnEnd],
      error: [Array],
      close: [Function: bound ]
    },
    _eventsCount: 3,
    _maxListeners: undefined,
    socket: TLSSocket {
      _tlsOptions: [Object],
      _secureEstablished: true,
      _securePending: false,
      _newSessionPending: false,
      _controlReleased: true,
      secureConnecting: true,
      _SNICallback: null,
      servername: 'qa-login.greatplacetowork.com',
      alpnProtocol: false,
      authorized: true,
      authorizationError: null,
      encrypted: true,
      _events: [Object: null prototype],
      _eventsCount: 9,
      connecting: false,
      _hadError: false,
      _parent: null,
      _host: 'qa-login.greatplacetowork.com',
      _readableState: [ReadableState],
      readable: false,
      _maxListeners: undefined,
      _writableState: [WritableState],
      writable: false,
      allowHalfOpen: false,
      _sockname: null,
      _pendingData: null,
      _pendingEncoding: '',
      server: undefined,
      _server: null,
      ssl: null,
      _requestCert: true,
      _rejectUnauthorized: true,
      parser: null,
      _httpMessage: [ClientRequest],
      [Symbol(res)]: null,
      [Symbol(verified)]: true,
      [Symbol(pendingSession)]: null,
      [Symbol(asyncId)]: 83,
      [Symbol(kHandle)]: null,
      [Symbol(kSetNoDelay)]: true,
      [Symbol(lastWriteQueueSize)]: 0,
      [Symbol(timeout)]: null,
      [Symbol(kBuffer)]: null,
      [Symbol(kBufferCb)]: null,
      [Symbol(kBufferGen)]: null,
      [Symbol(kCapture)]: false,
      [Symbol(kBytesRead)]: 3035,
      [Symbol(kBytesWritten)]: 390,
      [Symbol(connect-options)]: [Object]
    },
    connection: TLSSocket {
      _tlsOptions: [Object],
      _secureEstablished: true,
      _securePending: false,
      _newSessionPending: false,
      _controlReleased: true,
      secureConnecting: true,
      _SNICallback: null,
      servername: 'qa-login.greatplacetowork.com',
      alpnProtocol: false,
      authorized: true,
      authorizationError: null,
      encrypted: true,
      _events: [Object: null prototype],
      _eventsCount: 9,
      connecting: false,
      _hadError: false,
      _parent: null,
      _host: 'qa-login.greatplacetowork.com',
      _readableState: [ReadableState],
      readable: false,
      _maxListeners: undefined,
      _writableState: [WritableState],
      writable: false,
      allowHalfOpen: false,
      _sockname: null,
      _pendingData: null,
      _pendingEncoding: '',
      server: undefined,
      _server: null,
      ssl: null,
      _requestCert: true,
      _rejectUnauthorized: true,
      parser: null,
      _httpMessage: [ClientRequest],
      [Symbol(res)]: null,
      [Symbol(verified)]: true,
      [Symbol(pendingSession)]: null,
      [Symbol(asyncId)]: 83,
      [Symbol(kHandle)]: null,
      [Symbol(kSetNoDelay)]: true,
      [Symbol(lastWriteQueueSize)]: 0,
      [Symbol(timeout)]: null,
      [Symbol(kBuffer)]: null,
      [Symbol(kBufferCb)]: null,
      [Symbol(kBufferGen)]: null,
      [Symbol(kCapture)]: false,
      [Symbol(kBytesRead)]: 3035,
      [Symbol(kBytesWritten)]: 390,
      [Symbol(connect-options)]: [Object]
    },
    httpVersionMajor: 1,
    httpVersionMinor: 1,
    httpVersion: '1.1',
    complete: true,
    headers: {
      date: 'Sun, 08 May 2022 14:57:21 GMT',
      'content-type': 'application/json; charset=utf-8',
      'content-length': '1195',
      connection: 'close',
      server: 'Microsoft-IIS/10.0',
      'cache-control': 'no-store, no-cache, max-age=0',
      'content-encoding': 'gzip',
      pragma: 'no-cache',
      'set-cookie': [Array],
      vary: 'Accept-Encoding',
      'request-context': 'appId=cid-v1:6788e55e-64df-42a4-86a4-3a2a15af6257',
      'x-powered-by': 'ASP.NET',
      'strict-transport-security': 'max-age=63072000; includeSubDomains; preload',
      'x-content-type-options': 'nosniff',
      'content-security-policy': "default-src 'none';base-uri https://*.greatplacetowork.com https://*.emprising.com; connect-src 'self' https://dc.services.visualstudio.com wss://*.greatplacetowork.com wss://*.emprising.com https://*.greatplacetowork.com https://*.emprising.com;script-src 'self' 'unsafe-inline' https://platform.twitter.com/widgets.js https://ajax.aspnetcdn.com https://*.vo.msecnd.net https://*.greatplacetowork.com https://*.emprising.com 'report-sample'; img-src 'self'; style-src 'self' 'unsafe-inline' https://fonts.googleapis.com https://ajax.aspnetcdn.com https://*.greatplacetowork.com https://*.emprising.com;form-action 'self' https://login.windows.net https://login.microsoftonline.com https://*.greatplacetowork.com;font-src 'self' 'unsafe-inline' https://fonts.gstatic.com https://ajax.aspnetcdn.com; object-src 'none';frame-src https://platform.twitter.com https://*.greatplacetowork.com https://*.emprising.com;upgrade-insecure-requests; report-uri https://qa-elk.emprising.com/csp_reports;",
      'x-xss-protection': '1'
    },
    rawHeaders: [
      'Date',
      'Sun, 08 May 2022 14:57:21 GMT',
      'Content-Type',
      'application/json; charset=utf-8',
      'Content-Length',
      '1195',
      'Connection',
      'close',
      'Server',
      'Microsoft-IIS/10.0',
      'Cache-Control',
      'no-store, no-cache, max-age=0',
      'Content-Encoding',
      'gzip',
      'Pragma',
      'no-cache',
      'Set-Cookie',
      'ARRAffinity=2796f7188e8db6496639c7f92b4305cd5a1535d76ca0187e83794f06c54193a7;Path=/;HttpOnly;Secure;Domain=qa-login.greatplacetowork.com',
      'Set-Cookie',
      'ARRAffinitySameSite=2796f7188e8db6496639c7f92b4305cd5a1535d76ca0187e83794f06c54193a7;Path=/;HttpOnly;SameSite=None;Secure;Domain=qa-login.greatplacetowork.com',
      'Vary',
      'Accept-Encoding',
      'Request-Context',
      'appId=cid-v1:6788e55e-64df-42a4-86a4-3a2a15af6257',
      'X-Powered-By',
      'ASP.NET',
      'Strict-Transport-Security',
      'max-age=63072000; includeSubDomains; preload',
      'X-Content-Type-Options',
      'nosniff',
      'Content-Security-Policy',
      "default-src 'none';base-uri https://*.greatplacetowork.com https://*.emprising.com; connect-src 'self' https://dc.services.visualstudio.com wss://*.greatplacetowork.com wss://*.emprising.com https://*.greatplacetowork.com https://*.emprising.com;script-src 'self' 'unsafe-inline' https://platform.twitter.com/widgets.js https://ajax.aspnetcdn.com https://*.vo.msecnd.net https://*.greatplacetowork.com https://*.emprising.com 'report-sample'; img-src 'self'; style-src 'self' 'unsafe-inline' https://fonts.googleapis.com https://ajax.aspnetcdn.com https://*.greatplacetowork.com https://*.emprising.com;form-action 'self' https://login.windows.net https://login.microsoftonline.com https://*.greatplacetowork.com;font-src 'self' 'unsafe-inline' https://fonts.gstatic.com https://ajax.aspnetcdn.com; object-src 'none';frame-src https://platform.twitter.com https://*.greatplacetowork.com https://*.emprising.com;upgrade-insecure-requests; report-uri https://qa-elk.emprising.com/csp_reports;",
      'X-XSS-Protection',
      '1'
    ],
    trailers: {},
    rawTrailers: [],
    aborted: false,
    upgrade: false,
    url: '',
    method: null,
    statusCode: 200,
    statusMessage: 'OK',
    client: TLSSocket {
      _tlsOptions: [Object],
      _secureEstablished: true,
      _securePending: false,
      _newSessionPending: false,
      _controlReleased: true,
      secureConnecting: true,
      _SNICallback: null,
      servername: 'qa-login.greatplacetowork.com',
      alpnProtocol: false,
      authorized: true,
      authorizationError: null,
      encrypted: true,
      _events: [Object: null prototype],
      _eventsCount: 9,
      connecting: false,
      _hadError: false,
      _parent: null,
      _host: 'qa-login.greatplacetowork.com',
      _readableState: [ReadableState],
      readable: false,
      _maxListeners: undefined,
      _writableState: [WritableState],
      writable: false,
      allowHalfOpen: false,
      _sockname: null,
      _pendingData: null,
      _pendingEncoding: '',
      server: undefined,
      _server: null,
      ssl: null,
      _requestCert: true,
      _rejectUnauthorized: true,
      parser: null,
      _httpMessage: [ClientRequest],
      [Symbol(res)]: null,
      [Symbol(verified)]: true,
      [Symbol(pendingSession)]: null,
      [Symbol(asyncId)]: 83,
      [Symbol(kHandle)]: null,
      [Symbol(kSetNoDelay)]: true,
      [Symbol(lastWriteQueueSize)]: 0,
      [Symbol(timeout)]: null,
      [Symbol(kBuffer)]: null,
      [Symbol(kBufferCb)]: null,
      [Symbol(kBufferGen)]: null,
      [Symbol(kCapture)]: false,
      [Symbol(kBytesRead)]: 3035,
      [Symbol(kBytesWritten)]: 390,
      [Symbol(connect-options)]: [Object]
    },
    _consuming: false,
    _dumped: false,
    req: ClientRequest {
      _events: [Object: null prototype],
      _eventsCount: 3,
      _maxListeners: undefined,
      outputData: [],
      outputSize: 0,
      writable: true,
      _last: true,
      chunkedEncoding: false,
      shouldKeepAlive: false,
      useChunkedEncodingByDefault: true,
      sendDate: false,
      _removedConnection: false,
      _removedContLen: false,
      _removedTE: false,
      _contentLength: 191,
      _hasBody: true,
      _trailer: '',
      finished: true,
      _headerSent: true,
      socket: [TLSSocket],
      connection: [TLSSocket],
      _header: 'POST /identity/connect/token HTTP/1.1\r\n' +
        'Host: qa-login.greatplacetowork.com\r\n' +
        'Accept-Encoding: gzip, deflate\r\n' +
        'Content-Type: application/x-www-form-urlencoded\r\n' +
        'Content-Length: 191\r\n' +
        'Connection: close\r\n' +
        '\r\n',
      _onPendingData: [Function: noopPendingOutput],
      agent: [Agent],
      socketPath: undefined,
      method: 'POST',
      insecureHTTPParser: undefined,
      path: '/identity/connect/token',
      _ended: true,
      res: [Circular],
      aborted: false,
      timeoutCb: null,
      upgradeOrConnect: false,
      parser: null,
      maxHeadersCount: null,
      reusedSocket: false,
      [Symbol(kCapture)]: false,
      [Symbol(kNeedDrain)]: false,
      [Symbol(corked)]: 0,
      [Symbol(kOutHeaders)]: [Object: null prototype]
    },
    setEncoding: [Function],
    on: [Function],
    text: '{"access_token":"eyJhbGciOiJSUzI1NiIsImtpZCI6IjJFNUI2M0Q1QTcxQTU5NzZEMTNDNUVBNTEwOTk2MkMzMjgyMzJFMDAiLCJ0eXAiOiJKV1QiLCJ4NXQiOiJMbHRqMWFjYVdYYlJQRjZsRUpsaXd5Z2pMZ0EifQ.eyJuYmYiOjE2NTIwMjE4NDEsImV4cCI6MTY1MjA1MDY0MSwiaXNzIjoiaHR0cHM6Ly9xYS1sb2dpbi5ncmVhdHBsYWNldG93b3JrLmNvbS9pZGVudGl0eS8iLCJhdWQiOiJodHRwczovL3FhLWxvZ2luLmdyZWF0cGxhY2V0b3dvcmsuY29tL2lkZW50aXR5L3Jlc291cmNlcyIsImNsaWVudF9pZCI6IkdwdHdQb3J0YWxDTVAiLCJzdWIiOiI0NmQ3NWQ3OS0zOWU2LTQ1NzUtOGE5ZS1kYTRlYzk5ZWEzMjIiLCJhdXRoX3RpbWUiOjE2NTIwMjE4NDEsImlkcCI6ImxvY2FsIiwic2NvcGUiOlsiYWxsX2NsYWltcyIsImVtYWlsIiwiR3B0d0NsaWVudExvZ2luU2NvcGUiLCJvcGVuaWQiLCJwcm9maWxlIl0sImFtciI6WyJwd2QiXX0.gswvTEktc794J52qDhUbPL1ua1RK8hXfO7cKFCKPJowOYTzlQegnjxrxcI8kOi6pMORtD-TJyrEWQRqiToXpBsCKJDqSGtOi-1yRbGhrksPvkl4V-KVmPwiU3JR6CtHqCT3fBa5ThhXX1Iu0NgJxGzUo6Z5lb6H8h-NwvIUWbyvc0AyNXnkf7ilJCcgxNJt4i3cSvuQD44xbQ_-fSGGb80QX-cQ1fHJolBE4V8S-wC0SUYYQuiPOETVNphBadQdB8yHJP-UCGd4q9SrWR9h4rjoahGv8gd_V93MXwPM-kXTh2g8f5I2J8ZLzCSgLmBtN6oldpml_zoFbW1BIXiDWyQ","expires_in":28800,"token_type":"Bearer","scope":"all_claims email GptwClientLoginScope openid profile"}',
    [Symbol(kCapture)]: false
  },
  request: Test {
    _events: [Object: null prototype] { abort: [Function] },
    _eventsCount: 1,
    _maxListeners: undefined,
    _enableHttp2: false,
    _agent: false,
    _formData: null,
    method: 'POST',
    url: 'https://qa-login.greatplacetowork.com/identity/connect/token',
    _header: { 'content-type': 'application/x-www-form-urlencoded' },
    header: { 'Content-Type': 'application/x-www-form-urlencoded' },
    writable: true,
    _redirects: 0,
    _maxRedirects: 0,
    cookies: '',
    qs: {},
    _query: [],
    qsRaw: [],
    _redirectList: [],
    _streamRequest: false,
    _buffer: true,
    app: 'https://qa-login.greatplacetowork.com/identity/connect/token',
    _asserts: [ [Function] ],
    _data: 'grant_type=password&scope=openid GptwClientLoginScope all_claims profile email&username=nemanja.mircic%2B1133%40htecgroup.com&password=Nemanja123!&client_id=GptwPortalCMP&client_secret=secret',
    req: ClientRequest {
      _events: [Object: null prototype],
      _eventsCount: 3,
      _maxListeners: undefined,
      outputData: [],
      outputSize: 0,
      writable: true,
      _last: true,
      chunkedEncoding: false,
      shouldKeepAlive: false,
      useChunkedEncodingByDefault: true,
      sendDate: false,
      _removedConnection: false,
      _removedContLen: false,
      _removedTE: false,
      _contentLength: 191,
      _hasBody: true,
      _trailer: '',
      finished: true,
      _headerSent: true,
      socket: [TLSSocket],
      connection: [TLSSocket],
      _header: 'POST /identity/connect/token HTTP/1.1\r\n' +
        'Host: qa-login.greatplacetowork.com\r\n' +
        'Accept-Encoding: gzip, deflate\r\n' +
        'Content-Type: application/x-www-form-urlencoded\r\n' +
        'Content-Length: 191\r\n' +
        'Connection: close\r\n' +
        '\r\n',
      _onPendingData: [Function: noopPendingOutput],
      agent: [Agent],
      socketPath: undefined,
      method: 'POST',
      insecureHTTPParser: undefined,
      path: '/identity/connect/token',
      _ended: true,
      res: [IncomingMessage],
      aborted: false,
      timeoutCb: null,
      upgradeOrConnect: false,
      parser: null,
      maxHeadersCount: null,
      reusedSocket: false,
      [Symbol(kCapture)]: false,
      [Symbol(kNeedDrain)]: false,
      [Symbol(corked)]: 0,
      [Symbol(kOutHeaders)]: [Object: null prototype]
    },
    protocol: 'https:',
    host: 'qa-login.greatplacetowork.com',
    _endCalled: true,
    _callback: [Function],
    _fullfilledPromise: Promise { [Circular] },
    res: IncomingMessage {
      _readableState: [ReadableState],
      readable: false,
      _events: [Object: null prototype],
      _eventsCount: 3,
      _maxListeners: undefined,
      socket: [TLSSocket],
      connection: [TLSSocket],
      httpVersionMajor: 1,
      httpVersionMinor: 1,
      httpVersion: '1.1',
      complete: true,
      headers: [Object],
      rawHeaders: [Array],
      trailers: {},
      rawTrailers: [],
      aborted: false,
      upgrade: false,
      url: '',
      method: null,
      statusCode: 200,
      statusMessage: 'OK',
      client: [TLSSocket],
      _consuming: false,
      _dumped: false,
      req: [ClientRequest],
      setEncoding: [Function],
      on: [Function],
      text: '{"access_token":"eyJhbGciOiJSUzI1NiIsImtpZCI6IjJFNUI2M0Q1QTcxQTU5NzZEMTNDNUVBNTEwOTk2MkMzMjgyMzJFMDAiLCJ0eXAiOiJKV1QiLCJ4NXQiOiJMbHRqMWFjYVdYYlJQRjZsRUpsaXd5Z2pMZ0EifQ.eyJuYmYiOjE2NTIwMjE4NDEsImV4cCI6MTY1MjA1MDY0MSwiaXNzIjoiaHR0cHM6Ly9xYS1sb2dpbi5ncmVhdHBsYWNldG93b3JrLmNvbS9pZGVudGl0eS8iLCJhdWQiOiJodHRwczovL3FhLWxvZ2luLmdyZWF0cGxhY2V0b3dvcmsuY29tL2lkZW50aXR5L3Jlc291cmNlcyIsImNsaWVudF9pZCI6IkdwdHdQb3J0YWxDTVAiLCJzdWIiOiI0NmQ3NWQ3OS0zOWU2LTQ1NzUtOGE5ZS1kYTRlYzk5ZWEzMjIiLCJhdXRoX3RpbWUiOjE2NTIwMjE4NDEsImlkcCI6ImxvY2FsIiwic2NvcGUiOlsiYWxsX2NsYWltcyIsImVtYWlsIiwiR3B0d0NsaWVudExvZ2luU2NvcGUiLCJvcGVuaWQiLCJwcm9maWxlIl0sImFtciI6WyJwd2QiXX0.gswvTEktc794J52qDhUbPL1ua1RK8hXfO7cKFCKPJowOYTzlQegnjxrxcI8kOi6pMORtD-TJyrEWQRqiToXpBsCKJDqSGtOi-1yRbGhrksPvkl4V-KVmPwiU3JR6CtHqCT3fBa5ThhXX1Iu0NgJxGzUo6Z5lb6H8h-NwvIUWbyvc0AyNXnkf7ilJCcgxNJt4i3cSvuQD44xbQ_-fSGGb80QX-cQ1fHJolBE4V8S-wC0SUYYQuiPOETVNphBadQdB8yHJP-UCGd4q9SrWR9h4rjoahGv8gd_V93MXwPM-kXTh2g8f5I2J8ZLzCSgLmBtN6oldpml_zoFbW1BIXiDWyQ","expires_in":28800,"token_type":"Bearer","scope":"all_claims email GptwClientLoginScope openid profile"}',
      [Symbol(kCapture)]: false
    },
    _resBuffered: true,
    response: [Circular],
    called: true,
    [Symbol(kCapture)]: false
  },
  req: ClientRequest {
    _events: [Object: null prototype] {
      drain: [Function],
      error: [Function],
      prefinish: [Function: requestOnPrefinish]
    },
    _eventsCount: 3,
    _maxListeners: undefined,
    outputData: [],
    outputSize: 0,
    writable: true,
    _last: true,
    chunkedEncoding: false,
    shouldKeepAlive: false,
    useChunkedEncodingByDefault: true,
    sendDate: false,
    _removedConnection: false,
    _removedContLen: false,
    _removedTE: false,
    _contentLength: 191,
    _hasBody: true,
    _trailer: '',
    finished: true,
    _headerSent: true,
    socket: TLSSocket {
      _tlsOptions: [Object],
      _secureEstablished: true,
      _securePending: false,
      _newSessionPending: false,
      _controlReleased: true,
      secureConnecting: true,
      _SNICallback: null,
      servername: 'qa-login.greatplacetowork.com',
      alpnProtocol: false,
      authorized: true,
      authorizationError: null,
      encrypted: true,
      _events: [Object: null prototype],
      _eventsCount: 9,
      connecting: false,
      _hadError: false,
      _parent: null,
      _host: 'qa-login.greatplacetowork.com',
      _readableState: [ReadableState],
      readable: false,
      _maxListeners: undefined,
      _writableState: [WritableState],
      writable: false,
      allowHalfOpen: false,
      _sockname: null,
      _pendingData: null,
      _pendingEncoding: '',
      server: undefined,
      _server: null,
      ssl: null,
      _requestCert: true,
      _rejectUnauthorized: true,
      parser: null,
      _httpMessage: [Circular],
      [Symbol(res)]: null,
      [Symbol(verified)]: true,
      [Symbol(pendingSession)]: null,
      [Symbol(asyncId)]: 83,
      [Symbol(kHandle)]: null,
      [Symbol(kSetNoDelay)]: true,
      [Symbol(lastWriteQueueSize)]: 0,
      [Symbol(timeout)]: null,
      [Symbol(kBuffer)]: null,
      [Symbol(kBufferCb)]: null,
      [Symbol(kBufferGen)]: null,
      [Symbol(kCapture)]: false,
      [Symbol(kBytesRead)]: 3035,
      [Symbol(kBytesWritten)]: 390,
      [Symbol(connect-options)]: [Object]
    },
    connection: TLSSocket {
      _tlsOptions: [Object],
      _secureEstablished: true,
      _securePending: false,
      _newSessionPending: false,
      _controlReleased: true,
      secureConnecting: true,
      _SNICallback: null,
      servername: 'qa-login.greatplacetowork.com',
      alpnProtocol: false,
      authorized: true,
      authorizationError: null,
      encrypted: true,
      _events: [Object: null prototype],
      _eventsCount: 9,
      connecting: false,
      _hadError: false,
      _parent: null,
      _host: 'qa-login.greatplacetowork.com',
      _readableState: [ReadableState],
      readable: false,
      _maxListeners: undefined,
      _writableState: [WritableState],
      writable: false,
      allowHalfOpen: false,
      _sockname: null,
      _pendingData: null,
      _pendingEncoding: '',
      server: undefined,
      _server: null,
      ssl: null,
      _requestCert: true,
      _rejectUnauthorized: true,
      parser: null,
      _httpMessage: [Circular],
      [Symbol(res)]: null,
      [Symbol(verified)]: true,
      [Symbol(pendingSession)]: null,
      [Symbol(asyncId)]: 83,
      [Symbol(kHandle)]: null,
      [Symbol(kSetNoDelay)]: true,
      [Symbol(lastWriteQueueSize)]: 0,
      [Symbol(timeout)]: null,
      [Symbol(kBuffer)]: null,
      [Symbol(kBufferCb)]: null,
      [Symbol(kBufferGen)]: null,
      [Symbol(kCapture)]: false,
      [Symbol(kBytesRead)]: 3035,
      [Symbol(kBytesWritten)]: 390,
      [Symbol(connect-options)]: [Object]
    },
    _header: 'POST /identity/connect/token HTTP/1.1\r\n' +
      'Host: qa-login.greatplacetowork.com\r\n' +
      'Accept-Encoding: gzip, deflate\r\n' +
      'Content-Type: application/x-www-form-urlencoded\r\n' +
      'Content-Length: 191\r\n' +
      'Connection: close\r\n' +
      '\r\n',
    _onPendingData: [Function: noopPendingOutput],
    agent: Agent {
      _events: [Object: null prototype],
      _eventsCount: 2,
      _maxListeners: undefined,
      defaultPort: 443,
      protocol: 'https:',
      options: [Object],
      requests: {},
      sockets: {},
      freeSockets: {},
      keepAliveMsecs: 1000,
      keepAlive: false,
      maxSockets: Infinity,
      maxFreeSockets: 256,
      maxCachedSessions: 100,
      _sessionCache: [Object],
      [Symbol(kCapture)]: false
    },
    socketPath: undefined,
    method: 'POST',
    insecureHTTPParser: undefined,
    path: '/identity/connect/token',
    _ended: true,
    res: IncomingMessage {
      _readableState: [ReadableState],
      readable: false,
      _events: [Object: null prototype],
      _eventsCount: 3,
      _maxListeners: undefined,
      socket: [TLSSocket],
      connection: [TLSSocket],
      httpVersionMajor: 1,
      httpVersionMinor: 1,
      httpVersion: '1.1',
      complete: true,
      headers: [Object],
      rawHeaders: [Array],
      trailers: {},
      rawTrailers: [],
      aborted: false,
      upgrade: false,
      url: '',
      method: null,
      statusCode: 200,
      statusMessage: 'OK',
      client: [TLSSocket],
      _consuming: false,
      _dumped: false,
      req: [Circular],
      setEncoding: [Function],
      on: [Function],
      text: '{"access_token":"eyJhbGciOiJSUzI1NiIsImtpZCI6IjJFNUI2M0Q1QTcxQTU5NzZEMTNDNUVBNTEwOTk2MkMzMjgyMzJFMDAiLCJ0eXAiOiJKV1QiLCJ4NXQiOiJMbHRqMWFjYVdYYlJQRjZsRUpsaXd5Z2pMZ0EifQ.eyJuYmYiOjE2NTIwMjE4NDEsImV4cCI6MTY1MjA1MDY0MSwiaXNzIjoiaHR0cHM6Ly9xYS1sb2dpbi5ncmVhdHBsYWNldG93b3JrLmNvbS9pZGVudGl0eS8iLCJhdWQiOiJodHRwczovL3FhLWxvZ2luLmdyZWF0cGxhY2V0b3dvcmsuY29tL2lkZW50aXR5L3Jlc291cmNlcyIsImNsaWVudF9pZCI6IkdwdHdQb3J0YWxDTVAiLCJzdWIiOiI0NmQ3NWQ3OS0zOWU2LTQ1NzUtOGE5ZS1kYTRlYzk5ZWEzMjIiLCJhdXRoX3RpbWUiOjE2NTIwMjE4NDEsImlkcCI6ImxvY2FsIiwic2NvcGUiOlsiYWxsX2NsYWltcyIsImVtYWlsIiwiR3B0d0NsaWVudExvZ2luU2NvcGUiLCJvcGVuaWQiLCJwcm9maWxlIl0sImFtciI6WyJwd2QiXX0.gswvTEktc794J52qDhUbPL1ua1RK8hXfO7cKFCKPJowOYTzlQegnjxrxcI8kOi6pMORtD-TJyrEWQRqiToXpBsCKJDqSGtOi-1yRbGhrksPvkl4V-KVmPwiU3JR6CtHqCT3fBa5ThhXX1Iu0NgJxGzUo6Z5lb6H8h-NwvIUWbyvc0AyNXnkf7ilJCcgxNJt4i3cSvuQD44xbQ_-fSGGb80QX-cQ1fHJolBE4V8S-wC0SUYYQuiPOETVNphBadQdB8yHJP-UCGd4q9SrWR9h4rjoahGv8gd_V93MXwPM-kXTh2g8f5I2J8ZLzCSgLmBtN6oldpml_zoFbW1BIXiDWyQ","expires_in":28800,"token_type":"Bearer","scope":"all_claims email GptwClientLoginScope openid profile"}',
      [Symbol(kCapture)]: false
    },
    aborted: false,
    timeoutCb: null,
    upgradeOrConnect: false,
    parser: null,
    maxHeadersCount: null,
    reusedSocket: false,
    [Symbol(kCapture)]: false,
    [Symbol(kNeedDrain)]: false,
    [Symbol(corked)]: 0,
    [Symbol(kOutHeaders)]: [Object: null prototype] {
      host: [Array],
      'accept-encoding': [Array],
      'content-type': [Array],
      'content-length': [Array]
    }
  },
  text: '{"access_token":"eyJhbGciOiJSUzI1NiIsImtpZCI6IjJFNUI2M0Q1QTcxQTU5NzZEMTNDNUVBNTEwOTk2MkMzMjgyMzJFMDAiLCJ0eXAiOiJKV1QiLCJ4NXQiOiJMbHRqMWFjYVdYYlJQRjZsRUpsaXd5Z2pMZ0EifQ.eyJuYmYiOjE2NTIwMjE4NDEsImV4cCI6MTY1MjA1MDY0MSwiaXNzIjoiaHR0cHM6Ly9xYS1sb2dpbi5ncmVhdHBsYWNldG93b3JrLmNvbS9pZGVudGl0eS8iLCJhdWQiOiJodHRwczovL3FhLWxvZ2luLmdyZWF0cGxhY2V0b3dvcmsuY29tL2lkZW50aXR5L3Jlc291cmNlcyIsImNsaWVudF9pZCI6IkdwdHdQb3J0YWxDTVAiLCJzdWIiOiI0NmQ3NWQ3OS0zOWU2LTQ1NzUtOGE5ZS1kYTRlYzk5ZWEzMjIiLCJhdXRoX3RpbWUiOjE2NTIwMjE4NDEsImlkcCI6ImxvY2FsIiwic2NvcGUiOlsiYWxsX2NsYWltcyIsImVtYWlsIiwiR3B0d0NsaWVudExvZ2luU2NvcGUiLCJvcGVuaWQiLCJwcm9maWxlIl0sImFtciI6WyJwd2QiXX0.gswvTEktc794J52qDhUbPL1ua1RK8hXfO7cKFCKPJowOYTzlQegnjxrxcI8kOi6pMORtD-TJyrEWQRqiToXpBsCKJDqSGtOi-1yRbGhrksPvkl4V-KVmPwiU3JR6CtHqCT3fBa5ThhXX1Iu0NgJxGzUo6Z5lb6H8h-NwvIUWbyvc0AyNXnkf7ilJCcgxNJt4i3cSvuQD44xbQ_-fSGGb80QX-cQ1fHJolBE4V8S-wC0SUYYQuiPOETVNphBadQdB8yHJP-UCGd4q9SrWR9h4rjoahGv8gd_V93MXwPM-kXTh2g8f5I2J8ZLzCSgLmBtN6oldpml_zoFbW1BIXiDWyQ","expires_in":28800,"token_type":"Bearer","scope":"all_claims email GptwClientLoginScope openid profile"}',
  body: {
    access_token: 'eyJhbGciOiJSUzI1NiIsImtpZCI6IjJFNUI2M0Q1QTcxQTU5NzZEMTNDNUVBNTEwOTk2MkMzMjgyMzJFMDAiLCJ0eXAiOiJKV1QiLCJ4NXQiOiJMbHRqMWFjYVdYYlJQRjZsRUpsaXd5Z2pMZ0EifQ.eyJuYmYiOjE2NTIwMjE4NDEsImV4cCI6MTY1MjA1MDY0MSwiaXNzIjoiaHR0cHM6Ly9xYS1sb2dpbi5ncmVhdHBsYWNldG93b3JrLmNvbS9pZGVudGl0eS8iLCJhdWQiOiJodHRwczovL3FhLWxvZ2luLmdyZWF0cGxhY2V0b3dvcmsuY29tL2lkZW50aXR5L3Jlc291cmNlcyIsImNsaWVudF9pZCI6IkdwdHdQb3J0YWxDTVAiLCJzdWIiOiI0NmQ3NWQ3OS0zOWU2LTQ1NzUtOGE5ZS1kYTRlYzk5ZWEzMjIiLCJhdXRoX3RpbWUiOjE2NTIwMjE4NDEsImlkcCI6ImxvY2FsIiwic2NvcGUiOlsiYWxsX2NsYWltcyIsImVtYWlsIiwiR3B0d0NsaWVudExvZ2luU2NvcGUiLCJvcGVuaWQiLCJwcm9maWxlIl0sImFtciI6WyJwd2QiXX0.gswvTEktc794J52qDhUbPL1ua1RK8hXfO7cKFCKPJowOYTzlQegnjxrxcI8kOi6pMORtD-TJyrEWQRqiToXpBsCKJDqSGtOi-1yRbGhrksPvkl4V-KVmPwiU3JR6CtHqCT3fBa5ThhXX1Iu0NgJxGzUo6Z5lb6H8h-NwvIUWbyvc0AyNXnkf7ilJCcgxNJt4i3cSvuQD44xbQ_-fSGGb80QX-cQ1fHJolBE4V8S-wC0SUYYQuiPOETVNphBadQdB8yHJP-UCGd4q9SrWR9h4rjoahGv8gd_V93MXwPM-kXTh2g8f5I2J8ZLzCSgLmBtN6oldpml_zoFbW1BIXiDWyQ',
    expires_in: 28800,
    token_type: 'Bearer',
    scope: 'all_claims email GptwClientLoginScope openid profile'
  },
  files: undefined,
  buffered: true,
  headers: {
    date: 'Sun, 08 May 2022 14:57:21 GMT',
    'content-type': 'application/json; charset=utf-8',
    'content-length': '1195',
    connection: 'close',
    server: 'Microsoft-IIS/10.0',
    'cache-control': 'no-store, no-cache, max-age=0',
    'content-encoding': 'gzip',
    pragma: 'no-cache',
    'set-cookie': [
      'ARRAffinity=2796f7188e8db6496639c7f92b4305cd5a1535d76ca0187e83794f06c54193a7;Path=/;HttpOnly;Secure;Domain=qa-login.greatplacetowork.com',
      'ARRAffinitySameSite=2796f7188e8db6496639c7f92b4305cd5a1535d76ca0187e83794f06c54193a7;Path=/;HttpOnly;SameSite=None;Secure;Domain=qa-login.greatplacetowork.com'
    ],
    vary: 'Accept-Encoding',
    'request-context': 'appId=cid-v1:6788e55e-64df-42a4-86a4-3a2a15af6257',
    'x-powered-by': 'ASP.NET',
    'strict-transport-security': 'max-age=63072000; includeSubDomains; preload',
    'x-content-type-options': 'nosniff',
    'content-security-policy': "default-src 'none';base-uri https://*.greatplacetowork.com https://*.emprising.com; connect-src 'self' https://dc.services.visualstudio.com wss://*.greatplacetowork.com wss://*.emprising.com https://*.greatplacetowork.com https://*.emprising.com;script-src 'self' 'unsafe-inline' https://platform.twitter.com/widgets.js https://ajax.aspnetcdn.com https://*.vo.msecnd.net https://*.greatplacetowork.com https://*.emprising.com 'report-sample'; img-src 'self'; style-src 'self' 'unsafe-inline' https://fonts.googleapis.com https://ajax.aspnetcdn.com https://*.greatplacetowork.com https://*.emprising.com;form-action 'self' https://login.windows.net https://login.microsoftonline.com https://*.greatplacetowork.com;font-src 'self' 'unsafe-inline' https://fonts.gstatic.com https://ajax.aspnetcdn.com; object-src 'none';frame-src https://platform.twitter.com https://*.greatplacetowork.com https://*.emprising.com;upgrade-insecure-requests; report-uri https://qa-elk.emprising.com/csp_reports;",
    'x-xss-protection': '1'
  },
  header: {
    date: 'Sun, 08 May 2022 14:57:21 GMT',
    'content-type': 'application/json; charset=utf-8',
    'content-length': '1195',
    connection: 'close',
    server: 'Microsoft-IIS/10.0',
    'cache-control': 'no-store, no-cache, max-age=0',
    'content-encoding': 'gzip',
    pragma: 'no-cache',
    'set-cookie': [
      'ARRAffinity=2796f7188e8db6496639c7f92b4305cd5a1535d76ca0187e83794f06c54193a7;Path=/;HttpOnly;Secure;Domain=qa-login.greatplacetowork.com',
      'ARRAffinitySameSite=2796f7188e8db6496639c7f92b4305cd5a1535d76ca0187e83794f06c54193a7;Path=/;HttpOnly;SameSite=None;Secure;Domain=qa-login.greatplacetowork.com'
    ],
    vary: 'Accept-Encoding',
    'request-context': 'appId=cid-v1:6788e55e-64df-42a4-86a4-3a2a15af6257',
    'x-powered-by': 'ASP.NET',
    'strict-transport-security': 'max-age=63072000; includeSubDomains; preload',
    'x-content-type-options': 'nosniff',
    'content-security-policy': "default-src 'none';base-uri https://*.greatplacetowork.com https://*.emprising.com; connect-src 'self' https://dc.services.visualstudio.com wss://*.greatplacetowork.com wss://*.emprising.com https://*.greatplacetowork.com https://*.emprising.com;script-src 'self' 'unsafe-inline' https://platform.twitter.com/widgets.js https://ajax.aspnetcdn.com https://*.vo.msecnd.net https://*.greatplacetowork.com https://*.emprising.com 'report-sample'; img-src 'self'; style-src 'self' 'unsafe-inline' https://fonts.googleapis.com https://ajax.aspnetcdn.com https://*.greatplacetowork.com https://*.emprising.com;form-action 'self' https://login.windows.net https://login.microsoftonline.com https://*.greatplacetowork.com;font-src 'self' 'unsafe-inline' https://fonts.gstatic.com https://ajax.aspnetcdn.com; object-src 'none';frame-src https://platform.twitter.com https://*.greatplacetowork.com https://*.emprising.com;upgrade-insecure-requests; report-uri https://qa-elk.emprising.com/csp_reports;",
    'x-xss-protection': '1'
  },
  statusCode: 200,
  status: 200,
  statusType: 2,
  info: false,
  ok: true,
  redirect: false,
  clientError: false,
  serverError: false,
  error: false,
  created: false,
  accepted: false,
  noContent: false,
  badRequest: false,
  unauthorized: false,
  notAcceptable: false,
  forbidden: false,
  notFound: false,
  unprocessableEntity: false,
  type: 'application/json',
  charset: 'utf-8',
  links: {},
  setEncoding: [Function: bound ],
  redirects: [],
  pipe: [Function],
  [Symbol(kCapture)]: false
}
